{"numFailedTestSuites":0,"numFailedTests":0,"numPassedTestSuites":16,"numPassedTests":409,"numPendingTestSuites":0,"numPendingTests":0,"numRuntimeErrorTestSuites":0,"numTodoTests":0,"numTotalTestSuites":16,"numTotalTests":409,"openHandles":[],"snapshot":{"added":0,"didUpdate":false,"failure":false,"filesAdded":0,"filesRemoved":0,"filesRemovedList":[],"filesUnmatched":0,"filesUpdated":0,"matched":0,"total":0,"unchecked":0,"uncheckedKeysByFile":[],"unmatched":0,"updated":0},"startTime":1768188223718,"success":true,"testResults":[{"assertionResults":[{"ancestorTitles":["XIssueItem","constructor"],"duration":7,"failing":false,"failureDetails":[],"failureMessages":[],"fullName":"XIssueItem constructor should create issue with all parameters","invocations":1,"location":null,"numPassingAsserts":5,"retryReasons":[],"startAt":1768188225981,"status":"passed","title":"should create issue with all parameters"},{"ancestorTitles":["XIssueItem","constructor"],"duration":0,"failing":false,"failureDetails":[],"failureMessages":[],"fullName":"XIssueItem constructor should create issue without PropertyID","invocations":1,"location":null,"numPassingAsserts":1,"retryReasons":[],"startAt":1768188225989,"status":"passed","title":"should create issue without PropertyID"},{"ancestorTitles":["XIssueItem","SeverityText"],"duration":1,"failing":false,"failureDetails":[],"failureMessages":[],"fullName":"XIssueItem SeverityText should return \"Error\" for Error severity","invocations":1,"location":null,"numPassingAsserts":1,"retryReasons":[],"startAt":1768188225989,"status":"passed","title":"should return \"Error\" for Error severity"},{"ancestorTitles":["XIssueItem","SeverityText"],"duration":0,"failing":false,"failureDetails":[],"failureMessages":[],"fullName":"XIssueItem SeverityText should return \"Warning\" for Warning severity","invocations":1,"location":null,"numPassingAsserts":1,"retryReasons":[],"startAt":1768188225990,"status":"passed","title":"should return \"Warning\" for Warning severity"},{"ancestorTitles":["XIssueItem","SeverityText"],"duration":1,"failing":false,"failureDetails":[],"failureMessages":[],"fullName":"XIssueItem SeverityText should return \"Info\" for Info severity","invocations":1,"location":null,"numPassingAsserts":1,"retryReasons":[],"startAt":1768188225990,"status":"passed","title":"should return \"Info\" for Info severity"},{"ancestorTitles":["XIssueItem","Icon"],"duration":1,"failing":false,"failureDetails":[],"failureMessages":[],"fullName":"XIssueItem Icon should return \"error\" icon for Error severity","invocations":1,"location":null,"numPassingAsserts":1,"retryReasons":[],"startAt":1768188225991,"status":"passed","title":"should return \"error\" icon for Error severity"},{"ancestorTitles":["XIssueItem","Icon"],"duration":0,"failing":false,"failureDetails":[],"failureMessages":[],"fullName":"XIssueItem Icon should return \"warning\" icon for Warning severity","invocations":1,"location":null,"numPassingAsserts":1,"retryReasons":[],"startAt":1768188225992,"status":"passed","title":"should return \"warning\" icon for Warning severity"},{"ancestorTitles":["XIssueItem","Icon"],"duration":1,"failing":false,"failureDetails":[],"failureMessages":[],"fullName":"XIssueItem Icon should return \"info\" icon for Info severity","invocations":1,"location":null,"numPassingAsserts":1,"retryReasons":[],"startAt":1768188225992,"status":"passed","title":"should return \"info\" icon for Info severity"},{"ancestorTitles":["XIssueSeverity"],"duration":1,"failing":false,"failureDetails":[],"failureMessages":[],"fullName":"XIssueSeverity should have correct values","invocations":1,"location":null,"numPassingAsserts":3,"retryReasons":[],"startAt":1768188225993,"status":"passed","title":"should have correct values"}],"endTime":1768188225995,"message":"","name":"D:\\Tootega\\Source\\DASE50\\DASE\\src\\__tests__\\Models\\IssueItem.test.ts","startTime":1768188224292,"status":"passed","summary":""},{"assertionResults":[{"ancestorTitles":["XPropertyItem","constructor"],"duration":7,"failing":false,"failureDetails":[],"failureMessages":[],"fullName":"XPropertyItem constructor should create property with minimum parameters","invocations":1,"location":null,"numPassingAsserts":7,"retryReasons":[],"startAt":1768188226012,"status":"passed","title":"should create property with minimum parameters"},{"ancestorTitles":["XPropertyItem","constructor"],"duration":1,"failing":false,"failureDetails":[],"failureMessages":[],"fullName":"XPropertyItem constructor should create property with custom type","invocations":1,"location":null,"numPassingAsserts":1,"retryReasons":[],"startAt":1768188226019,"status":"passed","title":"should create property with custom type"},{"ancestorTitles":["XPropertyItem","constructor"],"duration":1,"failing":false,"failureDetails":[],"failureMessages":[],"fullName":"XPropertyItem constructor should create property with options for Enum type","invocations":1,"location":null,"numPassingAsserts":2,"retryReasons":[],"startAt":1768188226020,"status":"passed","title":"should create property with options for Enum type"},{"ancestorTitles":["XPropertyItem","constructor"],"duration":1,"failing":false,"failureDetails":[],"failureMessages":[],"fullName":"XPropertyItem constructor should handle boolean values","invocations":1,"location":null,"numPassingAsserts":2,"retryReasons":[],"startAt":1768188226021,"status":"passed","title":"should handle boolean values"},{"ancestorTitles":["XPropertyItem","constructor"],"duration":1,"failing":false,"failureDetails":[],"failureMessages":[],"fullName":"XPropertyItem constructor should handle null value","invocations":1,"location":null,"numPassingAsserts":1,"retryReasons":[],"startAt":1768188226022,"status":"passed","title":"should handle null value"},{"ancestorTitles":["XPropertyItem","properties"],"duration":0,"failing":false,"failureDetails":[],"failureMessages":[],"fullName":"XPropertyItem properties should allow modification of IsReadOnly","invocations":1,"location":null,"numPassingAsserts":1,"retryReasons":[],"startAt":1768188226023,"status":"passed","title":"should allow modification of IsReadOnly"},{"ancestorTitles":["XPropertyItem","properties"],"duration":1,"failing":false,"failureDetails":[],"failureMessages":[],"fullName":"XPropertyItem properties should allow modification of Category","invocations":1,"location":null,"numPassingAsserts":1,"retryReasons":[],"startAt":1768188226023,"status":"passed","title":"should allow modification of Category"},{"ancestorTitles":["XPropertyItem","properties"],"duration":0,"failing":false,"failureDetails":[],"failureMessages":[],"fullName":"XPropertyItem properties should allow modification of Value","invocations":1,"location":null,"numPassingAsserts":1,"retryReasons":[],"startAt":1768188226024,"status":"passed","title":"should allow modification of Value"},{"ancestorTitles":["XPropertyType"],"duration":0,"failing":false,"failureDetails":[],"failureMessages":[],"fullName":"XPropertyType should have correct values","invocations":1,"location":null,"numPassingAsserts":6,"retryReasons":[],"startAt":1768188226025,"status":"passed","title":"should have correct values"}],"endTime":1768188226027,"message":"","name":"D:\\Tootega\\Source\\DASE50\\DASE\\src\\__tests__\\Models\\PropertyItem.test.ts","startTime":1768188224275,"status":"passed","summary":""},{"assertionResults":[{"ancestorTitles":["XDesignerMessageType","constants"],"duration":5,"failing":false,"failureDetails":[],"failureMessages":[],"fullName":"XDesignerMessageType constants should have DesignerReady message type","invocations":1,"location":null,"numPassingAsserts":1,"retryReasons":[],"startAt":1768188225955,"status":"passed","title":"should have DesignerReady message type"},{"ancestorTitles":["XDesignerMessageType","constants"],"duration":23,"failing":false,"failureDetails":[],"failureMessages":[],"fullName":"XDesignerMessageType constants should have LoadModel message type","invocations":1,"location":null,"numPassingAsserts":1,"retryReasons":[],"startAt":1768188225961,"status":"passed","title":"should have LoadModel message type"},{"ancestorTitles":["XDesignerMessageType","constants"],"duration":0,"failing":false,"failureDetails":[],"failureMessages":[],"fullName":"XDesignerMessageType constants should have ModelLoaded message type","invocations":1,"location":null,"numPassingAsserts":1,"retryReasons":[],"startAt":1768188225984,"status":"passed","title":"should have ModelLoaded message type"},{"ancestorTitles":["XDesignerMessageType","constants"],"duration":1,"failing":false,"failureDetails":[],"failureMessages":[],"fullName":"XDesignerMessageType constants should have SaveModel message type","invocations":1,"location":null,"numPassingAsserts":1,"retryReasons":[],"startAt":1768188225984,"status":"passed","title":"should have SaveModel message type"},{"ancestorTitles":["XDesignerMessageType","constants"],"duration":1,"failing":false,"failureDetails":[],"failureMessages":[],"fullName":"XDesignerMessageType constants should have SelectElement message type","invocations":1,"location":null,"numPassingAsserts":1,"retryReasons":[],"startAt":1768188225985,"status":"passed","title":"should have SelectElement message type"},{"ancestorTitles":["XDesignerMessageType","constants"],"duration":0,"failing":false,"failureDetails":[],"failureMessages":[],"fullName":"XDesignerMessageType constants should have SelectionChanged message type","invocations":1,"location":null,"numPassingAsserts":1,"retryReasons":[],"startAt":1768188225986,"status":"passed","title":"should have SelectionChanged message type"},{"ancestorTitles":["XDesignerMessageType","constants"],"duration":0,"failing":false,"failureDetails":[],"failureMessages":[],"fullName":"XDesignerMessageType constants should have AddTable message type","invocations":1,"location":null,"numPassingAsserts":1,"retryReasons":[],"startAt":1768188225986,"status":"passed","title":"should have AddTable message type"},{"ancestorTitles":["XDesignerMessageType","constants"],"duration":15,"failing":false,"failureDetails":[],"failureMessages":[],"fullName":"XDesignerMessageType constants should have MoveElement message type","invocations":1,"location":null,"numPassingAsserts":1,"retryReasons":[],"startAt":1768188225986,"status":"passed","title":"should have MoveElement message type"},{"ancestorTitles":["XDesignerMessageType","constants"],"duration":1,"failing":false,"failureDetails":[],"failureMessages":[],"fullName":"XDesignerMessageType constants should have DragDropAddRelation message type","invocations":1,"location":null,"numPassingAsserts":1,"retryReasons":[],"startAt":1768188226001,"status":"passed","title":"should have DragDropAddRelation message type"},{"ancestorTitles":["XDesignerMessageType","constants"],"duration":1,"failing":false,"failureDetails":[],"failureMessages":[],"fullName":"XDesignerMessageType constants should have DeleteSelected message type","invocations":1,"location":null,"numPassingAsserts":1,"retryReasons":[],"startAt":1768188226002,"status":"passed","title":"should have DeleteSelected message type"},{"ancestorTitles":["XDesignerMessageType","constants"],"duration":0,"failing":false,"failureDetails":[],"failureMessages":[],"fullName":"XDesignerMessageType constants should have RenameSelected message type","invocations":1,"location":null,"numPassingAsserts":1,"retryReasons":[],"startAt":1768188226004,"status":"passed","title":"should have RenameSelected message type"},{"ancestorTitles":["XDesignerMessageType","constants"],"duration":1,"failing":false,"failureDetails":[],"failureMessages":[],"fullName":"XDesignerMessageType constants should have UpdateProperty message type","invocations":1,"location":null,"numPassingAsserts":1,"retryReasons":[],"startAt":1768188226004,"status":"passed","title":"should have UpdateProperty message type"},{"ancestorTitles":["XDesignerMessageType","constants"],"duration":1,"failing":false,"failureDetails":[],"failureMessages":[],"fullName":"XDesignerMessageType constants should have PropertiesChanged message type","invocations":1,"location":null,"numPassingAsserts":1,"retryReasons":[],"startAt":1768188226005,"status":"passed","title":"should have PropertiesChanged message type"},{"ancestorTitles":["XDesignerMessageType","constants"],"duration":0,"failing":false,"failureDetails":[],"failureMessages":[],"fullName":"XDesignerMessageType constants should have ValidateModel message type","invocations":1,"location":null,"numPassingAsserts":1,"retryReasons":[],"startAt":1768188226006,"status":"passed","title":"should have ValidateModel message type"},{"ancestorTitles":["XDesignerMessageType","constants"],"duration":1,"failing":false,"failureDetails":[],"failureMessages":[],"fullName":"XDesignerMessageType constants should have IssuesChanged message type","invocations":1,"location":null,"numPassingAsserts":1,"retryReasons":[],"startAt":1768188226006,"status":"passed","title":"should have IssuesChanged message type"},{"ancestorTitles":["XDesignerMessageType","constants"],"duration":1,"failing":false,"failureDetails":[],"failureMessages":[],"fullName":"XDesignerMessageType constants should have RequestRename message type","invocations":1,"location":null,"numPassingAsserts":1,"retryReasons":[],"startAt":1768188226007,"status":"passed","title":"should have RequestRename message type"},{"ancestorTitles":["XDesignerMessageType","constants"],"duration":0,"failing":false,"failureDetails":[],"failureMessages":[],"fullName":"XDesignerMessageType constants should have RenameCompleted message type","invocations":1,"location":null,"numPassingAsserts":1,"retryReasons":[],"startAt":1768188226008,"status":"passed","title":"should have RenameCompleted message type"},{"ancestorTitles":["XDesignerMessageType","type safety"],"duration":0,"failing":false,"failureDetails":[],"failureMessages":[],"fullName":"XDesignerMessageType type safety should be a const object","invocations":1,"location":null,"numPassingAsserts":1,"retryReasons":[],"startAt":1768188226009,"status":"passed","title":"should be a const object"},{"ancestorTitles":["XDesignerMessageType","type safety"],"duration":4,"failing":false,"failureDetails":[],"failureMessages":[],"fullName":"XDesignerMessageType type safety should have all message types defined","invocations":1,"location":null,"numPassingAsserts":17,"retryReasons":[],"startAt":1768188226009,"status":"passed","title":"should have all message types defined"}],"endTime":1768188226017,"message":"","name":"D:\\Tootega\\Source\\DASE50\\DASE\\src\\__tests__\\Designers\\ORM\\ORMDesignerMessages.test.ts","startTime":1768188224229,"status":"passed","summary":""},{"assertionResults":[{"ancestorTitles":["XAddTableCommand","CommandID"],"duration":6,"failing":false,"failureDetails":[],"failureMessages":[],"fullName":"XAddTableCommand CommandID should return correct command ID","invocations":1,"location":null,"numPassingAsserts":1,"retryReasons":[],"startAt":1768188226097,"status":"passed","title":"should return correct command ID"},{"ancestorTitles":["XAddTableCommand","Register"],"duration":1,"failing":false,"failureDetails":[],"failureMessages":[],"fullName":"XAddTableCommand Register should register command","invocations":1,"location":null,"numPassingAsserts":1,"retryReasons":[],"startAt":1768188226104,"status":"passed","title":"should register command"},{"ancestorTitles":["XAddTableCommand","Register"],"duration":1,"failing":false,"failureDetails":[],"failureMessages":[],"fullName":"XAddTableCommand Register should add disposable to subscriptions","invocations":1,"location":null,"numPassingAsserts":1,"retryReasons":[],"startAt":1768188226105,"status":"passed","title":"should add disposable to subscriptions"},{"ancestorTitles":["XAddTableCommand","Register"],"duration":1,"failing":false,"failureDetails":[],"failureMessages":[],"fullName":"XAddTableCommand Register should return command instance","invocations":1,"location":null,"numPassingAsserts":1,"retryReasons":[],"startAt":1768188226106,"status":"passed","title":"should return command instance"},{"ancestorTitles":["XAddTableCommand","Register"],"duration":0,"failing":false,"failureDetails":[],"failureMessages":[],"fullName":"XAddTableCommand Register should execute command when callback is invoked","invocations":1,"location":null,"numPassingAsserts":1,"retryReasons":[],"startAt":1768188226107,"status":"passed","title":"should execute command when callback is invoked"},{"ancestorTitles":["XAddTableCommand","Execute"],"duration":0,"failing":false,"failureDetails":[],"failureMessages":[],"fullName":"XAddTableCommand Execute should call AddTableToActiveDesigner on provider","invocations":1,"location":null,"numPassingAsserts":1,"retryReasons":[],"startAt":1768188226108,"status":"passed","title":"should call AddTableToActiveDesigner on provider"}],"endTime":1768188226109,"message":"","name":"D:\\Tootega\\Source\\DASE50\\DASE\\src\\__tests__\\Designers\\ORM\\Commands\\AddTableCommand.test.ts","startTime":1768188224242,"status":"passed","summary":""},{"assertionResults":[{"ancestorTitles":["XDeleteSelectedCommand","CommandID"],"duration":6,"failing":false,"failureDetails":[],"failureMessages":[],"fullName":"XDeleteSelectedCommand CommandID should return correct command ID","invocations":1,"location":null,"numPassingAsserts":1,"retryReasons":[],"startAt":1768188226104,"status":"passed","title":"should return correct command ID"},{"ancestorTitles":["XDeleteSelectedCommand","Register"],"duration":2,"failing":false,"failureDetails":[],"failureMessages":[],"fullName":"XDeleteSelectedCommand Register should register command","invocations":1,"location":null,"numPassingAsserts":1,"retryReasons":[],"startAt":1768188226110,"status":"passed","title":"should register command"},{"ancestorTitles":["XDeleteSelectedCommand","Register"],"duration":1,"failing":false,"failureDetails":[],"failureMessages":[],"fullName":"XDeleteSelectedCommand Register should add disposable to subscriptions","invocations":1,"location":null,"numPassingAsserts":1,"retryReasons":[],"startAt":1768188226112,"status":"passed","title":"should add disposable to subscriptions"},{"ancestorTitles":["XDeleteSelectedCommand","Register"],"duration":0,"failing":false,"failureDetails":[],"failureMessages":[],"fullName":"XDeleteSelectedCommand Register should return command instance","invocations":1,"location":null,"numPassingAsserts":1,"retryReasons":[],"startAt":1768188226113,"status":"passed","title":"should return command instance"},{"ancestorTitles":["XDeleteSelectedCommand","Register"],"duration":1,"failing":false,"failureDetails":[],"failureMessages":[],"fullName":"XDeleteSelectedCommand Register should execute command when callback is invoked","invocations":1,"location":null,"numPassingAsserts":1,"retryReasons":[],"startAt":1768188226113,"status":"passed","title":"should execute command when callback is invoked"},{"ancestorTitles":["XDeleteSelectedCommand","Execute"],"duration":1,"failing":false,"failureDetails":[],"failureMessages":[],"fullName":"XDeleteSelectedCommand Execute should delete selected when active URI exists","invocations":1,"location":null,"numPassingAsserts":1,"retryReasons":[],"startAt":1768188226114,"status":"passed","title":"should delete selected when active URI exists"},{"ancestorTitles":["XDeleteSelectedCommand","Execute"],"duration":1,"failing":false,"failureDetails":[],"failureMessages":[],"fullName":"XDeleteSelectedCommand Execute should show warning when no active designer","invocations":1,"location":null,"numPassingAsserts":2,"retryReasons":[],"startAt":1768188226115,"status":"passed","title":"should show warning when no active designer"}],"endTime":1768188226118,"message":"","name":"D:\\Tootega\\Source\\DASE50\\DASE\\src\\__tests__\\Commands\\DeleteSelectedCommand.test.ts","startTime":1768188224219,"status":"passed","summary":""},{"assertionResults":[{"ancestorTitles":["XValidateORMModelCommand","CommandID"],"duration":5,"failing":false,"failureDetails":[],"failureMessages":[],"fullName":"XValidateORMModelCommand CommandID should return correct command ID","invocations":1,"location":null,"numPassingAsserts":1,"retryReasons":[],"startAt":1768188226145,"status":"passed","title":"should return correct command ID"},{"ancestorTitles":["XValidateORMModelCommand","Register"],"duration":1,"failing":false,"failureDetails":[],"failureMessages":[],"fullName":"XValidateORMModelCommand Register should register command","invocations":1,"location":null,"numPassingAsserts":1,"retryReasons":[],"startAt":1768188226151,"status":"passed","title":"should register command"},{"ancestorTitles":["XValidateORMModelCommand","Register"],"duration":0,"failing":false,"failureDetails":[],"failureMessages":[],"fullName":"XValidateORMModelCommand Register should add disposable to subscriptions","invocations":1,"location":null,"numPassingAsserts":1,"retryReasons":[],"startAt":1768188226153,"status":"passed","title":"should add disposable to subscriptions"},{"ancestorTitles":["XValidateORMModelCommand","Register"],"duration":1,"failing":false,"failureDetails":[],"failureMessages":[],"fullName":"XValidateORMModelCommand Register should return command instance","invocations":1,"location":null,"numPassingAsserts":1,"retryReasons":[],"startAt":1768188226153,"status":"passed","title":"should return command instance"},{"ancestorTitles":["XValidateORMModelCommand","Register"],"duration":1,"failing":false,"failureDetails":[],"failureMessages":[],"fullName":"XValidateORMModelCommand Register should execute command when callback is invoked","invocations":1,"location":null,"numPassingAsserts":1,"retryReasons":[],"startAt":1768188226154,"status":"passed","title":"should execute command when callback is invoked"},{"ancestorTitles":["XValidateORMModelCommand","Execute"],"duration":1,"failing":false,"failureDetails":[],"failureMessages":[],"fullName":"XValidateORMModelCommand Execute should validate provided URI","invocations":1,"location":null,"numPassingAsserts":1,"retryReasons":[],"startAt":1768188226155,"status":"passed","title":"should validate provided URI"},{"ancestorTitles":["XValidateORMModelCommand","Execute"],"duration":0,"failing":false,"failureDetails":[],"failureMessages":[],"fullName":"XValidateORMModelCommand Execute should use active URI when no URI provided","invocations":1,"location":null,"numPassingAsserts":1,"retryReasons":[],"startAt":1768188226156,"status":"passed","title":"should use active URI when no URI provided"},{"ancestorTitles":["XValidateORMModelCommand","Execute"],"duration":1,"failing":false,"failureDetails":[],"failureMessages":[],"fullName":"XValidateORMModelCommand Execute should show warning when no URI and no active designer","invocations":1,"location":null,"numPassingAsserts":2,"retryReasons":[],"startAt":1768188226156,"status":"passed","title":"should show warning when no URI and no active designer"}],"endTime":1768188226159,"message":"","name":"D:\\Tootega\\Source\\DASE50\\DASE\\src\\__tests__\\Designers\\ORM\\Commands\\ValidateORMModelCommand.test.ts","startTime":1768188224252,"status":"passed","summary":""},{"assertionResults":[{"ancestorTitles":["XRenameSelectedCommand","CommandID"],"duration":5,"failing":false,"failureDetails":[],"failureMessages":[],"fullName":"XRenameSelectedCommand CommandID should return correct command ID","invocations":1,"location":null,"numPassingAsserts":1,"retryReasons":[],"startAt":1768188226152,"status":"passed","title":"should return correct command ID"},{"ancestorTitles":["XRenameSelectedCommand","Register"],"duration":1,"failing":false,"failureDetails":[],"failureMessages":[],"fullName":"XRenameSelectedCommand Register should register command","invocations":1,"location":null,"numPassingAsserts":1,"retryReasons":[],"startAt":1768188226158,"status":"passed","title":"should register command"},{"ancestorTitles":["XRenameSelectedCommand","Register"],"duration":1,"failing":false,"failureDetails":[],"failureMessages":[],"fullName":"XRenameSelectedCommand Register should add disposable to subscriptions","invocations":1,"location":null,"numPassingAsserts":1,"retryReasons":[],"startAt":1768188226159,"status":"passed","title":"should add disposable to subscriptions"},{"ancestorTitles":["XRenameSelectedCommand","Register"],"duration":1,"failing":false,"failureDetails":[],"failureMessages":[],"fullName":"XRenameSelectedCommand Register should return command instance","invocations":1,"location":null,"numPassingAsserts":1,"retryReasons":[],"startAt":1768188226160,"status":"passed","title":"should return command instance"},{"ancestorTitles":["XRenameSelectedCommand","Register"],"duration":1,"failing":false,"failureDetails":[],"failureMessages":[],"fullName":"XRenameSelectedCommand Register should execute command when callback is invoked","invocations":1,"location":null,"numPassingAsserts":1,"retryReasons":[],"startAt":1768188226161,"status":"passed","title":"should execute command when callback is invoked"},{"ancestorTitles":["XRenameSelectedCommand","Execute"],"duration":0,"failing":false,"failureDetails":[],"failureMessages":[],"fullName":"XRenameSelectedCommand Execute should rename selected when active URI exists","invocations":1,"location":null,"numPassingAsserts":1,"retryReasons":[],"startAt":1768188226162,"status":"passed","title":"should rename selected when active URI exists"},{"ancestorTitles":["XRenameSelectedCommand","Execute"],"duration":1,"failing":false,"failureDetails":[],"failureMessages":[],"fullName":"XRenameSelectedCommand Execute should show warning when no active designer","invocations":1,"location":null,"numPassingAsserts":2,"retryReasons":[],"startAt":1768188226162,"status":"passed","title":"should show warning when no active designer"}],"endTime":1768188226165,"message":"","name":"D:\\Tootega\\Source\\DASE50\\DASE\\src\\__tests__\\Commands\\RenameSelectedCommand.test.ts","startTime":1768188224277,"status":"passed","summary":""},{"assertionResults":[{"ancestorTitles":["XDesignerSelection","constructor"],"duration":7,"failing":false,"failureDetails":[],"failureMessages":[],"fullName":"XDesignerSelection constructor should initialize with empty selection","invocations":1,"location":null,"numPassingAsserts":4,"retryReasons":[],"startAt":1768188226073,"status":"passed","title":"should initialize with empty selection"},{"ancestorTitles":["XDesignerSelection","Set"],"duration":1,"failing":false,"failureDetails":[],"failureMessages":[],"fullName":"XDesignerSelection Set should set a single ID as selected","invocations":1,"location":null,"numPassingAsserts":4,"retryReasons":[],"startAt":1768188226080,"status":"passed","title":"should set a single ID as selected"},{"ancestorTitles":["XDesignerSelection","Set"],"duration":1,"failing":false,"failureDetails":[],"failureMessages":[],"fullName":"XDesignerSelection Set should replace previous selection","invocations":1,"location":null,"numPassingAsserts":2,"retryReasons":[],"startAt":1768188226081,"status":"passed","title":"should replace previous selection"},{"ancestorTitles":["XDesignerSelection","SetMultiple"],"duration":1,"failing":false,"failureDetails":[],"failureMessages":[],"fullName":"XDesignerSelection SetMultiple should set multiple IDs as selected","invocations":1,"location":null,"numPassingAsserts":3,"retryReasons":[],"startAt":1768188226082,"status":"passed","title":"should set multiple IDs as selected"},{"ancestorTitles":["XDesignerSelection","SetMultiple"],"duration":0,"failing":false,"failureDetails":[],"failureMessages":[],"fullName":"XDesignerSelection SetMultiple should set PrimaryID to null when empty array","invocations":1,"location":null,"numPassingAsserts":2,"retryReasons":[],"startAt":1768188226083,"status":"passed","title":"should set PrimaryID to null when empty array"},{"ancestorTitles":["XDesignerSelection","SetMultiple"],"duration":1,"failing":false,"failureDetails":[],"failureMessages":[],"fullName":"XDesignerSelection SetMultiple should create a copy of the input array","invocations":1,"location":null,"numPassingAsserts":1,"retryReasons":[],"startAt":1768188226083,"status":"passed","title":"should create a copy of the input array"},{"ancestorTitles":["XDesignerSelection","Add"],"duration":1,"failing":false,"failureDetails":[],"failureMessages":[],"fullName":"XDesignerSelection Add should add ID to selection","invocations":1,"location":null,"numPassingAsserts":2,"retryReasons":[],"startAt":1768188226084,"status":"passed","title":"should add ID to selection"},{"ancestorTitles":["XDesignerSelection","Add"],"duration":0,"failing":false,"failureDetails":[],"failureMessages":[],"fullName":"XDesignerSelection Add should not add duplicate IDs","invocations":1,"location":null,"numPassingAsserts":2,"retryReasons":[],"startAt":1768188226085,"status":"passed","title":"should not add duplicate IDs"},{"ancestorTitles":["XDesignerSelection","Add"],"duration":1,"failing":false,"failureDetails":[],"failureMessages":[],"fullName":"XDesignerSelection Add should add multiple IDs","invocations":1,"location":null,"numPassingAsserts":2,"retryReasons":[],"startAt":1768188226085,"status":"passed","title":"should add multiple IDs"},{"ancestorTitles":["XDesignerSelection","Add"],"duration":0,"failing":false,"failureDetails":[],"failureMessages":[],"fullName":"XDesignerSelection Add should not change PrimaryID when adding subsequent items","invocations":1,"location":null,"numPassingAsserts":1,"retryReasons":[],"startAt":1768188226086,"status":"passed","title":"should not change PrimaryID when adding subsequent items"},{"ancestorTitles":["XDesignerSelection","Remove"],"duration":0,"failing":false,"failureDetails":[],"failureMessages":[],"fullName":"XDesignerSelection Remove should remove ID from selection","invocations":1,"location":null,"numPassingAsserts":2,"retryReasons":[],"startAt":1768188226087,"status":"passed","title":"should remove ID from selection"},{"ancestorTitles":["XDesignerSelection","Remove"],"duration":1,"failing":false,"failureDetails":[],"failureMessages":[],"fullName":"XDesignerSelection Remove should do nothing when removing non-existent ID","invocations":1,"location":null,"numPassingAsserts":1,"retryReasons":[],"startAt":1768188226087,"status":"passed","title":"should do nothing when removing non-existent ID"},{"ancestorTitles":["XDesignerSelection","Remove"],"duration":1,"failing":false,"failureDetails":[],"failureMessages":[],"fullName":"XDesignerSelection Remove should update PrimaryID when removing primary element","invocations":1,"location":null,"numPassingAsserts":1,"retryReasons":[],"startAt":1768188226088,"status":"passed","title":"should update PrimaryID when removing primary element"},{"ancestorTitles":["XDesignerSelection","Remove"],"duration":1,"failing":false,"failureDetails":[],"failureMessages":[],"fullName":"XDesignerSelection Remove should set PrimaryID to null when removing last element","invocations":1,"location":null,"numPassingAsserts":2,"retryReasons":[],"startAt":1768188226089,"status":"passed","title":"should set PrimaryID to null when removing last element"},{"ancestorTitles":["XDesignerSelection","Clear"],"duration":1,"failing":false,"failureDetails":[],"failureMessages":[],"fullName":"XDesignerSelection Clear should clear all selections","invocations":1,"location":null,"numPassingAsserts":4,"retryReasons":[],"startAt":1768188226090,"status":"passed","title":"should clear all selections"},{"ancestorTitles":["XDesignerSelection","Contains"],"duration":1,"failing":false,"failureDetails":[],"failureMessages":[],"fullName":"XDesignerSelection Contains should return true for selected ID","invocations":1,"location":null,"numPassingAsserts":2,"retryReasons":[],"startAt":1768188226091,"status":"passed","title":"should return true for selected ID"},{"ancestorTitles":["XDesignerSelection","Contains"],"duration":0,"failing":false,"failureDetails":[],"failureMessages":[],"fullName":"XDesignerSelection Contains should return false for non-selected ID","invocations":1,"location":null,"numPassingAsserts":1,"retryReasons":[],"startAt":1768188226092,"status":"passed","title":"should return false for non-selected ID"},{"ancestorTitles":["XDesignerSelection","Toggle"],"duration":1,"failing":false,"failureDetails":[],"failureMessages":[],"fullName":"XDesignerSelection Toggle should add ID when not selected","invocations":1,"location":null,"numPassingAsserts":1,"retryReasons":[],"startAt":1768188226092,"status":"passed","title":"should add ID when not selected"},{"ancestorTitles":["XDesignerSelection","Toggle"],"duration":0,"failing":false,"failureDetails":[],"failureMessages":[],"fullName":"XDesignerSelection Toggle should remove ID when already selected","invocations":1,"location":null,"numPassingAsserts":1,"retryReasons":[],"startAt":1768188226093,"status":"passed","title":"should remove ID when already selected"},{"ancestorTitles":["XDesignerSelection","Toggle"],"duration":1,"failing":false,"failureDetails":[],"failureMessages":[],"fullName":"XDesignerSelection Toggle should toggle correctly in multi-selection","invocations":1,"location":null,"numPassingAsserts":2,"retryReasons":[],"startAt":1768188226093,"status":"passed","title":"should toggle correctly in multi-selection"},{"ancestorTitles":["XDesignerSelection","HasSelection"],"duration":0,"failing":false,"failureDetails":[],"failureMessages":[],"fullName":"XDesignerSelection HasSelection should return false when empty","invocations":1,"location":null,"numPassingAsserts":1,"retryReasons":[],"startAt":1768188226094,"status":"passed","title":"should return false when empty"},{"ancestorTitles":["XDesignerSelection","HasSelection"],"duration":1,"failing":false,"failureDetails":[],"failureMessages":[],"fullName":"XDesignerSelection HasSelection should return true when has selection","invocations":1,"location":null,"numPassingAsserts":1,"retryReasons":[],"startAt":1768188226094,"status":"passed","title":"should return true when has selection"},{"ancestorTitles":["XDesignerSelection","Count"],"duration":0,"failing":false,"failureDetails":[],"failureMessages":[],"fullName":"XDesignerSelection Count should return correct count","invocations":1,"location":null,"numPassingAsserts":4,"retryReasons":[],"startAt":1768188226095,"status":"passed","title":"should return correct count"}],"endTime":1768188226097,"message":"","name":"D:\\Tootega\\Source\\DASE50\\DASE\\src\\__tests__\\Models\\DesignerSelection.test.ts","startTime":1768188224240,"status":"passed","summary":""},{"assertionResults":[{"ancestorTitles":["XSelectionService","constructor"],"duration":7,"failing":false,"failureDetails":[],"failureMessages":[],"fullName":"XSelectionService constructor should initialize with empty selection","invocations":1,"location":null,"numPassingAsserts":3,"retryReasons":[],"startAt":1768188226129,"status":"passed","title":"should initialize with empty selection"},{"ancestorTitles":["XSelectionService","constructor"],"duration":0,"failing":false,"failureDetails":[],"failureMessages":[],"fullName":"XSelectionService constructor should have Selection property","invocations":1,"location":null,"numPassingAsserts":1,"retryReasons":[],"startAt":1768188226137,"status":"passed","title":"should have Selection property"},{"ancestorTitles":["XSelectionService","Select"],"duration":1,"failing":false,"failureDetails":[],"failureMessages":[],"fullName":"XSelectionService Select should select a single element","invocations":1,"location":null,"numPassingAsserts":3,"retryReasons":[],"startAt":1768188226138,"status":"passed","title":"should select a single element"},{"ancestorTitles":["XSelectionService","Select"],"duration":2,"failing":false,"failureDetails":[],"failureMessages":[],"fullName":"XSelectionService Select should fire OnSelectionChanged event","invocations":1,"location":null,"numPassingAsserts":2,"retryReasons":[],"startAt":1768188226139,"status":"passed","title":"should fire OnSelectionChanged event"},{"ancestorTitles":["XSelectionService","SelectMultiple"],"duration":3,"failing":false,"failureDetails":[],"failureMessages":[],"fullName":"XSelectionService SelectMultiple should select multiple elements","invocations":1,"location":null,"numPassingAsserts":2,"retryReasons":[],"startAt":1768188226141,"status":"passed","title":"should select multiple elements"},{"ancestorTitles":["XSelectionService","SelectMultiple"],"duration":0,"failing":false,"failureDetails":[],"failureMessages":[],"fullName":"XSelectionService SelectMultiple should fire OnSelectionChanged event","invocations":1,"location":null,"numPassingAsserts":1,"retryReasons":[],"startAt":1768188226145,"status":"passed","title":"should fire OnSelectionChanged event"},{"ancestorTitles":["XSelectionService","Clear"],"duration":1,"failing":false,"failureDetails":[],"failureMessages":[],"fullName":"XSelectionService Clear should clear selection","invocations":1,"location":null,"numPassingAsserts":3,"retryReasons":[],"startAt":1768188226146,"status":"passed","title":"should clear selection"},{"ancestorTitles":["XSelectionService","Clear"],"duration":1,"failing":false,"failureDetails":[],"failureMessages":[],"fullName":"XSelectionService Clear should fire OnSelectionChanged event","invocations":1,"location":null,"numPassingAsserts":1,"retryReasons":[],"startAt":1768188226147,"status":"passed","title":"should fire OnSelectionChanged event"},{"ancestorTitles":["XSelectionService","ToggleSelection"],"duration":0,"failing":false,"failureDetails":[],"failureMessages":[],"fullName":"XSelectionService ToggleSelection should add element when not selected","invocations":1,"location":null,"numPassingAsserts":1,"retryReasons":[],"startAt":1768188226148,"status":"passed","title":"should add element when not selected"},{"ancestorTitles":["XSelectionService","ToggleSelection"],"duration":0,"failing":false,"failureDetails":[],"failureMessages":[],"fullName":"XSelectionService ToggleSelection should remove element when already selected","invocations":1,"location":null,"numPassingAsserts":1,"retryReasons":[],"startAt":1768188226149,"status":"passed","title":"should remove element when already selected"},{"ancestorTitles":["XSelectionService","ToggleSelection"],"duration":0,"failing":false,"failureDetails":[],"failureMessages":[],"fullName":"XSelectionService ToggleSelection should fire OnSelectionChanged event","invocations":1,"location":null,"numPassingAsserts":1,"retryReasons":[],"startAt":1768188226150,"status":"passed","title":"should fire OnSelectionChanged event"},{"ancestorTitles":["XSelectionService","AddToSelection"],"duration":1,"failing":false,"failureDetails":[],"failureMessages":[],"fullName":"XSelectionService AddToSelection should add element to existing selection","invocations":1,"location":null,"numPassingAsserts":2,"retryReasons":[],"startAt":1768188226150,"status":"passed","title":"should add element to existing selection"},{"ancestorTitles":["XSelectionService","AddToSelection"],"duration":1,"failing":false,"failureDetails":[],"failureMessages":[],"fullName":"XSelectionService AddToSelection should fire OnSelectionChanged event","invocations":1,"location":null,"numPassingAsserts":1,"retryReasons":[],"startAt":1768188226151,"status":"passed","title":"should fire OnSelectionChanged event"},{"ancestorTitles":["XSelectionService","RemoveFromSelection"],"duration":0,"failing":false,"failureDetails":[],"failureMessages":[],"fullName":"XSelectionService RemoveFromSelection should remove element from selection","invocations":1,"location":null,"numPassingAsserts":1,"retryReasons":[],"startAt":1768188226152,"status":"passed","title":"should remove element from selection"},{"ancestorTitles":["XSelectionService","RemoveFromSelection"],"duration":1,"failing":false,"failureDetails":[],"failureMessages":[],"fullName":"XSelectionService RemoveFromSelection should fire OnSelectionChanged event","invocations":1,"location":null,"numPassingAsserts":1,"retryReasons":[],"startAt":1768188226152,"status":"passed","title":"should fire OnSelectionChanged event"},{"ancestorTitles":["XSelectionService","IsSelected"],"duration":0,"failing":false,"failureDetails":[],"failureMessages":[],"fullName":"XSelectionService IsSelected should return true for selected element","invocations":1,"location":null,"numPassingAsserts":1,"retryReasons":[],"startAt":1768188226153,"status":"passed","title":"should return true for selected element"},{"ancestorTitles":["XSelectionService","IsSelected"],"duration":1,"failing":false,"failureDetails":[],"failureMessages":[],"fullName":"XSelectionService IsSelected should return false for non-selected element","invocations":1,"location":null,"numPassingAsserts":1,"retryReasons":[],"startAt":1768188226153,"status":"passed","title":"should return false for non-selected element"},{"ancestorTitles":["XSelectionService","Dispose"],"duration":0,"failing":false,"failureDetails":[],"failureMessages":[],"fullName":"XSelectionService Dispose should dispose event emitter","invocations":1,"location":null,"numPassingAsserts":1,"retryReasons":[],"startAt":1768188226154,"status":"passed","title":"should dispose event emitter"},{"ancestorTitles":["GetSelectionService"],"duration":0,"failing":false,"failureDetails":[],"failureMessages":[],"fullName":"GetSelectionService should return singleton instance","invocations":1,"location":null,"numPassingAsserts":1,"retryReasons":[],"startAt":1768188226155,"status":"passed","title":"should return singleton instance"},{"ancestorTitles":["GetSelectionService"],"duration":0,"failing":false,"failureDetails":[],"failureMessages":[],"fullName":"GetSelectionService should return XSelectionService instance","invocations":1,"location":null,"numPassingAsserts":1,"retryReasons":[],"startAt":1768188226155,"status":"passed","title":"should return XSelectionService instance"}],"endTime":1768188226157,"message":"","name":"D:\\Tootega\\Source\\DASE50\\DASE\\src\\__tests__\\Services\\SelectionService.test.ts","startTime":1768188224268,"status":"passed","summary":""},{"assertionResults":[{"ancestorTitles":["LogService","GetLogService"],"duration":6,"failing":false,"failureDetails":[],"failureMessages":[],"fullName":"LogService GetLogService should return singleton instance","invocations":1,"location":null,"numPassingAsserts":1,"retryReasons":[],"startAt":1768188226127,"status":"passed","title":"should return singleton instance"},{"ancestorTitles":["LogService","GetLogService"],"duration":1,"failing":false,"failureDetails":[],"failureMessages":[],"fullName":"LogService GetLogService should return an object with logging methods","invocations":1,"location":null,"numPassingAsserts":6,"retryReasons":[],"startAt":1768188226133,"status":"passed","title":"should return an object with logging methods"},{"ancestorTitles":["LogService","InitializeLogService"],"duration":1,"failing":false,"failureDetails":[],"failureMessages":[],"fullName":"LogService InitializeLogService should add output channel to subscriptions","invocations":1,"location":null,"numPassingAsserts":1,"retryReasons":[],"startAt":1768188226134,"status":"passed","title":"should add output channel to subscriptions"},{"ancestorTitles":["LogService","InitializeLogService"],"duration":1,"failing":false,"failureDetails":[],"failureMessages":[],"fullName":"LogService InitializeLogService should return log service instance","invocations":1,"location":null,"numPassingAsserts":2,"retryReasons":[],"startAt":1768188226135,"status":"passed","title":"should return log service instance"},{"ancestorTitles":["LogService","Logging methods","Info"],"duration":30,"failing":false,"failureDetails":[],"failureMessages":[],"fullName":"LogService Logging methods Info should call appendLine with formatted message","invocations":1,"location":null,"numPassingAsserts":3,"retryReasons":[],"startAt":1768188226136,"status":"passed","title":"should call appendLine with formatted message"},{"ancestorTitles":["LogService","Logging methods","Warn"],"duration":3,"failing":false,"failureDetails":[],"failureMessages":[],"fullName":"LogService Logging methods Warn should call appendLine with formatted message","invocations":1,"location":null,"numPassingAsserts":3,"retryReasons":[],"startAt":1768188226166,"status":"passed","title":"should call appendLine with formatted message"},{"ancestorTitles":["LogService","Logging methods","Error"],"duration":2,"failing":false,"failureDetails":[],"failureMessages":[],"fullName":"LogService Logging methods Error should call appendLine with formatted message","invocations":1,"location":null,"numPassingAsserts":3,"retryReasons":[],"startAt":1768188226169,"status":"passed","title":"should call appendLine with formatted message"},{"ancestorTitles":["LogService","Logging methods","Error"],"duration":8,"failing":false,"failureDetails":[],"failureMessages":[],"fullName":"LogService Logging methods Error should include error details when Error object provided","invocations":1,"location":null,"numPassingAsserts":2,"retryReasons":[],"startAt":1768188226171,"status":"passed","title":"should include error details when Error object provided"},{"ancestorTitles":["LogService","Logging methods","Error"],"duration":1,"failing":false,"failureDetails":[],"failureMessages":[],"fullName":"LogService Logging methods Error should handle non-Error objects","invocations":1,"location":null,"numPassingAsserts":2,"retryReasons":[],"startAt":1768188226179,"status":"passed","title":"should handle non-Error objects"},{"ancestorTitles":["LogService","Logging methods","Error"],"duration":2,"failing":false,"failureDetails":[],"failureMessages":[],"fullName":"LogService Logging methods Error should include stack trace when available","invocations":1,"location":null,"numPassingAsserts":2,"retryReasons":[],"startAt":1768188226180,"status":"passed","title":"should include stack trace when available"},{"ancestorTitles":["LogService","Logging methods","Error"],"duration":1,"failing":false,"failureDetails":[],"failureMessages":[],"fullName":"LogService Logging methods Error should handle Error without stack","invocations":1,"location":null,"numPassingAsserts":2,"retryReasons":[],"startAt":1768188226182,"status":"passed","title":"should handle Error without stack"},{"ancestorTitles":["LogService","Logging methods","Error"],"duration":2,"failing":false,"failureDetails":[],"failureMessages":[],"fullName":"LogService Logging methods Error should handle Error with empty stack","invocations":1,"location":null,"numPassingAsserts":1,"retryReasons":[],"startAt":1768188226183,"status":"passed","title":"should handle Error with empty stack"},{"ancestorTitles":["LogService","Logging methods","Debug"],"duration":2,"failing":false,"failureDetails":[],"failureMessages":[],"fullName":"LogService Logging methods Debug should call appendLine with formatted message","invocations":1,"location":null,"numPassingAsserts":3,"retryReasons":[],"startAt":1768188226185,"status":"passed","title":"should call appendLine with formatted message"},{"ancestorTitles":["LogService","Logging methods","Show"],"duration":1,"failing":false,"failureDetails":[],"failureMessages":[],"fullName":"LogService Logging methods Show should call show on output channel","invocations":1,"location":null,"numPassingAsserts":1,"retryReasons":[],"startAt":1768188226187,"status":"passed","title":"should call show on output channel"},{"ancestorTitles":["LogService","Logging methods","Clear"],"duration":0,"failing":false,"failureDetails":[],"failureMessages":[],"fullName":"LogService Logging methods Clear should call clear on output channel","invocations":1,"location":null,"numPassingAsserts":1,"retryReasons":[],"startAt":1768188226188,"status":"passed","title":"should call clear on output channel"},{"ancestorTitles":["LogService","Message formatting"],"duration":1,"failing":false,"failureDetails":[],"failureMessages":[],"fullName":"LogService Message formatting should include timestamp in ISO format","invocations":1,"location":null,"numPassingAsserts":1,"retryReasons":[],"startAt":1768188226188,"status":"passed","title":"should include timestamp in ISO format"}],"endTime":1768188226190,"message":"","name":"D:\\Tootega\\Source\\DASE50\\DASE\\src\\__tests__\\Services\\LogService.test.ts","startTime":1768188224251,"status":"passed","summary":""},{"assertionResults":[{"ancestorTitles":["XIssueService","constructor"],"duration":4,"failing":false,"failureDetails":[],"failureMessages":[],"fullName":"XIssueService constructor should initialize with empty issues","invocations":1,"location":null,"numPassingAsserts":3,"retryReasons":[],"startAt":1768188226196,"status":"passed","title":"should initialize with empty issues"},{"ancestorTitles":["XIssueService","SetIssues"],"duration":1,"failing":false,"failureDetails":[],"failureMessages":[],"fullName":"XIssueService SetIssues should set issues","invocations":1,"location":null,"numPassingAsserts":1,"retryReasons":[],"startAt":1768188226200,"status":"passed","title":"should set issues"},{"ancestorTitles":["XIssueService","SetIssues"],"duration":0,"failing":false,"failureDetails":[],"failureMessages":[],"fullName":"XIssueService SetIssues should fire OnIssuesChanged event","invocations":1,"location":null,"numPassingAsserts":1,"retryReasons":[],"startAt":1768188226201,"status":"passed","title":"should fire OnIssuesChanged event"},{"ancestorTitles":["XIssueService","SetIssues"],"duration":1,"failing":false,"failureDetails":[],"failureMessages":[],"fullName":"XIssueService SetIssues should handle null input as empty array","invocations":1,"location":null,"numPassingAsserts":1,"retryReasons":[],"startAt":1768188226201,"status":"passed","title":"should handle null input as empty array"},{"ancestorTitles":["XIssueService","SetIssues"],"duration":0,"failing":false,"failureDetails":[],"failureMessages":[],"fullName":"XIssueService SetIssues should handle undefined input as empty array","invocations":1,"location":null,"numPassingAsserts":1,"retryReasons":[],"startAt":1768188226202,"status":"passed","title":"should handle undefined input as empty array"},{"ancestorTitles":["XIssueService","Clear"],"duration":0,"failing":false,"failureDetails":[],"failureMessages":[],"fullName":"XIssueService Clear should clear all issues","invocations":1,"location":null,"numPassingAsserts":1,"retryReasons":[],"startAt":1768188226202,"status":"passed","title":"should clear all issues"},{"ancestorTitles":["XIssueService","Clear"],"duration":0,"failing":false,"failureDetails":[],"failureMessages":[],"fullName":"XIssueService Clear should fire OnIssuesChanged event","invocations":1,"location":null,"numPassingAsserts":1,"retryReasons":[],"startAt":1768188226203,"status":"passed","title":"should fire OnIssuesChanged event"},{"ancestorTitles":["XIssueService","AddIssue"],"duration":0,"failing":false,"failureDetails":[],"failureMessages":[],"fullName":"XIssueService AddIssue should add issue to list","invocations":1,"location":null,"numPassingAsserts":2,"retryReasons":[],"startAt":1768188226203,"status":"passed","title":"should add issue to list"},{"ancestorTitles":["XIssueService","AddIssue"],"duration":1,"failing":false,"failureDetails":[],"failureMessages":[],"fullName":"XIssueService AddIssue should fire OnIssuesChanged event","invocations":1,"location":null,"numPassingAsserts":1,"retryReasons":[],"startAt":1768188226203,"status":"passed","title":"should fire OnIssuesChanged event"},{"ancestorTitles":["XIssueService","AddIssue"],"duration":0,"failing":false,"failureDetails":[],"failureMessages":[],"fullName":"XIssueService AddIssue should append to existing issues","invocations":1,"location":null,"numPassingAsserts":1,"retryReasons":[],"startAt":1768188226204,"status":"passed","title":"should append to existing issues"},{"ancestorTitles":["XIssueService","ErrorCount"],"duration":1,"failing":false,"failureDetails":[],"failureMessages":[],"fullName":"XIssueService ErrorCount should return count of error issues","invocations":1,"location":null,"numPassingAsserts":1,"retryReasons":[],"startAt":1768188226204,"status":"passed","title":"should return count of error issues"},{"ancestorTitles":["XIssueService","ErrorCount"],"duration":0,"failing":false,"failureDetails":[],"failureMessages":[],"fullName":"XIssueService ErrorCount should return 0 when no errors","invocations":1,"location":null,"numPassingAsserts":1,"retryReasons":[],"startAt":1768188226205,"status":"passed","title":"should return 0 when no errors"},{"ancestorTitles":["XIssueService","WarningCount"],"duration":0,"failing":false,"failureDetails":[],"failureMessages":[],"fullName":"XIssueService WarningCount should return count of warning issues","invocations":1,"location":null,"numPassingAsserts":1,"retryReasons":[],"startAt":1768188226205,"status":"passed","title":"should return count of warning issues"},{"ancestorTitles":["XIssueService","WarningCount"],"duration":1,"failing":false,"failureDetails":[],"failureMessages":[],"fullName":"XIssueService WarningCount should return 0 when no warnings","invocations":1,"location":null,"numPassingAsserts":1,"retryReasons":[],"startAt":1768188226205,"status":"passed","title":"should return 0 when no warnings"},{"ancestorTitles":["XIssueService","GetIssuesForElement"],"duration":0,"failing":false,"failureDetails":[],"failureMessages":[],"fullName":"XIssueService GetIssuesForElement should return issues for specific element","invocations":1,"location":null,"numPassingAsserts":2,"retryReasons":[],"startAt":1768188226206,"status":"passed","title":"should return issues for specific element"},{"ancestorTitles":["XIssueService","GetIssuesForElement"],"duration":0,"failing":false,"failureDetails":[],"failureMessages":[],"fullName":"XIssueService GetIssuesForElement should return empty array for element with no issues","invocations":1,"location":null,"numPassingAsserts":1,"retryReasons":[],"startAt":1768188226206,"status":"passed","title":"should return empty array for element with no issues"},{"ancestorTitles":["XIssueService","Dispose"],"duration":1,"failing":false,"failureDetails":[],"failureMessages":[],"fullName":"XIssueService Dispose should dispose event emitter","invocations":1,"location":null,"numPassingAsserts":1,"retryReasons":[],"startAt":1768188226206,"status":"passed","title":"should dispose event emitter"},{"ancestorTitles":["GetIssueService"],"duration":0,"failing":false,"failureDetails":[],"failureMessages":[],"fullName":"GetIssueService should return singleton instance","invocations":1,"location":null,"numPassingAsserts":1,"retryReasons":[],"startAt":1768188226207,"status":"passed","title":"should return singleton instance"},{"ancestorTitles":["GetIssueService"],"duration":0,"failing":false,"failureDetails":[],"failureMessages":[],"fullName":"GetIssueService should return XIssueService instance","invocations":1,"location":null,"numPassingAsserts":1,"retryReasons":[],"startAt":1768188226207,"status":"passed","title":"should return XIssueService instance"}],"endTime":1768188226208,"message":"","name":"D:\\Tootega\\Source\\DASE50\\DASE\\src\\__tests__\\Services\\IssueService.test.ts","startTime":1768188224290,"status":"passed","summary":""},{"assertionResults":[{"ancestorTitles":["XNewORMDesignerCommand","CommandID"],"duration":3,"failing":false,"failureDetails":[],"failureMessages":[],"fullName":"XNewORMDesignerCommand CommandID should return correct command ID","invocations":1,"location":null,"numPassingAsserts":1,"retryReasons":[],"startAt":1768188226796,"status":"passed","title":"should return correct command ID"},{"ancestorTitles":["XNewORMDesignerCommand","Register"],"duration":1,"failing":false,"failureDetails":[],"failureMessages":[],"fullName":"XNewORMDesignerCommand Register should register command","invocations":1,"location":null,"numPassingAsserts":1,"retryReasons":[],"startAt":1768188226799,"status":"passed","title":"should register command"},{"ancestorTitles":["XNewORMDesignerCommand","Register"],"duration":1,"failing":false,"failureDetails":[],"failureMessages":[],"fullName":"XNewORMDesignerCommand Register should add disposable to subscriptions","invocations":1,"location":null,"numPassingAsserts":1,"retryReasons":[],"startAt":1768188226800,"status":"passed","title":"should add disposable to subscriptions"},{"ancestorTitles":["XNewORMDesignerCommand","Register"],"duration":0,"failing":false,"failureDetails":[],"failureMessages":[],"fullName":"XNewORMDesignerCommand Register should return command instance","invocations":1,"location":null,"numPassingAsserts":1,"retryReasons":[],"startAt":1768188226801,"status":"passed","title":"should return command instance"},{"ancestorTitles":["XNewORMDesignerCommand","Register"],"duration":0,"failing":false,"failureDetails":[],"failureMessages":[],"fullName":"XNewORMDesignerCommand Register should execute command when callback is invoked","invocations":1,"location":null,"numPassingAsserts":1,"retryReasons":[],"startAt":1768188226801,"status":"passed","title":"should execute command when callback is invoked"},{"ancestorTitles":["XNewORMDesignerCommand","Execute"],"duration":0,"failing":false,"failureDetails":[],"failureMessages":[],"fullName":"XNewORMDesignerCommand Execute should open untitled file with ORM Designer","invocations":1,"location":null,"numPassingAsserts":1,"retryReasons":[],"startAt":1768188226802,"status":"passed","title":"should open untitled file with ORM Designer"},{"ancestorTitles":["XNewORMDesignerCommand","Execute"],"duration":0,"failing":false,"failureDetails":[],"failureMessages":[],"fullName":"XNewORMDesignerCommand Execute should generate unique untitled file names","invocations":1,"location":null,"numPassingAsserts":1,"retryReasons":[],"startAt":1768188226802,"status":"passed","title":"should generate unique untitled file names"},{"ancestorTitles":["XNewORMDesignerCommand","Execute"],"duration":1,"failing":false,"failureDetails":[],"failureMessages":[],"fullName":"XNewORMDesignerCommand Execute should use .dsorm extension","invocations":1,"location":null,"numPassingAsserts":1,"retryReasons":[],"startAt":1768188226802,"status":"passed","title":"should use .dsorm extension"}],"endTime":1768188226803,"message":"","name":"D:\\Tootega\\Source\\DASE50\\DASE\\src\\__tests__\\Designers\\ORM\\Commands\\NewORMDesignerCommand.test.ts","startTime":1768188224268,"status":"passed","summary":""},{"assertionResults":[{"ancestorTitles":["XOpenORMDesignerCommand","CommandID"],"duration":3,"failing":false,"failureDetails":[],"failureMessages":[],"fullName":"XOpenORMDesignerCommand CommandID should return correct command ID","invocations":1,"location":null,"numPassingAsserts":1,"retryReasons":[],"startAt":1768188226791,"status":"passed","title":"should return correct command ID"},{"ancestorTitles":["XOpenORMDesignerCommand","Register"],"duration":1,"failing":false,"failureDetails":[],"failureMessages":[],"fullName":"XOpenORMDesignerCommand Register should register command","invocations":1,"location":null,"numPassingAsserts":1,"retryReasons":[],"startAt":1768188226794,"status":"passed","title":"should register command"},{"ancestorTitles":["XOpenORMDesignerCommand","Register"],"duration":0,"failing":false,"failureDetails":[],"failureMessages":[],"fullName":"XOpenORMDesignerCommand Register should add disposable to subscriptions","invocations":1,"location":null,"numPassingAsserts":1,"retryReasons":[],"startAt":1768188226795,"status":"passed","title":"should add disposable to subscriptions"},{"ancestorTitles":["XOpenORMDesignerCommand","Register"],"duration":0,"failing":false,"failureDetails":[],"failureMessages":[],"fullName":"XOpenORMDesignerCommand Register should return command instance","invocations":1,"location":null,"numPassingAsserts":1,"retryReasons":[],"startAt":1768188226795,"status":"passed","title":"should return command instance"},{"ancestorTitles":["XOpenORMDesignerCommand","Register"],"duration":0,"failing":false,"failureDetails":[],"failureMessages":[],"fullName":"XOpenORMDesignerCommand Register should execute command when callback is invoked","invocations":1,"location":null,"numPassingAsserts":1,"retryReasons":[],"startAt":1768188226796,"status":"passed","title":"should execute command when callback is invoked"},{"ancestorTitles":["XOpenORMDesignerCommand","Execute"],"duration":0,"failing":false,"failureDetails":[],"failureMessages":[],"fullName":"XOpenORMDesignerCommand Execute should open provided URI with ORM Designer","invocations":1,"location":null,"numPassingAsserts":1,"retryReasons":[],"startAt":1768188226796,"status":"passed","title":"should open provided URI with ORM Designer"},{"ancestorTitles":["XOpenORMDesignerCommand","Execute"],"duration":1,"failing":false,"failureDetails":[],"failureMessages":[],"fullName":"XOpenORMDesignerCommand Execute should use active editor URI when no URI provided","invocations":1,"location":null,"numPassingAsserts":1,"retryReasons":[],"startAt":1768188226796,"status":"passed","title":"should use active editor URI when no URI provided"},{"ancestorTitles":["XOpenORMDesignerCommand","Execute"],"duration":0,"failing":false,"failureDetails":[],"failureMessages":[],"fullName":"XOpenORMDesignerCommand Execute should show warning when no URI and no active editor","invocations":1,"location":null,"numPassingAsserts":2,"retryReasons":[],"startAt":1768188226797,"status":"passed","title":"should show warning when no URI and no active editor"},{"ancestorTitles":["XOpenORMDesignerCommand","Execute"],"duration":1,"failing":false,"failureDetails":[],"failureMessages":[],"fullName":"XOpenORMDesignerCommand Execute should show warning when active editor is not ORM file","invocations":1,"location":null,"numPassingAsserts":1,"retryReasons":[],"startAt":1768188226797,"status":"passed","title":"should show warning when active editor is not ORM file"}],"endTime":1768188226798,"message":"","name":"D:\\Tootega\\Source\\DASE50\\DASE\\src\\__tests__\\Designers\\ORM\\Commands\\OpenORMDesignerCommand.test.ts","startTime":1768188224261,"status":"passed","summary":""},{"assertionResults":[{"ancestorTitles":["XTFXBridge","constructor"],"duration":3,"failing":false,"failureDetails":[],"failureMessages":[],"fullName":"XTFXBridge constructor should create uninitialized bridge","invocations":1,"location":null,"numPassingAsserts":2,"retryReasons":[],"startAt":1768188226790,"status":"passed","title":"should create uninitialized bridge"},{"ancestorTitles":["XTFXBridge","Initialize"],"duration":1,"failing":false,"failureDetails":[],"failureMessages":[],"fullName":"XTFXBridge Initialize should initialize TFX components","invocations":1,"location":null,"numPassingAsserts":1,"retryReasons":[],"startAt":1768188226793,"status":"passed","title":"should initialize TFX components"},{"ancestorTitles":["XTFXBridge","Initialize"],"duration":0,"failing":false,"failureDetails":[],"failureMessages":[],"fullName":"XTFXBridge Initialize should not reinitialize if already initialized","invocations":1,"location":null,"numPassingAsserts":1,"retryReasons":[],"startAt":1768188226794,"status":"passed","title":"should not reinitialize if already initialized"},{"ancestorTitles":["XTFXBridge","LoadOrmModelFromText"],"duration":1,"failing":false,"failureDetails":[],"failureMessages":[],"fullName":"XTFXBridge LoadOrmModelFromText should load empty model from empty string","invocations":1,"location":null,"numPassingAsserts":2,"retryReasons":[],"startAt":1768188226794,"status":"passed","title":"should load empty model from empty string"},{"ancestorTitles":["XTFXBridge","LoadOrmModelFromText"],"duration":1,"failing":false,"failureDetails":[],"failureMessages":[],"fullName":"XTFXBridge LoadOrmModelFromText should load empty model from empty JSON","invocations":1,"location":null,"numPassingAsserts":1,"retryReasons":[],"startAt":1768188226795,"status":"passed","title":"should load empty model from empty JSON"},{"ancestorTitles":["XTFXBridge","LoadOrmModelFromText"],"duration":44,"failing":false,"failureDetails":[],"failureMessages":[],"fullName":"XTFXBridge LoadOrmModelFromText should handle invalid JSON gracefully","invocations":1,"location":null,"numPassingAsserts":2,"retryReasons":[],"startAt":1768188226796,"status":"passed","title":"should handle invalid JSON gracefully"},{"ancestorTitles":["XTFXBridge","LoadOrmModelFromText"],"duration":0,"failing":false,"failureDetails":[],"failureMessages":[],"fullName":"XTFXBridge LoadOrmModelFromText should load model with tables","invocations":1,"location":null,"numPassingAsserts":1,"retryReasons":[],"startAt":1768188226840,"status":"passed","title":"should load model with tables"},{"ancestorTitles":["XTFXBridge","SaveOrmModelToText"],"duration":1,"failing":false,"failureDetails":[],"failureMessages":[],"fullName":"XTFXBridge SaveOrmModelToText should return empty XML when no document","invocations":1,"location":null,"numPassingAsserts":2,"retryReasons":[],"startAt":1768188226840,"status":"passed","title":"should return empty XML when no document"},{"ancestorTitles":["XTFXBridge","SaveOrmModelToText"],"duration":1,"failing":false,"failureDetails":[],"failureMessages":[],"fullName":"XTFXBridge SaveOrmModelToText should save model to XML after loading","invocations":1,"location":null,"numPassingAsserts":1,"retryReasons":[],"startAt":1768188226841,"status":"passed","title":"should save model to XML after loading"},{"ancestorTitles":["XTFXBridge","ValidateOrmModel"],"duration":1,"failing":false,"failureDetails":[],"failureMessages":[],"fullName":"XTFXBridge ValidateOrmModel should return empty array when Document is null","invocations":1,"location":null,"numPassingAsserts":1,"retryReasons":[],"startAt":1768188226842,"status":"passed","title":"should return empty array when Document is null"},{"ancestorTitles":["XTFXBridge","ValidateOrmModel"],"duration":0,"failing":false,"failureDetails":[],"failureMessages":[],"fullName":"XTFXBridge ValidateOrmModel should return array of issues","invocations":1,"location":null,"numPassingAsserts":1,"retryReasons":[],"startAt":1768188226843,"status":"passed","title":"should return array of issues"},{"ancestorTitles":["XTFXBridge","ValidateOrmModel"],"duration":1,"failing":false,"failureDetails":[],"failureMessages":[],"fullName":"XTFXBridge ValidateOrmModel should convert TFX issues to XIssueItem","invocations":1,"location":null,"numPassingAsserts":3,"retryReasons":[],"startAt":1768188226843,"status":"passed","title":"should convert TFX issues to XIssueItem"},{"ancestorTitles":["XTFXBridge","ValidateOrmModel"],"duration":0,"failing":false,"failureDetails":[],"failureMessages":[],"fullName":"XTFXBridge ValidateOrmModel should convert warning severity","invocations":1,"location":null,"numPassingAsserts":2,"retryReasons":[],"startAt":1768188226844,"status":"passed","title":"should convert warning severity"},{"ancestorTitles":["XTFXBridge","AddTable"],"duration":1,"failing":false,"failureDetails":[],"failureMessages":[],"fullName":"XTFXBridge AddTable should add table with coordinates and name","invocations":1,"location":null,"numPassingAsserts":1,"retryReasons":[],"startAt":1768188226844,"status":"passed","title":"should add table with coordinates and name"},{"ancestorTitles":["XTFXBridge","AddReference"],"duration":4,"failing":false,"failureDetails":[],"failureMessages":[],"fullName":"XTFXBridge AddReference should add reference between tables","invocations":1,"location":null,"numPassingAsserts":1,"retryReasons":[],"startAt":1768188226845,"status":"passed","title":"should add reference between tables"},{"ancestorTitles":["XTFXBridge","DeleteElement"],"duration":0,"failing":false,"failureDetails":[],"failureMessages":[],"fullName":"XTFXBridge DeleteElement should delete element by ID","invocations":1,"location":null,"numPassingAsserts":1,"retryReasons":[],"startAt":1768188226849,"status":"passed","title":"should delete element by ID"},{"ancestorTitles":["XTFXBridge","RenameElement"],"duration":0,"failing":false,"failureDetails":[],"failureMessages":[],"fullName":"XTFXBridge RenameElement should rename element","invocations":1,"location":null,"numPassingAsserts":1,"retryReasons":[],"startAt":1768188226849,"status":"passed","title":"should rename element"},{"ancestorTitles":["XTFXBridge","MoveElement"],"duration":1,"failing":false,"failureDetails":[],"failureMessages":[],"fullName":"XTFXBridge MoveElement should move element to new position","invocations":1,"location":null,"numPassingAsserts":1,"retryReasons":[],"startAt":1768188226849,"status":"passed","title":"should move element to new position"},{"ancestorTitles":["XTFXBridge","UpdateProperty"],"duration":0,"failing":false,"failureDetails":[],"failureMessages":[],"fullName":"XTFXBridge UpdateProperty should update element property","invocations":1,"location":null,"numPassingAsserts":1,"retryReasons":[],"startAt":1768188226850,"status":"passed","title":"should update element property"},{"ancestorTitles":["XTFXBridge","GetProperties"],"duration":0,"failing":false,"failureDetails":[],"failureMessages":[],"fullName":"XTFXBridge GetProperties should return empty array for non-existent element","invocations":1,"location":null,"numPassingAsserts":1,"retryReasons":[],"startAt":1768188226850,"status":"passed","title":"should return empty array for non-existent element"},{"ancestorTitles":["XTFXBridge","GetProperties"],"duration":1,"failing":false,"failureDetails":[],"failureMessages":[],"fullName":"XTFXBridge GetProperties should return properties for table element","invocations":1,"location":null,"numPassingAsserts":3,"retryReasons":[],"startAt":1768188226850,"status":"passed","title":"should return properties for table element"},{"ancestorTitles":["XTFXBridge","GetModelData"],"duration":0,"failing":false,"failureDetails":[],"failureMessages":[],"fullName":"XTFXBridge GetModelData should return empty data when not initialized","invocations":1,"location":null,"numPassingAsserts":1,"retryReasons":[],"startAt":1768188226851,"status":"passed","title":"should return empty data when not initialized"},{"ancestorTitles":["XTFXBridge","GetModelData"],"duration":1,"failing":false,"failureDetails":[],"failureMessages":[],"fullName":"XTFXBridge GetModelData should return tables and references","invocations":1,"location":null,"numPassingAsserts":4,"retryReasons":[],"startAt":1768188226851,"status":"passed","title":"should return tables and references"},{"ancestorTitles":["XTFXBridge","GetModelData"],"duration":2,"failing":false,"failureDetails":[],"failureMessages":[],"fullName":"XTFXBridge GetModelData should return empty data when Design is null","invocations":1,"location":null,"numPassingAsserts":1,"retryReasons":[],"startAt":1768188226852,"status":"passed","title":"should return empty data when Design is null"},{"ancestorTitles":["XTFXBridge","GetModelData"],"duration":1,"failing":false,"failureDetails":[],"failureMessages":[],"fullName":"XTFXBridge GetModelData should map table data correctly with fields","invocations":1,"location":null,"numPassingAsserts":6,"retryReasons":[],"startAt":1768188226854,"status":"passed","title":"should map table data correctly with fields"},{"ancestorTitles":["XTFXBridge","GetModelData"],"duration":2,"failing":false,"failureDetails":[],"failureMessages":[],"fullName":"XTFXBridge GetModelData should handle references without SourceID/TargetID using Source/Target","invocations":1,"location":null,"numPassingAsserts":3,"retryReasons":[],"startAt":1768188226855,"status":"passed","title":"should handle references without SourceID/TargetID using Source/Target"},{"ancestorTitles":["XTFXBridge","LoadFromJson"],"duration":0,"failing":false,"failureDetails":[],"failureMessages":[],"fullName":"XTFXBridge LoadFromJson should not load when data is null","invocations":1,"location":null,"numPassingAsserts":1,"retryReasons":[],"startAt":1768188226857,"status":"passed","title":"should not load when data is null"},{"ancestorTitles":["XTFXBridge","LoadFromJson"],"duration":0,"failing":false,"failureDetails":[],"failureMessages":[],"fullName":"XTFXBridge LoadFromJson should not load when doc.Design is null","invocations":1,"location":null,"numPassingAsserts":0,"retryReasons":[],"startAt":1768188226857,"status":"passed","title":"should not load when doc.Design is null"},{"ancestorTitles":["XTFXBridge","LoadFromJson"],"duration":0,"failing":false,"failureDetails":[],"failureMessages":[],"fullName":"XTFXBridge LoadFromJson should load model name from JSON","invocations":1,"location":null,"numPassingAsserts":1,"retryReasons":[],"startAt":1768188226857,"status":"passed","title":"should load model name from JSON"},{"ancestorTitles":["XTFXBridge","LoadFromJson"],"duration":1,"failing":false,"failureDetails":[],"failureMessages":[],"fullName":"XTFXBridge LoadFromJson should load tables with fields from JSON","invocations":1,"location":null,"numPassingAsserts":5,"retryReasons":[],"startAt":1768188226857,"status":"passed","title":"should load tables with fields from JSON"},{"ancestorTitles":["XTFXBridge","LoadFromJson"],"duration":0,"failing":false,"failureDetails":[],"failureMessages":[],"fullName":"XTFXBridge LoadFromJson should load references from JSON","invocations":1,"location":null,"numPassingAsserts":3,"retryReasons":[],"startAt":1768188226858,"status":"passed","title":"should load references from JSON"},{"ancestorTitles":["XTFXBridge","LoadFromJson"],"duration":0,"failing":false,"failureDetails":[],"failureMessages":[],"fullName":"XTFXBridge LoadFromJson should handle tables without optional fields","invocations":1,"location":null,"numPassingAsserts":2,"retryReasons":[],"startAt":1768188226858,"status":"passed","title":"should handle tables without optional fields"},{"ancestorTitles":["XTFXBridge","LoadFromJson"],"duration":1,"failing":false,"failureDetails":[],"failureMessages":[],"fullName":"XTFXBridge LoadFromJson should use empty string when table Name is undefined","invocations":1,"location":null,"numPassingAsserts":2,"retryReasons":[],"startAt":1768188226858,"status":"passed","title":"should use empty string when table Name is undefined"},{"ancestorTitles":["XTFXBridge","LoadFromJson"],"duration":0,"failing":false,"failureDetails":[],"failureMessages":[],"fullName":"XTFXBridge LoadFromJson should use empty string when table Name is null","invocations":1,"location":null,"numPassingAsserts":2,"retryReasons":[],"startAt":1768188226859,"status":"passed","title":"should use empty string when table Name is null"},{"ancestorTitles":["XTFXBridge","LoadFromJson"],"duration":0,"failing":false,"failureDetails":[],"failureMessages":[],"fullName":"XTFXBridge LoadFromJson should use empty string when table Name is empty string","invocations":1,"location":null,"numPassingAsserts":2,"retryReasons":[],"startAt":1768188226859,"status":"passed","title":"should use empty string when table Name is empty string"},{"ancestorTitles":["XTFXBridge","LoadFromJson"],"duration":0,"failing":false,"failureDetails":[],"failureMessages":[],"fullName":"XTFXBridge LoadFromJson should use empty string when field Name is undefined","invocations":1,"location":null,"numPassingAsserts":3,"retryReasons":[],"startAt":1768188226859,"status":"passed","title":"should use empty string when field Name is undefined"},{"ancestorTitles":["XTFXBridge","LoadFromJson"],"duration":1,"failing":false,"failureDetails":[],"failureMessages":[],"fullName":"XTFXBridge LoadFromJson should use empty string when field Name is null","invocations":1,"location":null,"numPassingAsserts":3,"retryReasons":[],"startAt":1768188226859,"status":"passed","title":"should use empty string when field Name is null"},{"ancestorTitles":["XTFXBridge","LoadFromJson"],"duration":0,"failing":false,"failureDetails":[],"failureMessages":[],"fullName":"XTFXBridge LoadFromJson should use empty string when field Name is empty string","invocations":1,"location":null,"numPassingAsserts":3,"retryReasons":[],"startAt":1768188226860,"status":"passed","title":"should use empty string when field Name is empty string"},{"ancestorTitles":["XTFXBridge","LoadFromJson"],"duration":0,"failing":false,"failureDetails":[],"failureMessages":[],"fullName":"XTFXBridge LoadFromJson should handle references without optional fields","invocations":1,"location":null,"numPassingAsserts":2,"retryReasons":[],"startAt":1768188226860,"status":"passed","title":"should handle references without optional fields"},{"ancestorTitles":["XTFXBridge","LoadFromJson"],"duration":0,"failing":false,"failureDetails":[],"failureMessages":[],"fullName":"XTFXBridge LoadFromJson should handle references with points array","invocations":1,"location":null,"numPassingAsserts":2,"retryReasons":[],"startAt":1768188226860,"status":"passed","title":"should handle references with points array"},{"ancestorTitles":["XTFXBridge","LoadFromJson"],"duration":0,"failing":false,"failureDetails":[],"failureMessages":[],"fullName":"XTFXBridge LoadFromJson should handle tables with explicit schema and description","invocations":1,"location":null,"numPassingAsserts":3,"retryReasons":[],"startAt":1768188226860,"status":"passed","title":"should handle tables with explicit schema and description"},{"ancestorTitles":["XTFXBridge","LoadFromJson"],"duration":1,"failing":false,"failureDetails":[],"failureMessages":[],"fullName":"XTFXBridge LoadFromJson should handle fields without optional properties","invocations":1,"location":null,"numPassingAsserts":1,"retryReasons":[],"startAt":1768188226860,"status":"passed","title":"should handle fields without optional properties"},{"ancestorTitles":["XTFXBridge","LoadFromJson"],"duration":0,"failing":false,"failureDetails":[],"failureMessages":[],"fullName":"XTFXBridge LoadFromJson should handle fields with all explicit properties","invocations":1,"location":null,"numPassingAsserts":3,"retryReasons":[],"startAt":1768188226861,"status":"passed","title":"should handle fields with all explicit properties"},{"ancestorTitles":["XTFXBridge","LoadFromJson"],"duration":0,"failing":false,"failureDetails":[],"failureMessages":[],"fullName":"XTFXBridge LoadFromJson should use default Schema \"dbo\" when Schema is undefined","invocations":1,"location":null,"numPassingAsserts":2,"retryReasons":[],"startAt":1768188226861,"status":"passed","title":"should use default Schema \"dbo\" when Schema is undefined"},{"ancestorTitles":["XTFXBridge","LoadFromJson"],"duration":0,"failing":false,"failureDetails":[],"failureMessages":[],"fullName":"XTFXBridge LoadFromJson should use explicit Schema when provided","invocations":1,"location":null,"numPassingAsserts":2,"retryReasons":[],"startAt":1768188226861,"status":"passed","title":"should use explicit Schema when provided"},{"ancestorTitles":["XTFXBridge","LoadFromJson"],"duration":0,"failing":false,"failureDetails":[],"failureMessages":[],"fullName":"XTFXBridge LoadFromJson should use default Schema \"dbo\" when Schema is empty string","invocations":1,"location":null,"numPassingAsserts":2,"retryReasons":[],"startAt":1768188226861,"status":"passed","title":"should use default Schema \"dbo\" when Schema is empty string"},{"ancestorTitles":["XTFXBridge","LoadFromJson"],"duration":0,"failing":false,"failureDetails":[],"failureMessages":[],"fullName":"XTFXBridge LoadFromJson should use default Schema \"dbo\" when Schema is null","invocations":1,"location":null,"numPassingAsserts":2,"retryReasons":[],"startAt":1768188226861,"status":"passed","title":"should use default Schema \"dbo\" when Schema is null"},{"ancestorTitles":["XTFXBridge","LoadFromJson"],"duration":0,"failing":false,"failureDetails":[],"failureMessages":[],"fullName":"XTFXBridge LoadFromJson should use default Name \"\" when Reference Name is undefined","invocations":1,"location":null,"numPassingAsserts":2,"retryReasons":[],"startAt":1768188226862,"status":"passed","title":"should use default Name \"\" when Reference Name is undefined"},{"ancestorTitles":["XTFXBridge","LoadFromJson"],"duration":0,"failing":false,"failureDetails":[],"failureMessages":[],"fullName":"XTFXBridge LoadFromJson should use default DataType \"String\" when DataType is undefined","invocations":1,"location":null,"numPassingAsserts":1,"retryReasons":[],"startAt":1768188226862,"status":"passed","title":"should use default DataType \"String\" when DataType is undefined"},{"ancestorTitles":["XTFXBridge","LoadFr
[...]
"end":{"line":245,"column":106}}]},"16":{"loc":{"start":{"line":249,"column":8},"end":{"line":260,"column":9}},"type":"if","locations":[{"start":{"line":249,"column":8},"end":{"line":260,"column":9}},{"start":{},"end":{}}]},"17":{"loc":{"start":{"line":272,"column":42},"end":{"line":272,"column":104}},"type":"binary-expr","locations":[{"start":{"line":272,"column":42},"end":{"line":272,"column":82}},{"start":{"line":272,"column":86},"end":{"line":272,"column":104}}]},"18":{"loc":{"start":{"line":282,"column":15},"end":{"line":282,"column":30}},"type":"binary-expr","locations":[{"start":{"line":282,"column":15},"end":{"line":282,"column":21}},{"start":{"line":282,"column":25},"end":{"line":282,"column":30}}]},"19":{"loc":{"start":{"line":287,"column":15},"end":{"line":287,"column":80}},"type":"binary-expr","locations":[{"start":{"line":287,"column":15},"end":{"line":287,"column":58}},{"start":{"line":287,"column":62},"end":{"line":287,"column":80}}]},"20":{"loc":{"start":{"line":296,"column":15},"end":{"line":296,"column":80}},"type":"binary-expr","locations":[{"start":{"line":296,"column":15},"end":{"line":296,"column":58}},{"start":{"line":296,"column":62},"end":{"line":296,"column":80}}]},"21":{"loc":{"start":{"line":306,"column":15},"end":{"line":306,"column":76}},"type":"binary-expr","locations":[{"start":{"line":306,"column":15},"end":{"line":306,"column":54}},{"start":{"line":306,"column":58},"end":{"line":306,"column":76}}]},"22":{"loc":{"start":{"line":316,"column":15},"end":{"line":316,"column":81}},"type":"binary-expr","locations":[{"start":{"line":316,"column":15},"end":{"line":316,"column":59}},{"start":{"line":316,"column":63},"end":{"line":316,"column":81}}]},"23":{"loc":{"start":{"line":324,"column":8},"end":{"line":325,"column":22}},"type":"if","locations":[{"start":{"line":324,"column":8},"end":{"line":325,"column":22}},{"start":{},"end":{}}]},"24":{"loc":{"start":{"line":332,"column":8},"end":{"line":358,"column":9}},"type":"if","locations":[{"start":{"line":332,"column":8},"end":{"line":358,"column":9}},{"start":{"line":343,"column":13},"end":{"line":358,"column":9}}]},"25":{"loc":{"start":{"line":343,"column":13},"end":{"line":358,"column":9}},"type":"if","locations":[{"start":{"line":343,"column":13},"end":{"line":358,"column":9}},{"start":{"line":349,"column":13},"end":{"line":358,"column":9}}]},"26":{"loc":{"start":{"line":349,"column":13},"end":{"line":358,"column":9}},"type":"if","locations":[{"start":{"line":349,"column":13},"end":{"line":358,"column":9}},{"start":{},"end":{}}]},"27":{"loc":{"start":{"line":368,"column":8},"end":{"line":369,"column":50}},"type":"if","locations":[{"start":{"line":368,"column":8},"end":{"line":369,"column":50}},{"start":{},"end":{}}]},"28":{"loc":{"start":{"line":368,"column":12},"end":{"line":368,"column":31}},"type":"binary-expr","locations":[{"start":{"line":368,"column":12},"end":{"line":368,"column":16}},{"start":{"line":368,"column":20},"end":{"line":368,"column":31}}]},"29":{"loc":{"start":{"line":374,"column":53},"end":{"line":374,"column":72}},"type":"binary-expr","locations":[{"start":{"line":374,"column":53},"end":{"line":374,"column":67}},{"start":{"line":374,"column":71},"end":{"line":374,"column":72}}]},"30":{"loc":{"start":{"line":374,"column":84},"end":{"line":374,"column":107}},"type":"binary-expr","locations":[{"start":{"line":374,"column":84},"end":{"line":374,"column":102}},{"start":{"line":374,"column":106},"end":{"line":374,"column":107}}]},"31":{"loc":{"start":{"line":378,"column":27},"end":{"line":378,"column":77}},"type":"binary-expr","locations":[{"start":{"line":378,"column":27},"end":{"line":378,"column":59}},{"start":{"line":378,"column":63},"end":{"line":378,"column":71}},{"start":{"line":378,"column":75},"end":{"line":378,"column":77}}]},"32":{"loc":{"start":{"line":402,"column":26},"end":{"line":402,"column":48}},"type":"binary-expr","locations":[{"start":{"line":402,"column":26},"end":{"line":402,"column":36}},{"start":{"line":402,"column":40},"end":{"line":402,"column":48}}]},"33":{"loc":{"start":{"line":403,"column":26},"end":{"line":403,"column":48}},"type":"binary-expr","locations":[{"start":{"line":403,"column":26},"end":{"line":403,"column":36}},{"start":{"line":403,"column":40},"end":{"line":403,"column":48}}]},"34":{"loc":{"start":{"line":404,"column":24},"end":{"line":404,"column":77}},"type":"binary-expr","locations":[{"start":{"line":404,"column":24},"end":{"line":404,"column":71}},{"start":{"line":404,"column":75},"end":{"line":404,"column":77}}]},"35":{"loc":{"start":{"line":413,"column":8},"end":{"line":414,"column":19}},"type":"if","locations":[{"start":{"line":413,"column":8},"end":{"line":414,"column":19}},{"start":{},"end":{}}]},"36":{"loc":{"start":{"line":413,"column":12},"end":{"line":413,"column":34}},"type":"binary-expr","locations":[{"start":{"line":413,"column":12},"end":{"line":413,"column":18}},{"start":{"line":413,"column":22},"end":{"line":413,"column":34}}]},"37":{"loc":{"start":{"line":418,"column":8},"end":{"line":419,"column":35}},"type":"if","locations":[{"start":{"line":418,"column":8},"end":{"line":419,"column":35}},{"start":{},"end":{}}]},"38":{"loc":{"start":{"line":421,"column":8},"end":{"line":461,"column":9}},"type":"if","locations":[{"start":{"line":421,"column":8},"end":{"line":461,"column":9}},{"start":{},"end":{}}]},"39":{"loc":{"start":{"line":421,"column":12},"end":{"line":421,"column":55}},"type":"binary-expr","locations":[{"start":{"line":421,"column":12},"end":{"line":421,"column":24}},{"start":{"line":421,"column":28},"end":{"line":421,"column":55}}]},"40":{"loc":{"start":{"line":426,"column":23},"end":{"line":426,"column":35}},"type":"binary-expr","locations":[{"start":{"line":426,"column":23},"end":{"line":426,"column":30}},{"start":{"line":426,"column":34},"end":{"line":426,"column":35}}]},"41":{"loc":{"start":{"line":427,"column":23},"end":{"line":427,"column":35}},"type":"binary-expr","locations":[{"start":{"line":427,"column":23},"end":{"line":427,"column":30}},{"start":{"line":427,"column":34},"end":{"line":427,"column":35}}]},"42":{"loc":{"start":{"line":428,"column":27},"end":{"line":428,"column":45}},"type":"binary-expr","locations":[{"start":{"line":428,"column":27},"end":{"line":428,"column":38}},{"start":{"line":428,"column":42},"end":{"line":428,"column":45}}]},"43":{"loc":{"start":{"line":429,"column":28},"end":{"line":429,"column":47}},"type":"binary-expr","locations":[{"start":{"line":429,"column":28},"end":{"line":429,"column":40}},{"start":{"line":429,"column":44},"end":{"line":429,"column":47}}]},"44":{"loc":{"start":{"line":430,"column":26},"end":{"line":430,"column":42}},"type":"binary-expr","locations":[{"start":{"line":430,"column":26},"end":{"line":430,"column":36}},{"start":{"line":430,"column":40},"end":{"line":430,"column":42}}]},"45":{"loc":{"start":{"line":431,"column":28},"end":{"line":431,"column":49}},"type":"binary-expr","locations":[{"start":{"line":431,"column":28},"end":{"line":431,"column":40}},{"start":{"line":431,"column":44},"end":{"line":431,"column":49}}]},"46":{"loc":{"start":{"line":434,"column":16},"end":{"line":435,"column":40}},"type":"if","locations":[{"start":{"line":434,"column":16},"end":{"line":435,"column":40}},{"start":{},"end":{}}]},"47":{"loc":{"start":{"line":436,"column":16},"end":{"line":437,"column":58}},"type":"if","locations":[{"start":{"line":436,"column":16},"end":{"line":437,"column":58}},{"start":{},"end":{}}]},"48":{"loc":{"start":{"line":439,"column":16},"end":{"line":459,"column":17}},"type":"if","locations":[{"start":{"line":439,"column":16},"end":{"line":459,"column":17}},{"start":{},"end":{}}]},"49":{"loc":{"start":{"line":439,"column":20},"end":{"line":439,"column":63}},"type":"binary-expr","locations":[{"start":{"line":439,"column":20},"end":{"line":439,"column":32}},{"start":{"line":439,"column":36},"end":{"line":439,"column":63}}]},"50":{"loc":{"start":{"line":443,"column":48},"end":{"line":443,"column":85}},"type":"binary-expr","locations":[{"start":{"line":443,"column":48},"end":{"line":443,"column":73}},{"start":{"line":443,"column":77},"end":{"line":443,"column":85}}]},"51":{"loc":{"start":{"line":445,"column":34},"end":{"line":445,"column":50}},"type":"binary-expr","locations":[{"start":{"line":445,"column":34},"end":{"line":445,"column":44}},{"start":{"line":445,"column":48},"end":{"line":445,"column":50}}]},"52":{"loc":{"start":{"line":446,"column":39},"end":{"line":446,"column":94}},"type":"binary-expr","locations":[{"start":{"line":446,"column":39},"end":{"line":446,"column":75}},{"start":{"line":446,"column":79},"end":{"line":446,"column":94}}]},"53":{"loc":{"start":{"line":447,"column":36},"end":{"line":447,"column":53}},"type":"binary-expr","locations":[{"start":{"line":447,"column":36},"end":{"line":447,"column":48}},{"start":{"line":447,"column":52},"end":{"line":447,"column":53}}]},"54":{"loc":{"start":{"line":448,"column":42},"end":{"line":448,"column":69}},"type":"binary-expr","locations":[{"start":{"line":448,"column":42},"end":{"line":448,"column":60}},{"start":{"line":448,"column":64},"end":{"line":448,"column":69}}]},"55":{"loc":{"start":{"line":450,"column":45},"end":{"line":450,"column":75}},"type":"binary-expr","locations":[{"start":{"line":450,"column":45},"end":{"line":450,"column":66}},{"start":{"line":450,"column":70},"end":{"line":450,"column":75}}]},"56":{"loc":{"start":{"line":451,"column":42},"end":{"line":451,"column":66}},"type":"binary-expr","locations":[{"start":{"line":451,"column":42},"end":{"line":451,"column":60}},{"start":{"line":451,"column":64},"end":{"line":451,"column":66}}]},"57":{"loc":{"start":{"line":454,"column":24},"end":{"line":455,"column":48}},"type":"if","locations":[{"start":{"line":454,"column":24},"end":{"line":455,"column":48}},{"start":{},"end":{}}]},"58":{"loc":{"start":{"line":456,"column":24},"end":{"line":457,"column":66}},"type":"if","locations":[{"start":{"line":456,"column":24},"end":{"line":457,"column":66}},{"start":{},"end":{}}]},"59":{"loc":{"start":{"line":463,"column":8},"end":{"line":488,"column":9}},"type":"if","locations":[{"start":{"line":463,"column":8},"end":{"line":488,"column":9}},{"start":{},"end":{}}]},"60":{"loc":{"start":{"line":463,"column":12},"end":{"line":463,"column":63}},"type":"binary-expr","locations":[{"start":{"line":463,"column":12},"end":{"line":463,"column":28}},{"start":{"line":463,"column":32},"end":{"line":463,"column":63}}]},"61":{"loc":{"start":{"line":470,"column":34},"end":{"line":470,"column":54}},"type":"binary-expr","locations":[{"start":{"line":470,"column":34},"end":{"line":470,"column":48}},{"start":{"line":470,"column":52},"end":{"line":470,"column":54}}]},"62":{"loc":{"start":{"line":471,"column":34},"end":{"line":471,"column":54}},"type":"binary-expr","locations":[{"start":{"line":471,"column":34},"end":{"line":471,"column":48}},{"start":{"line":471,"column":52},"end":{"line":471,"column":54}}]},"63":{"loc":{"start":{"line":472,"column":30},"end":{"line":472,"column":46}},"type":"binary-expr","locations":[{"start":{"line":472,"column":30},"end":{"line":472,"column":40}},{"start":{"line":472,"column":44},"end":{"line":472,"column":46}}]},"64":{"loc":{"start":{"line":475,"column":20},"end":{"line":476,"column":42}},"type":"if","locations":[{"start":{"line":475,"column":20},"end":{"line":476,"column":42}},{"start":{},"end":{}}]},"65":{"loc":{"start":{"line":477,"column":20},"end":{"line":478,"column":60}},"type":"if","locations":[{"start":{"line":477,"column":20},"end":{"line":478,"column":60}},{"start":{},"end":{}}]},"66":{"loc":{"start":{"line":480,"column":20},"end":{"line":481,"column":88}},"type":"if","locations":[{"start":{"line":480,"column":20},"end":{"line":481,"column":88}},{"start":{},"end":{}}]},"67":{"loc":{"start":{"line":480,"column":24},"end":{"line":480,"column":67}},"type":"binary-expr","locations":[{"start":{"line":480,"column":24},"end":{"line":480,"column":36}},{"start":{"line":480,"column":40},"end":{"line":480,"column":67}}]},"68":{"loc":{"start":{"line":493,"column":8},"end":{"line":494,"column":22}},"type":"if","locations":[{"start":{"line":493,"column":8},"end":{"line":494,"column":22}},{"start":{},"end":{}}]},"69":{"loc":{"start":{"line":493,"column":12},"end":{"line":493,"column":33}},"type":"binary-expr","locations":[{"start":{"line":493,"column":12},"end":{"line":493,"column":17}},{"start":{"line":493,"column":21},"end":{"line":493,"column":33}}]},"70":{"loc":{"start":{"line":496,"column":23},"end":{"line":496,"column":58}},"type":"binary-expr","locations":[{"start":{"line":496,"column":23},"end":{"line":496,"column":52}},{"start":{"line":496,"column":56},"end":{"line":496,"column":58}}]},"71":{"loc":{"start":{"line":497,"column":27},"end":{"line":497,"column":66}},"type":"binary-expr","locations":[{"start":{"line":497,"column":27},"end":{"line":497,"column":60}},{"start":{"line":497,"column":64},"end":{"line":497,"column":66}}]},"72":{"loc":{"start":{"line":503,"column":31},"end":{"line":503,"column":76}},"type":"binary-expr","locations":[{"start":{"line":503,"column":31},"end":{"line":503,"column":58}},{"start":{"line":503,"column":62},"end":{"line":503,"column":70}},{"start":{"line":503,"column":74},"end":{"line":503,"column":76}}]},"73":{"loc":{"start":{"line":530,"column":26},"end":{"line":530,"column":48}},"type":"binary-expr","locations":[{"start":{"line":530,"column":26},"end":{"line":530,"column":36}},{"start":{"line":530,"column":40},"end":{"line":530,"column":48}}]},"74":{"loc":{"start":{"line":531,"column":26},"end":{"line":531,"column":48}},"type":"binary-expr","locations":[{"start":{"line":531,"column":26},"end":{"line":531,"column":36}},{"start":{"line":531,"column":40},"end":{"line":531,"column":48}}]},"75":{"loc":{"start":{"line":533,"column":24},"end":{"line":533,"column":77}},"type":"binary-expr","locations":[{"start":{"line":533,"column":24},"end":{"line":533,"column":71}},{"start":{"line":533,"column":75},"end":{"line":533,"column":77}}]}},"s":{"0":5,"1":5,"2":5,"3":5,"4":5,"5":175,"6":175,"7":175,"8":175,"9":173,"10":29,"11":144,"12":144,"13":144,"14":144,"15":144,"16":99,"17":1,"18":115,"19":115,"20":115,"21":115,"22":115,"23":115,"24":114,"25":114,"26":4,"27":4,"28":2,"29":2,"30":2,"31":2,"32":2,"33":2,"34":110,"35":109,"36":112,"37":112,"38":1,"39":1,"40":1,"41":1,"42":1,"43":1,"44":15,"45":15,"46":15,"47":2,"48":13,"49":12,"50":10,"51":2,"52":1,"53":1,"54":5,"55":5,"56":5,"57":1,"58":4,"59":4,"60":4,"61":4,"62":4,"63":4,"64":2,"65":3,"66":3,"67":3,"68":3,"69":6,"70":6,"71":6,"72":6,"73":6,"74":6,"75":6,"76":4,"77":4,"78":4,"79":4,"80":4,"81":6,"82":1,"83":1,"84":1,"85":1,"86":1,"87":3,"88":3,"89":3,"90":3,"91":2,"92":2,"93":2,"94":2,"95":2,"96":2,"97":2,"98":5,"99":5,"100":5,"101":1,"102":4,"103":4,"104":4,"105":4,"106":1,"107":1,"108":1,"109":1,"110":1,"111":1,"112":1,"113":3,"114":1,"115":1,"116":1,"117":2,"118":1,"119":1,"120":1,"121":1,"122":1,"123":1,"124":1,"125":4,"126":10,"127":10,"128":10,"129":2,"130":8,"131":8,"132":8,"133":8,"134":6,"135":6,"136":2,"137":8,"138":2,"139":2,"140":2,"141":8,"142":136,"143":2,"144":134,"145":134,"146":3,"147":134,"148":19,"149":19,"150":19,"151":3,"152":19,"153":3,"154":19,"155":10,"156":10,"157":10,"158":10,"159":3,"160":10,"161":2,"162":134,"163":6,"164":7,"165":7,"166":5,"167":1,"168":5,"169":2,"170":5,"171":2,"172":4,"173":2,"174":12,"175":2,"176":10,"177":10,"178":10,"179":6,"180":6,"181":3,"182":4,"183":3,"184":5},"f":{"0":175,"1":173,"2":99,"3":1,"4":115,"5":15,"6":5,"7":2,"8":3,"9":6,"10":1,"11":3,"12":2,"13":2,"14":2,"15":2,"16":5,"17":10,"18":6,"19":2,"20":2,"21":2,"22":136,"23":4,"24":12,"25":6,"26":3,"27":4,"28":3},"b":{"0":[29,144],"1":[114,1],"2":[115,114],"3":[4,110],"4":[114,111],"5":[2,2],"6":[4,3],"7":[2,13],"8":[10,2],"9":[12,11],"10":[1,4],"11":[1,3],"12":[3,1],"13":[6,2],"14":[6,1],"15":[6,1],"16":[4,2],"17":[1,1],"18":[3,2],"19":[2,1],"20":[2,1],"21":[2,1],"22":[2,1],"23":[1,4],"24":[1,3],"25":[1,2],"26":[1,1],"27":[2,8],"28":[10,9],"29":[8,2],"30":[8,6],"31":[6,4,3],"32":[2,1],"33":[2,1],"34":[2,1],"35":[2,134],"36":[136,135],"37":[3,131],"38":[19,115],"39":[134,19],"40":[19,15],"41":[19,15],"42":[19,16],"43":[19,16],"44":[19,3],"45":[19,15],"46":[3,16],"47":[3,16],"48":[10,9],"49":[19,10],"50":[10,0],"51":[10,3],"52":[10,6],"53":[10,8],"54":[10,7],"55":[10,8],"56":[10,8],"57":[3,7],"58":[2,8],"59":[6,128],"60":[134,6],"61":[7,1],"62":[7,1],"63":[7,1],"64":[1,4],"65":[2,3],"66":[2,3],"67":[5,2],"68":[2,10],"69":[12,11],"70":[10,1],"71":[10,1],"72":[6,5,3],"73":[4,1],"74":[4,1],"75":[4,2]}},"D:\\Tootega\\Source\\DASE50\\DASE\\src\\Designers\\ORM\\Commands\\OpenORMDesignerCommand.ts":{"path":"D:\\Tootega\\Source\\DASE50\\DASE\\src\\Designers\\ORM\\Commands\\OpenORMDesignerCommand.ts","statementMap":{"0":{"start":{"line":1,"column":0},"end":{"line":1,"column":33}},"1":{"start":{"line":2,"column":0},"end":{"line":2,"column":74}},"2":{"start":{"line":11,"column":8},"end":{"line":11,"column":35}},"3":{"start":{"line":16,"column":8},"end":{"line":16,"column":38}},"4":{"start":{"line":21,"column":24},"end":{"line":21,"column":62}},"5":{"start":{"line":22,"column":27},"end":{"line":24,"column":null}},"6":{"start":{"line":24,"column":34},"end":{"line":24,"column":55}},"7":{"start":{"line":26,"column":8},"end":{"line":26,"column":48}},"8":{"start":{"line":27,"column":8},"end":{"line":27,"column":23}},"9":{"start":{"line":32,"column":24},"end":{"line":32,"column":28}},"10":{"start":{"line":33,"column":8},"end":{"line":38,"column":9}},"11":{"start":{"line":35,"column":33},"end":{"line":35,"column":63}},"12":{"start":{"line":36,"column":12},"end":{"line":37,"column":54}},"13":{"start":{"line":37,"column":16},"end":{"line":37,"column":54}},"14":{"start":{"line":40,"column":8},"end":{"line":44,"column":9}},"15":{"start":{"line":42,"column":12},"end":{"line":42,"column":70}},"16":{"start":{"line":43,"column":12},"end":{"line":43,"column":19}},"17":{"start":{"line":46,"column":8},"end":{"line":50,"column":10}},"18":{"start":{"line":4,"column":0},"end":{"line":4,"column":13}},"19":{"start":{"line":54,"column":0},"end":{"line":54,"column":45}}},"fnMap":{"0":{"name":"(anonymous_9)","decl":{"start":{"line":9,"column":4},"end":{"line":9,"column":16}},"loc":{"start":{"line":9,"column":53},"end":{"line":12,"column":5}}},"1":{"name":"(anonymous_10)","decl":{"start":{"line":14,"column":4},"end":{"line":14,"column":10}},"loc":{"start":{"line":14,"column":24},"end":{"line":17,"column":5}}},"2":{"name":"(anonymous_11)","decl":{"start":{"line":19,"column":4},"end":{"line":19,"column":10}},"loc":{"start":{"line":19,"column":92},"end":{"line":28,"column":5}}},"3":{"name":"(anonymous_12)","decl":{"start":{"line":24,"column":12},"end":{"line":24,"column":13}},"loc":{"start":{"line":24,"column":34},"end":{"line":24,"column":55}}},"4":{"name":"(anonymous_13)","decl":{"start":{"line":30,"column":4},"end":{"line":30,"column":9}},"loc":{"start":{"line":30,"column":35},"end":{"line":51,"column":5}}}},"branchMap":{"0":{"loc":{"start":{"line":33,"column":8},"end":{"line":38,"column":9}},"type":"if","locations":[{"start":{"line":33,"column":8},"end":{"line":38,"column":9}},{"start":{},"end":{}}]},"1":{"loc":{"start":{"line":36,"column":12},"end":{"line":37,"column":54}},"type":"if","locations":[{"start":{"line":36,"column":12},"end":{"line":37,"column":54}},{"start":{},"end":{}}]},"2":{"loc":{"start":{"line":36,"column":16},"end":{"line":36,"column":81}},"type":"binary-expr","locations":[{"start":{"line":36,"column":16},"end":{"line":36,"column":28}},{"start":{"line":36,"column":32},"end":{"line":36,"column":81}}]},"3":{"loc":{"start":{"line":40,"column":8},"end":{"line":44,"column":9}},"type":"if","locations":[{"start":{"line":40,"column":8},"end":{"line":44,"column":9}},{"start":{},"end":{}}]}},"s":{"0":1,"1":1,"2":8,"3":5,"4":4,"5":4,"6":1,"7":4,"8":4,"9":5,"10":5,"11":4,"12":4,"13":2,"14":5,"15":2,"16":2,"17":3,"18":1,"19":1},"f":{"0":8,"1":5,"2":4,"3":1,"4":5},"b":{"0":[4,1],"1":[2,2],"2":[4,3],"3":[2,3]}}}}
