{"numTotalTestSuites":449,"numPassedTestSuites":449,"numFailedTestSuites":0,"numPendingTestSuites":0,"numTotalTests":1307,"numPassedTests":1307,"numFailedTests":0,"numPendingTests":0,"numTodoTests":0,"snapshot":{"added":0,"failure":false,"filesAdded":0,"filesRemoved":0,"filesRemovedList":[],"filesUnmatched":0,"filesUpdated":0,"matched":0,"total":0,"unchecked":0,"uncheckedKeysByFile":[],"unmatched":0,"updated":0,"didUpdate":false},"startTime":1768184007006,"success":true,"testResults":[{"assertionResults":[{"ancestorTitles":["Index Files"],"fullName":"Index Files should export Design elements","status":"passed","title":"should export Design elements","duration":0.839100000000002,"failureMessages":[],"meta":{}},{"ancestorTitles":["Index Files"],"fullName":"Index Files should export Core elements","status":"passed","title":"should export Core elements","duration":0.1928000000000054,"failureMessages":[],"meta":{}},{"ancestorTitles":["Index Files"],"fullName":"Index Files should export Main elements","status":"passed","title":"should export Main elements","duration":0.08619999999999095,"failureMessages":[],"meta":{}}],"startTime":1768184007756,"endTime":1768184007757.1929,"status":"passed","message":"","name":"D:/Tootega/Source/DASE50/TFX/tests/index.test.ts"},{"assertionResults":[{"ancestorTitles":["XBorderColor","constructor"],"fullName":"XBorderColor constructor should create with single color (uniform)","status":"passed","title":"should create with single color (uniform)","duration":1.5618000000000052,"failureMessages":[],"meta":{}},{"ancestorTitles":["XBorderColor","constructor"],"fullName":"XBorderColor constructor should create with four colors","status":"passed","title":"should create with four colors","duration":0.3190999999999917,"failureMessages":[],"meta":{}},{"ancestorTitles":["XBorderColor","constructor"],"fullName":"XBorderColor constructor should default to Black when no color provided","status":"passed","title":"should default to Black when no color provided","duration":0.30689999999998463,"failureMessages":[],"meta":{}},{"ancestorTitles":["XBorderColor","constructor"],"fullName":"XBorderColor constructor should treat missing args as uniform (2 args runtime call)","status":"passed","title":"should treat missing args as uniform (2 args runtime call)","duration":0.32380000000000564,"failureMessages":[],"meta":{}},{"ancestorTitles":["XBorderColor","constructor"],"fullName":"XBorderColor constructor should treat missing args as uniform (3 args runtime call)","status":"passed","title":"should treat missing args as uniform (3 args runtime call)","duration":0.234800000000007,"failureMessages":[],"meta":{}},{"ancestorTitles":["XBorderColor","constructor"],"fullName":"XBorderColor constructor should default left color when pA is nullish (4 args runtime call)","status":"passed","title":"should default left color when pA is nullish (4 args runtime call)","duration":0.18189999999998463,"failureMessages":[],"meta":{}},{"ancestorTitles":["XBorderColor","Parse"],"fullName":"XBorderColor Parse should parse single color (uniform)","status":"passed","title":"should parse single color (uniform)","duration":0.3538000000000352,"failureMessages":[],"meta":{}},{"ancestorTitles":["XBorderColor","Parse"],"fullName":"XBorderColor Parse should parse four colors","status":"passed","title":"should parse four colors","duration":0.31730000000004566,"failureMessages":[],"meta":{}},{"ancestorTitles":["XBorderColor","Parse"],"fullName":"XBorderColor Parse should throw on invalid format","status":"passed","title":"should throw on invalid format","duration":0.7084000000000401,"failureMessages":[],"meta":{}},{"ancestorTitles":["XBorderColor","IsOne"],"fullName":"XBorderColor IsOne should return true when all colors are equal","status":"passed","title":"should return true when all colors are equal","duration":0.10340000000002192,"failureMessages":[],"meta":{}},{"ancestorTitles":["XBorderColor","IsOne"],"fullName":"XBorderColor IsOne should return false when colors differ","status":"passed","title":"should return false when colors differ","duration":0.06520000000000437,"failureMessages":[],"meta":{}},{"ancestorTitles":["XBorderColor","ToString"],"fullName":"XBorderColor ToString should return single color when uniform","status":"passed","title":"should return single color when uniform","duration":0.16779999999999973,"failureMessages":[],"meta":{}},{"ancestorTitles":["XBorderColor","ToString"],"fullName":"XBorderColor ToString should return four colors when different","status":"passed","title":"should return four colors when different","duration":0.06470000000001619,"failureMessages":[],"meta":{}},{"ancestorTitles":["XBorderColor","ToString"],"fullName":"XBorderColor ToString should be parseable","status":"passed","title":"should be parseable","duration":0.13249999999999318,"failureMessages":[],"meta":{}},{"ancestorTitles":["XBorderColor","CompareTo"],"fullName":"XBorderColor CompareTo should compare to same string","status":"passed","title":"should compare to same string","duration":7.416999999999973,"failureMessages":[],"meta":{}},{"ancestorTitles":["XBorderColor","CompareTo"],"fullName":"XBorderColor CompareTo should handle null comparison","status":"passed","title":"should handle null comparison","duration":0.13920000000001664,"failureMessages":[],"meta":{}},{"ancestorTitles":["XBorderColor","CompareTo"],"fullName":"XBorderColor CompareTo should handle undefined comparison","status":"passed","title":"should handle undefined comparison","duration":0.09129999999998972,"failureMessages":[],"meta":{}},{"ancestorTitles":["XFont","constructor"],"fullName":"XFont constructor should create with default values","status":"passed","title":"should create with default values","duration":1.015800000000013,"failureMessages":[],"meta":{}},{"ancestorTitles":["XFont","constructor"],"fullName":"XFont constructor should create with specified values","status":"passed","title":"should create with specified values","duration":0.13979999999997972,"failureMessages":[],"meta":{}},{"ancestorTitles":["XFont","constructor"],"fullName":"XFont constructor should accept null color and use Black","status":"passed","title":"should accept null color and use Black","duration":0.04290000000003147,"failureMessages":[],"meta":{}},{"ancestorTitles":["XFont","constructor"],"fullName":"XFont constructor should enforce minimum size of 8 in constructor","status":"passed","title":"should enforce minimum size of 8 in constructor","duration":0.07720000000000482,"failureMessages":[],"meta":{}},{"ancestorTitles":["XFont","Parse"],"fullName":"XFont Parse should parse valid string","status":"passed","title":"should parse valid string","duration":0.10800000000000409,"failureMessages":[],"meta":{}},{"ancestorTitles":["XFont","Parse"],"fullName":"XFont Parse should throw on invalid format","status":"passed","title":"should throw on invalid format","duration":0.15589999999997417,"failureMessages":[],"meta":{}},{"ancestorTitles":["XFont","Family"],"fullName":"XFont Family should get and set family","status":"passed","title":"should get and set family","duration":0.05119999999999436,"failureMessages":[],"meta":{}},{"ancestorTitles":["XFont","Family"],"fullName":"XFont Family should return Arial when family is empty","status":"passed","title":"should return Arial when family is empty","duration":0.04009999999999536,"failureMessages":[],"meta":{}},{"ancestorTitles":["XFont","Size"],"fullName":"XFont Size should get and set size","status":"passed","title":"should get and set size","duration":0.05440000000004375,"failureMessages":[],"meta":{}},{"ancestorTitles":["XFont","Size"],"fullName":"XFont Size should return minimum 6 when size is too small","status":"passed","title":"should return minimum 6 when size is too small","duration":0.03870000000000573,"failureMessages":[],"meta":{}},{"ancestorTitles":["XFont","Size"],"fullName":"XFont Size should return 10 when size is 0","status":"passed","title":"should return 10 when size is 0","duration":0.03640000000001464,"failureMessages":[],"meta":{}},{"ancestorTitles":["XFont","Color"],"fullName":"XFont Color should get and set color","status":"passed","title":"should get and set color","duration":0.04199999999997317,"failureMessages":[],"meta":{}},{"ancestorTitles":["XFont","Alignment"],"fullName":"XFont Alignment should get and set alignment","status":"passed","title":"should get and set alignment","duration":0.037499999999965894,"failureMessages":[],"meta":{}},{"ancestorTitles":["XFont","FontStyle"],"fullName":"XFont FontStyle should get and set font style","status":"passed","title":"should get and set font style","duration":0.036200000000008004,"failureMessages":[],"meta":{}},{"ancestorTitles":["XFont","nullish internal defaults"],"fullName":"XFont nullish internal defaults should fall back when internal fields are nullish","status":"passed","title":"should fall back when internal fields are nullish","duration":0.06199999999995498,"failureMessages":[],"meta":{}},{"ancestorTitles":["XFont","IsValid"],"fullName":"XFont IsValid should return true for valid font","status":"passed","title":"should return true for valid font","duration":0.04040000000003374,"failureMessages":[],"meta":{}},{"ancestorTitles":["XFont","IsValid"],"fullName":"XFont IsValid should return false when family is empty","status":"passed","title":"should return false when family is empty","duration":0.03370000000001028,"failureMessages":[],"meta":{}},{"ancestorTitles":["XFont","IsValid"],"fullName":"XFont IsValid should return false when size is too small","status":"passed","title":"should return false when size is too small","duration":0.030100000000004457,"failureMessages":[],"meta":{}},{"ancestorTitles":["XFont","ToString"],"fullName":"XFont ToString should return formatted string","status":"passed","title":"should return formatted string","duration":0.09049999999996317,"failureMessages":[],"meta":{}},{"ancestorTitles":["XFont","ToString"],"fullName":"XFont ToString should be parseable","status":"passed","title":"should be parseable","duration":0.08080000000001064,"failureMessages":[],"meta":{}},{"ancestorTitles":["XFont","CompareTo"],"fullName":"XFont CompareTo should compare to same string","status":"passed","title":"should compare to same string","duration":0.08180000000004384,"failureMessages":[],"meta":{}},{"ancestorTitles":["XFont","CompareTo"],"fullName":"XFont CompareTo should handle null comparison","status":"passed","title":"should handle null comparison","duration":0.03509999999999991,"failureMessages":[],"meta":{}},{"ancestorTitles":["XFont","CompareTo"],"fullName":"XFont CompareTo should handle undefined comparison","status":"passed","title":"should handle undefined comparison","duration":0.030500000000017735,"failureMessages":[],"meta":{}}],"startTime":1768184007476,"endTime":1768184007492.0818,"status":"passed","message":"","name":"D:/Tootega/Source/DASE50/TFX/tests/XBorderColorFont.test.ts"},{"assertionResults":[{"ancestorTitles":["XTrackAction"],"fullName":"XTrackAction should have None value as 0","status":"passed","title":"should have None value as 0","duration":1.2741999999999507,"failureMessages":[],"meta":{}},{"ancestorTitles":["XTrackAction"],"fullName":"XTrackAction should have Insert value as 1","status":"passed","title":"should have Insert value as 1","duration":0.172300000000007,"failureMessages":[],"meta":{}},{"ancestorTitles":["XTrackAction"],"fullName":"XTrackAction should have Delete value as 2","status":"passed","title":"should have Delete value as 2","duration":0.08299999999996999,"failureMessages":[],"meta":{}},{"ancestorTitles":["XTrackAction"],"fullName":"XTrackAction should have Change value as 3","status":"passed","title":"should have Change value as 3","duration":0.15219999999999345,"failureMessages":[],"meta":{}},{"ancestorTitles":["XChangeTracker","constructor"],"fullName":"XChangeTracker constructor should create instance with default values","status":"passed","title":"should create instance with default values","duration":0.19929999999999382,"failureMessages":[],"meta":{}},{"ancestorTitles":["XChangeTracker","StartGroup"],"fullName":"XChangeTracker StartGroup should set group title and action for Insert","status":"passed","title":"should set group title and action for Insert","duration":0.13339999999999463,"failureMessages":[],"meta":{}},{"ancestorTitles":["XChangeTracker","StartGroup"],"fullName":"XChangeTracker StartGroup should set group title and action for Delete","status":"passed","title":"should set group title and action for Delete","duration":0.1419999999999959,"failureMessages":[],"meta":{}},{"ancestorTitles":["XChangeTracker","StartGroup"],"fullName":"XChangeTracker StartGroup should set group title and action for Change","status":"passed","title":"should set group title and action for Change","duration":0.08210000000002537,"failureMessages":[],"meta":{}},{"ancestorTitles":["XChangeTracker","StartGroup"],"fullName":"XChangeTracker StartGroup should set group title and action for None","status":"passed","title":"should set group title and action for None","duration":0.16789999999997463,"failureMessages":[],"meta":{}},{"ancestorTitles":["XChangeTracker","StartGroup"],"fullName":"XChangeTracker StartGroup should overwrite previous group","status":"passed","title":"should overwrite previous group","duration":0.09769999999997481,"failureMessages":[],"meta":{}},{"ancestorTitles":["XChangeTracker","StartGroup"],"fullName":"XChangeTracker StartGroup should handle empty title","status":"passed","title":"should handle empty title","duration":0.06100000000003547,"failureMessages":[],"meta":{}},{"ancestorTitles":["XChangeTracker","StartGroup"],"fullName":"XChangeTracker StartGroup should handle long title","status":"passed","title":"should handle long title","duration":0.04919999999998481,"failureMessages":[],"meta":{}},{"ancestorTitles":["XChangeTracker","TrackInsert"],"fullName":"XChangeTracker TrackInsert should accept trackable element","status":"passed","title":"should accept trackable element","duration":0.47390000000001464,"failureMessages":[],"meta":{}},{"ancestorTitles":["XChangeTracker","TrackInsert"],"fullName":"XChangeTracker TrackInsert should accept multiple elements","status":"passed","title":"should accept multiple elements","duration":0.11239999999997963,"failureMessages":[],"meta":{}},{"ancestorTitles":["XChangeTracker","TrackDelete"],"fullName":"XChangeTracker TrackDelete should accept trackable element","status":"passed","title":"should accept trackable element","duration":0.09639999999996007,"failureMessages":[],"meta":{}},{"ancestorTitles":["XChangeTracker","TrackDelete"],"fullName":"XChangeTracker TrackDelete should accept multiple elements","status":"passed","title":"should accept multiple elements","duration":0.08010000000001583,"failureMessages":[],"meta":{}},{"ancestorTitles":["XChangeTracker","TrackChange"],"fullName":"XChangeTracker TrackChange should accept all parameters","status":"passed","title":"should accept all parameters","duration":0.08869999999996026,"failureMessages":[],"meta":{}},{"ancestorTitles":["XChangeTracker","TrackChange"],"fullName":"XChangeTracker TrackChange should accept null old value","status":"passed","title":"should accept null old value","duration":0.07589999999999009,"failureMessages":[],"meta":{}},{"ancestorTitles":["XChangeTracker","TrackChange"],"fullName":"XChangeTracker TrackChange should accept null new value","status":"passed","title":"should accept null new value","duration":0.07260000000002265,"failureMessages":[],"meta":{}},{"ancestorTitles":["XChangeTracker","TrackChange"],"fullName":"XChangeTracker TrackChange should accept both null values","status":"passed","title":"should accept both null values","duration":0.08129999999999882,"failureMessages":[],"meta":{}},{"ancestorTitles":["XChangeTracker","GroupTitle getter"],"fullName":"XChangeTracker GroupTitle getter should return empty string initially","status":"passed","title":"should return empty string initially","duration":0.08349999999995816,"failureMessages":[],"meta":{}},{"ancestorTitles":["XChangeTracker","GroupTitle getter"],"fullName":"XChangeTracker GroupTitle getter should return set value","status":"passed","title":"should return set value","duration":0.06209999999998672,"failureMessages":[],"meta":{}},{"ancestorTitles":["XChangeTracker","GroupAction getter"],"fullName":"XChangeTracker GroupAction getter should return None initially","status":"passed","title":"should return None initially","duration":0.07390000000003738,"failureMessages":[],"meta":{}},{"ancestorTitles":["XChangeTracker","GroupAction getter"],"fullName":"XChangeTracker GroupAction getter should return set value","status":"passed","title":"should return set value","duration":0.0724999999999909,"failureMessages":[],"meta":{}}],"startTime":1768184007470,"endTime":1768184007474.0835,"status":"passed","message":"","name":"D:/Tootega/Source/DASE50/TFX/tests/XChangeTracker.test.ts"},{"assertionResults":[{"ancestorTitles":["XColor","constructor"],"fullName":"XColor constructor should create with RGB values (3 params)","status":"passed","title":"should create with RGB values (3 params)","duration":1.523399999999981,"failureMessages":[],"meta":{}},{"ancestorTitles":["XColor","constructor"],"fullName":"XColor constructor should create with ARGB values (4 params)","status":"passed","title":"should create with ARGB values (4 params)","duration":0.2755999999999972,"failureMessages":[],"meta":{}},{"ancestorTitles":["XColor","constructor"],"fullName":"XColor constructor should default missing channels when called with fewer args","status":"passed","title":"should default missing channels when called with fewer args","duration":0.30719999999996617,"failureMessages":[],"meta":{}},{"ancestorTitles":["XColor","static colors"],"fullName":"XColor static colors Transparent should have A=0","status":"passed","title":"Transparent should have A=0","duration":0.2692000000000121,"failureMessages":[],"meta":{}},{"ancestorTitles":["XColor","static colors"],"fullName":"XColor static colors Black should be 0,0,0","status":"passed","title":"Black should be 0,0,0","duration":0.18299999999999272,"failureMessages":[],"meta":{}},{"ancestorTitles":["XColor","static colors"],"fullName":"XColor static colors White should be 255,255,255","status":"passed","title":"White should be 255,255,255","duration":0.1420999999999708,"failureMessages":[],"meta":{}},{"ancestorTitles":["XColor","static colors"],"fullName":"XColor static colors Red should be 255,0,0","status":"passed","title":"Red should be 255,0,0","duration":0.25569999999999027,"failureMessages":[],"meta":{}},{"ancestorTitles":["XColor","static colors"],"fullName":"XColor static colors Green should be 0,255,0","status":"passed","title":"Green should be 0,255,0","duration":0.15159999999997353,"failureMessages":[],"meta":{}},{"ancestorTitles":["XColor","static colors"],"fullName":"XColor static colors Blue should be 0,0,255","status":"passed","title":"Blue should be 0,0,255","duration":0.3505999999999858,"failureMessages":[],"meta":{}},{"ancestorTitles":["XColor","Parse"],"fullName":"XColor Parse should parse valid hex string","status":"passed","title":"should parse valid hex string","duration":0.2656000000000063,"failureMessages":[],"meta":{}},{"ancestorTitles":["XColor","Parse"],"fullName":"XColor Parse should throw on invalid length","status":"passed","title":"should throw on invalid length","duration":0.9293999999999869,"failureMessages":[],"meta":{}},{"ancestorTitles":["XColor","Parse"],"fullName":"XColor Parse should throw on odd-length hex inside decoder","status":"passed","title":"should throw on odd-length hex inside decoder","duration":0.26909999999998035,"failureMessages":[],"meta":{}},{"ancestorTitles":["XColor","normalized values"],"fullName":"XColor normalized values Ri should return R/255","status":"passed","title":"Ri should return R/255","duration":0.17180000000001883,"failureMessages":[],"meta":{}},{"ancestorTitles":["XColor","normalized values"],"fullName":"XColor normalized values Gi should return G/255","status":"passed","title":"Gi should return G/255","duration":0.10930000000001883,"failureMessages":[],"meta":{}},{"ancestorTitles":["XColor","normalized values"],"fullName":"XColor normalized values Bi should return B/255","status":"passed","title":"Bi should return B/255","duration":0.09239999999999782,"failureMessages":[],"meta":{}},{"ancestorTitles":["XColor","IsTransparent"],"fullName":"XColor IsTransparent should return true when A=0","status":"passed","title":"should return true when A=0","duration":0.09480000000002065,"failureMessages":[],"meta":{}},{"ancestorTitles":["XColor","IsTransparent"],"fullName":"XColor IsTransparent should return false when A>0","status":"passed","title":"should return false when A>0","duration":0.0766999999999598,"failureMessages":[],"meta":{}},{"ancestorTitles":["XColor","Darkness"],"fullName":"XColor Darkness should return low value for dark colors","status":"passed","title":"should return low value for dark colors","duration":0.23039999999997463,"failureMessages":[],"meta":{}},{"ancestorTitles":["XColor","Darkness"],"fullName":"XColor Darkness should return high value for light colors","status":"passed","title":"should return high value for light colors","duration":0.12350000000003547,"failureMessages":[],"meta":{}},{"ancestorTitles":["XColor","Inverse"],"fullName":"XColor Inverse should return light color for dark input","status":"passed","title":"should return light color for dark input","duration":0.282100000000014,"failureMessages":[],"meta":{}},{"ancestorTitles":["XColor","Inverse"],"fullName":"XColor Inverse should return dark color for light input","status":"passed","title":"should return dark color for light input","duration":0.11050000000000182,"failureMessages":[],"meta":{}},{"ancestorTitles":["XColor","ToString"],"fullName":"XColor ToString should return hex string","status":"passed","title":"should return hex string","duration":0.15280000000001337,"failureMessages":[],"meta":{}},{"ancestorTitles":["XColor","Equals"],"fullName":"XColor Equals should return true for equal colors","status":"passed","title":"should return true for equal colors","duration":0.109800000000007,"failureMessages":[],"meta":{}},{"ancestorTitles":["XColor","Equals"],"fullName":"XColor Equals should return false for different colors","status":"passed","title":"should return false for different colors","duration":0.08710000000002083,"failureMessages":[],"meta":{}},{"ancestorTitles":["XColor","GetHashCode"],"fullName":"XColor GetHashCode should return consistent hash","status":"passed","title":"should return consistent hash","duration":0.1150000000000091,"failureMessages":[],"meta":{}},{"ancestorTitles":["XColor","GetHashCode"],"fullName":"XColor GetHashCode should return different hash for different colors","status":"passed","title":"should return different hash for different colors","duration":0.7195999999999572,"failureMessages":[],"meta":{}},{"ancestorTitles":["XHSLColor","constructor"],"fullName":"XHSLColor constructor should create with HSL values","status":"passed","title":"should create with HSL values","duration":0.1744000000000483,"failureMessages":[],"meta":{}},{"ancestorTitles":["XHSLColor","SetLuminance"],"fullName":"XHSLColor SetLuminance should return new HSL with changed luminance","status":"passed","title":"should return new HSL with changed luminance","duration":0.1338000000000079,"failureMessages":[],"meta":{}},{"ancestorTitles":["XHSLColor","SetLuminance"],"fullName":"XHSLColor SetLuminance should not modify original","status":"passed","title":"should not modify original","duration":0.16699999999997317,"failureMessages":[],"meta":{}},{"ancestorTitles":["XHSLColor","FromRgb"],"fullName":"XHSLColor FromRgb should convert black to HSL","status":"passed","title":"should convert black to HSL","duration":0.09829999999999472,"failureMessages":[],"meta":{}},{"ancestorTitles":["XHSLColor","FromRgb"],"fullName":"XHSLColor FromRgb should convert white to HSL","status":"passed","title":"should convert white to HSL","duration":0.07269999999999754,"failureMessages":[],"meta":{}},{"ancestorTitles":["XHSLColor","FromRgb"],"fullName":"XHSLColor FromRgb should convert red to HSL","status":"passed","title":"should convert red to HSL","duration":0.11560000000002901,"failureMessages":[],"meta":{}},{"ancestorTitles":["XHSLColor","FromRgb"],"fullName":"XHSLColor FromRgb should convert green to HSL (max=g branch)","status":"passed","title":"should convert green to HSL (max=g branch)","duration":0.13369999999997617,"failureMessages":[],"meta":{}},{"ancestorTitles":["XHSLColor","FromRgb"],"fullName":"XHSLColor FromRgb should convert blue to HSL (max=b branch)","status":"passed","title":"should convert blue to HSL (max=b branch)","duration":0.11259999999998627,"failureMessages":[],"meta":{}},{"ancestorTitles":["XHSLColor","FromRgb"],"fullName":"XHSLColor FromRgb should handle gray (max=min branch)","status":"passed","title":"should handle gray (max=min branch)","duration":0.0706000000000131,"failureMessages":[],"meta":{}},{"ancestorTitles":["XHSLColor","FromRgb"],"fullName":"XHSLColor FromRgb should handle red with g<b (wrap around)","status":"passed","title":"should handle red with g<b (wrap around)","duration":0.07690000000002328,"failureMessages":[],"meta":{}},{"ancestorTitles":["XHSLColor","ToRgb"],"fullName":"XHSLColor ToRgb should convert HSL to RGB","status":"passed","title":"should convert HSL to RGB","duration":0.14529999999996335,"failureMessages":[],"meta":{}},{"ancestorTitles":["XHSLColor","ToRgb"],"fullName":"XHSLColor ToRgb should handle grayscale (S=0)","status":"passed","title":"should handle grayscale (S=0)","duration":0.11160000000000991,"failureMessages":[],"meta":{}},{"ancestorTitles":["XHSLColor","ToRgb"],"fullName":"XHSLColor ToRgb should wrap hue below 0 (internal t<0 path)","status":"passed","title":"should wrap hue below 0 (internal t<0 path)","duration":0.21989999999999554,"failureMessages":[],"meta":{}},{"ancestorTitles":["XHSLColor","ToRgb"],"fullName":"XHSLColor ToRgb should wrap hue above 1 (internal t>1 path)","status":"passed","title":"should wrap hue above 1 (internal t>1 path)","duration":0.1685000000000514,"failureMessages":[],"meta":{}},{"ancestorTitles":["XHSLColor","ToRgb"],"fullName":"XHSLColor ToRgb should use the pL<0.5 q-branch","status":"passed","title":"should use the pL<0.5 q-branch","duration":0.14550000000002683,"failureMessages":[],"meta":{}},{"ancestorTitles":["XHSLColor","roundtrip conversion"],"fullName":"XHSLColor roundtrip conversion should preserve color through RGB->HSL->RGB","status":"passed","title":"should preserve color through RGB->HSL->RGB","duration":0.11199999999996635,"failureMessages":[],"meta":{}}],"startTime":1768184007476,"endTime":1768184007487.112,"status":"passed","message":"","name":"D:/Tootega/Source/DASE50/TFX/tests/XColor.test.ts"},{"assertionResults":[{"ancestorTitles":["XConvert","ToString"],"fullName":"XConvert ToString should return empty string for null","status":"passed","title":"should return empty string for null","duration":1.4039000000000215,"failureMessages":[],"meta":{}},{"ancestorTitles":["XConvert","ToString"],"fullName":"XConvert ToString should return empty string for undefined","status":"passed","title":"should return empty string for undefined","duration":0.18790000000001328,"failureMessages":[],"meta":{}},{"ancestorTitles":["XConvert","ToString"],"fullName":"XConvert ToString should return string as-is","status":"passed","title":"should return string as-is","duration":0.28010000000000446,"failureMessages":[],"meta":{}},{"ancestorTitles":["XConvert","ToString"],"fullName":"XConvert ToString should convert number to string","status":"passed","title":"should convert number to string","duration":0.44360000000000355,"failureMessages":[],"meta":{}},{"ancestorTitles":["XConvert","ToString"],"fullName":"XConvert ToString should convert boolean to string","status":"passed","title":"should convert boolean to string","duration":0.2196999999999889,"failureMessages":[],"meta":{}},{"ancestorTitles":["XConvert","ToString"],"fullName":"XConvert ToString should convert object to string","status":"passed","title":"should convert object to string","duration":0.179300000000012,"failureMessages":[],"meta":{}},{"ancestorTitles":["XConvert","ToString"],"fullName":"XConvert ToString should convert array to string","status":"passed","title":"should convert array to string","duration":0.21119999999999095,"failureMessages":[],"meta":{}},{"ancestorTitles":["XConvert","ToString"],"fullName":"XConvert ToString should handle NaN and Infinity","status":"passed","title":"should handle NaN and Infinity","duration":0.23999999999998067,"failureMessages":[],"meta":{}},{"ancestorTitles":["XConvert","ToString"],"fullName":"XConvert ToString should accept optional type parameter","status":"passed","title":"should accept optional type parameter","duration":0.3164000000000158,"failureMessages":[],"meta":{}},{"ancestorTitles":["XConvert","FromString"],"fullName":"XConvert FromString should return string as typed value","status":"passed","title":"should return string as typed value","duration":0.16620000000000346,"failureMessages":[],"meta":{}},{"ancestorTitles":["XConvert","FromString"],"fullName":"XConvert FromString should work with type parameter","status":"passed","title":"should work with type parameter","duration":0.12980000000001723,"failureMessages":[],"meta":{}},{"ancestorTitles":["XConvert","FromString"],"fullName":"XConvert FromString should handle empty string","status":"passed","title":"should handle empty string","duration":0.11459999999999582,"failureMessages":[],"meta":{}},{"ancestorTitles":["XConvert","FromString"],"fullName":"XConvert FromString should accept optional type parameter","status":"passed","title":"should accept optional type parameter","duration":0.10490000000001487,"failureMessages":[],"meta":{}},{"ancestorTitles":["XConvert","ToNumber"],"fullName":"XConvert ToNumber should return 0 for null","status":"passed","title":"should return 0 for null","duration":0.11860000000001492,"failureMessages":[],"meta":{}},{"ancestorTitles":["XConvert","ToNumber"],"fullName":"XConvert ToNumber should return 0 for undefined","status":"passed","title":"should return 0 for undefined","duration":0.106899999999996,"failureMessages":[],"meta":{}},{"ancestorTitles":["XConvert","ToNumber"],"fullName":"XConvert ToNumber should return number as-is","status":"passed","title":"should return number as-is","duration":0.1641999999999939,"failureMessages":[],"meta":{}},{"ancestorTitles":["XConvert","ToNumber"],"fullName":"XConvert ToNumber should convert string to number","status":"passed","title":"should convert string to number","duration":0.15399999999999636,"failureMessages":[],"meta":{}},{"ancestorTitles":["XConvert","ToNumber"],"fullName":"XConvert ToNumber should return 0 for non-numeric string","status":"passed","title":"should return 0 for non-numeric string","duration":0.205600000000004,"failureMessages":[],"meta":{}},{"ancestorTitles":["XConvert","ToNumber"],"fullName":"XConvert ToNumber should handle string with spaces","status":"passed","title":"should handle string with spaces","duration":0.11079999999998336,"failureMessages":[],"meta":{}},{"ancestorTitles":["XConvert","ToNumber"],"fullName":"XConvert ToNumber should convert boolean to number","status":"passed","title":"should convert boolean to number","duration":0.11539999999999395,"failureMessages":[],"meta":{}},{"ancestorTitles":["XConvert","ToNumber"],"fullName":"XConvert ToNumber should return 0 for NaN result","status":"passed","title":"should return 0 for NaN result","duration":0.11539999999999395,"failureMessages":[],"meta":{}},{"ancestorTitles":["XConvert","ToNumber"],"fullName":"XConvert ToNumber should handle Infinity","status":"passed","title":"should handle Infinity","duration":0.13589999999999236,"failureMessages":[],"meta":{}},{"ancestorTitles":["XConvert","ToBoolean"],"fullName":"XConvert ToBoolean should return false for null","status":"passed","title":"should return false for null","duration":0.14790000000002124,"failureMessages":[],"meta":{}},{"ancestorTitles":["XConvert","ToBoolean"],"fullName":"XConvert ToBoolean should return false for undefined","status":"passed","title":"should return false for undefined","duration":0.11609999999998877,"failureMessages":[],"meta":{}},{"ancestorTitles":["XConvert","ToBoolean"],"fullName":"XConvert ToBoolean should return boolean as-is","status":"passed","title":"should return boolean as-is","duration":0.1344999999999743,"failureMessages":[],"meta":{}},{"ancestorTitles":["XConvert","ToBoolean"],"fullName":"XConvert ToBoolean should convert string 'true' to true (case insensitive)","status":"passed","title":"should convert string 'true' to true (case insensitive)","duration":0.1741000000000099,"failureMessages":[],"meta":{}},{"ancestorTitles":["XConvert","ToBoolean"],"fullName":"XConvert ToBoolean should convert string '1' to true","status":"passed","title":"should convert string '1' to true","duration":0.05389999999999873,"failureMessages":[],"meta":{}},{"ancestorTitles":["XConvert","ToBoolean"],"fullName":"XConvert ToBoolean should convert string 'false' to false","status":"passed","title":"should convert string 'false' to false","duration":0.05719999999999459,"failureMessages":[],"meta":{}},{"ancestorTitles":["XConvert","ToBoolean"],"fullName":"XConvert ToBoolean should convert string '0' to false","status":"passed","title":"should convert string '0' to false","duration":0.03740000000001942,"failureMessages":[],"meta":{}},{"ancestorTitles":["XConvert","ToBoolean"],"fullName":"XConvert ToBoolean should convert other strings to false","status":"passed","title":"should convert other strings to false","duration":0.07210000000000605,"failureMessages":[],"meta":{}},{"ancestorTitles":["XConvert","ToBoolean"],"fullName":"XConvert ToBoolean should convert number to boolean","status":"passed","title":"should convert number to boolean","duration":0.07399999999998386,"failureMessages":[],"meta":{}},{"ancestorTitles":["XConvert","ToBoolean"],"fullName":"XConvert ToBoolean should convert object to boolean","status":"passed","title":"should convert object to boolean","duration":0.04870000000002506,"failureMessages":[],"meta":{}}],"startTime":1768184007627,"endTime":1768184007634.174,"status":"passed","message":"","name":"D:/Tootega/Source/DASE50/TFX/tests/XConvert.test.ts"},{"assertionResults":[{"ancestorTitles":["XLanguage","constructor"],"fullName":"XLanguage constructor should create instance with default values","status":"passed","title":"should create instance with default values","duration":1.4087999999999852,"failureMessages":[],"meta":{}},{"ancestorTitles":["XLanguage","InnerText"],"fullName":"XLanguage InnerText should be settable","status":"passed","title":"should be settable","duration":0.143100000000004,"failureMessages":[],"meta":{}},{"ancestorTitles":["XLanguage","InnerText"],"fullName":"XLanguage InnerText should handle empty string","status":"passed","title":"should handle empty string","duration":0.10950000000002547,"failureMessages":[],"meta":{}},{"ancestorTitles":["XLanguage","InnerText"],"fullName":"XLanguage InnerText should handle long text","status":"passed","title":"should handle long text","duration":0.15899999999999181,"failureMessages":[],"meta":{}},{"ancestorTitles":["XLanguage","Delete"],"fullName":"XLanguage Delete should accept deep parameter without error","status":"passed","title":"should accept deep parameter without error","duration":0.5928000000000111,"failureMessages":[],"meta":{}},{"ancestorTitles":["XData","constructor"],"fullName":"XData constructor should create instance with default values","status":"passed","title":"should create instance with default values","duration":0.6259000000000015,"failureMessages":[],"meta":{}},{"ancestorTitles":["XData","ID"],"fullName":"XData ID should be XGuid.EmptyValue by default","status":"passed","title":"should be XGuid.EmptyValue by default","duration":0.17559999999997444,"failureMessages":[],"meta":{}},{"ancestorTitles":["XData","ID"],"fullName":"XData ID should be settable","status":"passed","title":"should be settable","duration":1.1747000000000298,"failureMessages":[],"meta":{}},{"ancestorTitles":["XData","Name"],"fullName":"XData Name should be empty by default","status":"passed","title":"should be empty by default","duration":0.18439999999998236,"failureMessages":[],"meta":{}},{"ancestorTitles":["XData","Name"],"fullName":"XData Name should be settable","status":"passed","title":"should be settable","duration":0.08150000000000546,"failureMessages":[],"meta":{}},{"ancestorTitles":["XData","Data"],"fullName":"XData Data should be null by default","status":"passed","title":"should be null by default","duration":0.044399999999996,"failureMessages":[],"meta":{}},{"ancestorTitles":["XData","Data"],"fullName":"XData Data should accept any value","status":"passed","title":"should accept any value","duration":0.14699999999999136,"failureMessages":[],"meta":{}},{"ancestorTitles":["XData","InnerText"],"fullName":"XData InnerText should be empty by default","status":"passed","title":"should be empty by default","duration":0.044499999999970896,"failureMessages":[],"meta":{}},{"ancestorTitles":["XData","InnerText"],"fullName":"XData InnerText should be settable","status":"passed","title":"should be settable","duration":0.035900000000026466,"failureMessages":[],"meta":{}},{"ancestorTitles":["XData","ChildNodes"],"fullName":"XData ChildNodes should be empty array by default","status":"passed","title":"should be empty array by default","duration":0.06039999999995871,"failureMessages":[],"meta":{}},{"ancestorTitles":["XData","ChildNodes"],"fullName":"XData ChildNodes should allow adding child nodes","status":"passed","title":"should allow adding child nodes","duration":0.06059999999996535,"failureMessages":[],"meta":{}},{"ancestorTitles":["XData","Delete"],"fullName":"XData Delete should accept deep parameter without error","status":"passed","title":"should accept deep parameter without error","duration":0.14370000000002392,"failureMessages":[],"meta":{}},{"ancestorTitles":["XData","GetLanguage"],"fullName":"XData GetLanguage should return null","status":"passed","title":"should return null","duration":0.05349999999998545,"failureMessages":[],"meta":{}},{"ancestorTitles":["XData","AddLanguage"],"fullName":"XData AddLanguage should return new XLanguage","status":"passed","title":"should return new XLanguage","duration":0.04349999999999454,"failureMessages":[],"meta":{}},{"ancestorTitles":["XData","AddLanguage"],"fullName":"XData AddLanguage should return different instances each time","status":"passed","title":"should return different instances each time","duration":0.12259999999997717,"failureMessages":[],"meta":{}},{"ancestorTitles":["XBaseLinkData","constructor"],"fullName":"XBaseLinkData constructor should create instance with default values","status":"passed","title":"should create instance with default values","duration":0.07980000000003429,"failureMessages":[],"meta":{}},{"ancestorTitles":["XBaseLinkData","Element"],"fullName":"XBaseLinkData Element should be null by default","status":"passed","title":"should be null by default","duration":0.03129999999998745,"failureMessages":[],"meta":{}},{"ancestorTitles":["XBaseLinkData","Element"],"fullName":"XBaseLinkData Element should be settable","status":"passed","title":"should be settable","duration":0.05500000000000682,"failureMessages":[],"meta":{}},{"ancestorTitles":["XBaseLinkData","Element"],"fullName":"XBaseLinkData Element should be settable back to null","status":"passed","title":"should be settable back to null","duration":0.04479999999995243,"failureMessages":[],"meta":{}},{"ancestorTitles":["XBaseLinkData"],"fullName":"XBaseLinkData should inherit XData properties","status":"passed","title":"should inherit XData properties","duration":0.06239999999996826,"failureMessages":[],"meta":{}},{"ancestorTitles":["XLinkData","constructor"],"fullName":"XLinkData constructor should create instance with default values","status":"passed","title":"should create instance with default values","duration":0.08990000000000009,"failureMessages":[],"meta":{}},{"ancestorTitles":["XLinkData","Order"],"fullName":"XLinkData Order should be 0 by default","status":"passed","title":"should be 0 by default","duration":0.032199999999988904,"failureMessages":[],"meta":{}},{"ancestorTitles":["XLinkData","Order"],"fullName":"XLinkData Order should be settable","status":"passed","title":"should be settable","duration":0.03390000000001692,"failureMessages":[],"meta":{}},{"ancestorTitles":["XLinkData","Order"],"fullName":"XLinkData Order should accept negative values","status":"passed","title":"should accept negative values","duration":0.030100000000004457,"failureMessages":[],"meta":{}},{"ancestorTitles":["XLinkData","SetElement"],"fullName":"XLinkData SetElement should set Element and Data","status":"passed","title":"should set Element and Data","duration":0.06280000000003838,"failureMessages":[],"meta":{}},{"ancestorTitles":["XLinkData","SetElement"],"fullName":"XLinkData SetElement should update when called again","status":"passed","title":"should update when called again","duration":0.08859999999998536,"failureMessages":[],"meta":{}},{"ancestorTitles":["XLinkData","LoadElement"],"fullName":"XLinkData LoadElement should return element info when element is set","status":"passed","title":"should return element info when element is set","duration":0.08670000000000755,"failureMessages":[],"meta":{}},{"ancestorTitles":["XLinkData","LoadElement"],"fullName":"XLinkData LoadElement should return null element when not set","status":"passed","title":"should return null element when not set","duration":0.060000000000002274,"failureMessages":[],"meta":{}},{"ancestorTitles":["XLinkData","LoadElement"],"fullName":"XLinkData LoadElement should handle refresh parameter","status":"passed","title":"should handle refresh parameter","duration":0.05189999999998918,"failureMessages":[],"meta":{}},{"ancestorTitles":["XLinkArrayData","constructor"],"fullName":"XLinkArrayData constructor should create instance with default values","status":"passed","title":"should create instance with default values","duration":0.14350000000001728,"failureMessages":[],"meta":{}},{"ancestorTitles":["XLinkArrayData","ChildNodes"],"fullName":"XLinkArrayData ChildNodes should be empty array by default","status":"passed","title":"should be empty array by default","duration":0.037099999999952615,"failureMessages":[],"meta":{}},{"ancestorTitles":["XLinkArrayData","ChildNodes"],"fullName":"XLinkArrayData ChildNodes should contain XLinkData items","status":"passed","title":"should contain XLinkData items","duration":0.03849999999999909,"failureMessages":[],"meta":{}},{"ancestorTitles":["XLinkArrayData","SetElement"],"fullName":"XLinkArrayData SetElement should set elements from array","status":"passed","title":"should set elements from array","duration":0.16389999999995553,"failureMessages":[],"meta":{}},{"ancestorTitles":["XLinkArrayData","SetElement"],"fullName":"XLinkArrayData SetElement should set correct order on each XLinkData","status":"passed","title":"should set correct order on each XLinkData","duration":0.06560000000001764,"failureMessages":[],"meta":{}},{"ancestorTitles":["XLinkArrayData","SetElement"],"fullName":"XLinkArrayData SetElement should set Data with array of IDs","status":"passed","title":"should set Data with array of IDs","duration":0.06209999999998672,"failureMessages":[],"meta":{}},{"ancestorTitles":["XLinkArrayData","SetElement"],"fullName":"XLinkArrayData SetElement should handle empty array","status":"passed","title":"should handle empty array","duration":0.05889999999999418,"failureMessages":[],"meta":{}},{"ancestorTitles":["XLinkArrayData","LoadElement"],"fullName":"XLinkArrayData LoadElement should return ok when all elements are set","status":"passed","title":"should return ok when all elements are set","duration":0.07540000000000191,"failureMessages":[],"meta":{}},{"ancestorTitles":["XLinkArrayData","LoadElement"],"fullName":"XLinkArrayData LoadElement should return not ok when element is missing","status":"passed","title":"should return not ok when element is missing","duration":0.048299999999983356,"failureMessages":[],"meta":{}},{"ancestorTitles":["XLinkArrayData","LoadElement"],"fullName":"XLinkArrayData LoadElement should return ok when no children","status":"passed","title":"should return ok when no children","duration":0.045099999999990814,"failureMessages":[],"meta":{}},{"ancestorTitles":["XLinkArrayData","Where"],"fullName":"XLinkArrayData Where should return copy of ChildNodes","status":"passed","title":"should return copy of ChildNodes","duration":0.06939999999997326,"failureMessages":[],"meta":{}},{"ancestorTitles":["XLinkArrayData","Where"],"fullName":"XLinkArrayData Where should return independent copy","status":"passed","title":"should return independent copy","duration":0.07389999999998054,"failureMessages":[],"meta":{}},{"ancestorTitles":["XLinkArrayData","Where"],"fullName":"XLinkArrayData Where should return empty array when no children","status":"passed","title":"should return empty array when no children","duration":0.07949999999999591,"failureMessages":[],"meta":{}},{"ancestorTitles":["XParentData","constructor"],"fullName":"XParentData constructor should create instance with default values","status":"passed","title":"should create instance with default values","duration":0.16950000000002774,"failureMessages":[],"meta":{}},{"ancestorTitles":["XParentData","IsDocumentOk"],"fullName":"XParentData IsDocumentOk should be true by default","status":"passed","title":"should be true by default","duration":0.057399999999972806,"failureMessages":[],"meta":{}},{"ancestorTitles":["XParentData","IsDocumentOk"],"fullName":"XParentData IsDocumentOk should be settable","status":"passed","title":"should be settable","duration":0.05110000000001946,"failureMessages":[],"meta":{}},{"ancestorTitles":["XParentData","IsElementOk"],"fullName":"XParentData IsElementOk should be true by default","status":"passed","title":"should be true by default","duration":0.04699999999996862,"failureMessages":[],"meta":{}},{"ancestorTitles":["XParentData","IsElementOk"],"fullName":"XParentData IsElementOk should be settable","status":"passed","title":"should be settable","duration":0.046899999999993724,"failureMessages":[],"meta":{}},{"ancestorTitles":["XParentData","Refresh"],"fullName":"XParentData Refresh should set IsDocumentOk to true","status":"passed","title":"should set IsDocumentOk to true","duration":0.06349999999997635,"failureMessages":[],"meta":{}},{"ancestorTitles":["XParentData","Refresh"],"fullName":"XParentData Refresh should set IsElementOk based on Element","status":"passed","title":"should set IsElementOk based on Element","duration":0.09219999999999118,"failureMessages":[],"meta":{}},{"ancestorTitles":["XParentData","Refresh"],"fullName":"XParentData Refresh should accept userCheck parameter","status":"passed","title":"should accept userCheck parameter","duration":0.0766999999999598,"failureMessages":[],"meta":{}},{"ancestorTitles":["XParentData","SetElement"],"fullName":"XParentData SetElement should set Element and Data","status":"passed","title":"should set Element and Data","duration":0.0835999999999899,"failureMessages":[],"meta":{}},{"ancestorTitles":["XParentData","SetElement"],"fullName":"XParentData SetElement should update when called again","status":"passed","title":"should update when called again","duration":0.07459999999997535,"failureMessages":[],"meta":{}},{"ancestorTitles":["XValues","constructor"],"fullName":"XValues constructor should create instance that extends XElement","status":"passed","title":"should create instance that extends XElement","duration":0.14859999999998763,"failureMessages":[],"meta":{}},{"ancestorTitles":["XValues","constructor"],"fullName":"XValues constructor should have XElement properties","status":"passed","title":"should have XElement properties","duration":0.2189000000000192,"failureMessages":[],"meta":{}},{"ancestorTitles":["XValues","GetChild with constructor"],"fullName":"XValues GetChild with constructor should return child by constructor type","status":"passed","title":"should return child by constructor type","duration":0.17489999999997963,"failureMessages":[],"meta":{}},{"ancestorTitles":["XValues","GetChild with constructor"],"fullName":"XValues GetChild with constructor should return null when no matching child","status":"passed","title":"should return null when no matching child","duration":0.10059999999998581,"failureMessages":[],"meta":{}},{"ancestorTitles":["XValues","GetChild with constructor"],"fullName":"XValues GetChild with constructor should work with predicate","status":"passed","title":"should work with predicate","duration":0.116800000000012,"failureMessages":[],"meta":{}},{"ancestorTitles":["XValues","GetChild with constructor"],"fullName":"XValues GetChild with constructor should return null when predicate matches nothing","status":"passed","title":"should return null when predicate matches nothing","duration":0.08759999999995216,"failureMessages":[],"meta":{}},{"ancestorTitles":["XValues","GetChild with XProperty-like object"],"fullName":"XValues GetChild with XProperty-like object should return child by property ID","status":"passed","title":"should return child by property ID","duration":0.09759999999999991,"failureMessages":[],"meta":{}},{"ancestorTitles":["XValues","GetChild with XProperty-like object"],"fullName":"XValues GetChild with XProperty-like object should return null when property ID not found","status":"passed","title":"should return null when property ID not found","duration":0.07689999999996644,"failureMessages":[],"meta":{}},{"ancestorTitles":["XValues","GetChild with XProperty-like object"],"fullName":"XValues GetChild with XProperty-like object should match first child with same ID","status":"passed","title":"should match first child with same ID","duration":0.08019999999999072,"failureMessages":[],"meta":{}},{"ancestorTitles":["XValues","GetChildById"],"fullName":"XValues GetChildById should return child by ID","status":"passed","title":"should return child by ID","duration":0.24930000000000518,"failureMessages":[],"meta":{}},{"ancestorTitles":["XValues","GetChildById"],"fullName":"XValues GetChildById should return null when ID not found","status":"passed","title":"should return null when ID not found","duration":0.13370000000003301,"failureMessages":[],"meta":{}},{"ancestorTitles":["XValues","GetChildById"],"fullName":"XValues GetChildById should return correct typed child","status":"passed","title":"should return correct typed child","duration":0.15390000000002146,"failureMessages":[],"meta":{}},{"ancestorTitles":["XValues","GetChildById"],"fullName":"XValues GetChildById should return first matching child","status":"passed","title":"should return first matching child","duration":0.08999999999997499,"failureMessages":[],"meta":{}},{"ancestorTitles":["XValues","GetChildById"],"fullName":"XValues GetChildById should work with empty ChildNodes","status":"passed","title":"should work with empty ChildNodes","duration":0.06989999999996144,"failureMessages":[],"meta":{}},{"ancestorTitles":["XValues","GetChildData"],"fullName":"XValues GetChildData should return first XData child","status":"passed","title":"should return first XData child","duration":0.09390000000001919,"failureMessages":[],"meta":{}},{"ancestorTitles":["XValues","GetChildData"],"fullName":"XValues GetChildData should return null when no children","status":"passed","title":"should return null when no children","duration":0.06460000000004129,"failureMessages":[],"meta":{}},{"ancestorTitles":["XValues","GetChildData"],"fullName":"XValues GetChildData should return first XData instance","status":"passed","title":"should return first XData instance","duration":0.07800000000003138,"failureMessages":[],"meta":{}},{"ancestorTitles":["XValues","GetChildData"],"fullName":"XValues GetChildData should work with XLinkData children","status":"passed","title":"should work with XLinkData children","duration":0.08250000000003865,"failureMessages":[],"meta":{}},{"ancestorTitles":["XValues","GetChildData"],"fullName":"XValues GetChildData should return null when children exist but are not XData instances","status":"passed","title":"should return null when children exist but are not XData instances","duration":0.08210000000002537,"failureMessages":[],"meta":{}},{"ancestorTitles":["XValues","CreateChild"],"fullName":"XValues CreateChild should create XData with correct ID","status":"passed","title":"should create XData with correct ID","duration":1.1218999999999824,"failureMessages":[],"meta":{}},{"ancestorTitles":["XValues","CreateChild"],"fullName":"XValues CreateChild should call AppendChild","status":"passed","title":"should call AppendChild","duration":0.24619999999998754,"failureMessages":[],"meta":{}},{"ancestorTitles":["XValues","CreateChild"],"fullName":"XValues CreateChild should set name when provided","status":"passed","title":"should set name when provided","duration":0.14580000000000837,"failureMessages":[],"meta":{}},{"ancestorTitles":["XValues","CreateChild"],"fullName":"XValues CreateChild should use empty string when name not provided","status":"passed","title":"should use empty string when name not provided","duration":0.217899999999986,"failureMessages":[],"meta":{}},{"ancestorTitles":["XValues","CreateChild"],"fullName":"XValues CreateChild should use empty string when name is undefined","status":"passed","title":"should use empty string when name is undefined","duration":0.14280000000002246,"failureMessages":[],"meta":{}},{"ancestorTitles":["XValues","AddValue"],"fullName":"XValues AddValue should create XData for non-linked property","status":"passed","title":"should create XData for non-linked property","duration":0.21739999999999782,"failureMessages":[],"meta":{}},{"ancestorTitles":["XValues","AddValue"],"fullName":"XValues AddValue should create XLinkData for linked non-array property","status":"passed","title":"should create XLinkData for linked non-array property","duration":0.12749999999999773,"failureMessages":[],"meta":{}},{"ancestorTitles":["XValues","AddValue"],"fullName":"XValues AddValue should create XLinkArrayData for linked array property","status":"passed","title":"should create XLinkArrayData for linked array property","duration":0.09229999999996608,"failureMessages":[],"meta":{}},{"ancestorTitles":["XValues","AddValue"],"fullName":"XValues AddValue should call AppendChild with data","status":"passed","title":"should call AppendChild with data","duration":0.2592999999999961,"failureMessages":[],"meta":{}},{"ancestorTitles":["XValues","AddValue"],"fullName":"XValues AddValue should handle linked property without TypeName","status":"passed","title":"should handle linked property without TypeName","duration":0.13470000000000937,"failureMessages":[],"meta":{}},{"ancestorTitles":["XValues","AddValue"],"fullName":"XValues AddValue should set ID and Name from property","status":"passed","title":"should set ID and Name from property","duration":0.12369999999998527,"failureMessages":[],"meta":{}}],"startTime":1768184007476,"endTime":1768184007490.1348,"status":"passed","message":"","name":"D:/Tootega/Source/DASE50/TFX/tests/XData.test.ts"},{"assertionResults":[{"ancestorTitles":["XElementRegistry Coverage"],"fullName":"XElementRegistry Coverage should handle registration with base class","status":"passed","title":"should handle registration with base class","duration":2.632600000000025,"failureMessages":[],"meta":{}},{"ancestorTitles":["XElementRegistry Coverage"],"fullName":"XElementRegistry Coverage should register and retrieve properties","status":"passed","title":"should register and retrieve properties","duration":1.1353000000000293,"failureMessages":[],"meta":{}},{"ancestorTitles":["XElementRegistry Coverage"],"fullName":"XElementRegistry Coverage should manage child tags","status":"passed","title":"should manage child tags","duration":0.41039999999998145,"failureMessages":[],"meta":{}},{"ancestorTitles":["XElementRegistry Coverage"],"fullName":"XElementRegistry Coverage should retrieve by ClassID and Constructor","status":"passed","title":"should retrieve by ClassID and Constructor","duration":0.42269999999996344,"failureMessages":[],"meta":{}},{"ancestorTitles":["XElementRegistry Coverage"],"fullName":"XElementRegistry Coverage should handle GetAllTags and HasTag","status":"passed","title":"should handle GetAllTags and HasTag","duration":0.3243999999999687,"failureMessages":[],"meta":{}},{"ancestorTitles":["XElementRegistry Coverage"],"fullName":"XElementRegistry Coverage should handle CreateElement failure","status":"passed","title":"should handle CreateElement failure","duration":0.31599999999991724,"failureMessages":[],"meta":{}},{"ancestorTitles":["XElementRegistry Coverage"],"fullName":"XElementRegistry Coverage should work with decorators","status":"passed","title":"should work with decorators","duration":0.3890999999999849,"failureMessages":[],"meta":{}},{"ancestorTitles":["XSerializationContext Coverage"],"fullName":"XSerializationContext Coverage should handle property and element tracking","status":"passed","title":"should handle property and element tracking","duration":0.7527000000000044,"failureMessages":[],"meta":{}},{"ancestorTitles":["XSerializationContext Coverage"],"fullName":"XSerializationContext Coverage should generate new line based on indent option","status":"passed","title":"should generate new line based on indent option","duration":0.25260000000002947,"failureMessages":[],"meta":{}},{"ancestorTitles":["XTypeConverter Coverage"],"fullName":"XTypeConverter Coverage should clear all state","status":"passed","title":"should clear all state","duration":0.13369999999997617,"failureMessages":[],"meta":{}},{"ancestorTitles":["XTypeConverter Coverage"],"fullName":"XTypeConverter Coverage should resolve references","status":"passed","title":"should resolve references","duration":0.25260000000002947,"failureMessages":[],"meta":{}},{"ancestorTitles":["XTypeConverter Coverage"],"fullName":"XTypeConverter Coverage should handle property and element tracking additional paths","status":"passed","title":"should handle property and element tracking additional paths","duration":0.568300000000022,"failureMessages":[],"meta":{}},{"ancestorTitles":["XTypeConverter Coverage"],"fullName":"XTypeConverter Coverage should handle default value checking for various types","status":"passed","title":"should handle default value checking for various types","duration":0.6116000000000668,"failureMessages":[],"meta":{}},{"ancestorTitles":["XTypeConverter Coverage"],"fullName":"XTypeConverter Coverage should handle FromString edge cases and invalid formats","status":"passed","title":"should handle FromString edge cases and invalid formats","duration":1.304899999999975,"failureMessages":[],"meta":{}},{"ancestorTitles":["XTypeConverter Coverage"],"fullName":"XTypeConverter Coverage should handle ToString for various types","status":"passed","title":"should handle ToString for various types","duration":0.315900000000056,"failureMessages":[],"meta":{}},{"ancestorTitles":["XTypeConverter Coverage"],"fullName":"XTypeConverter Coverage should infer types correctly","status":"passed","title":"should infer types correctly","duration":0.365099999999984,"failureMessages":[],"meta":{}},{"ancestorTitles":["XmlReader and XmlWriter Coverage"],"fullName":"XmlReader and XmlWriter Coverage should write XData with multiple cultures","status":"passed","title":"should write XData with multiple cultures","duration":0.3205000000000382,"failureMessages":[],"meta":{}},{"ancestorTitles":["XmlReader and XmlWriter Coverage"],"fullName":"XmlReader and XmlWriter Coverage should write XLinkData","status":"passed","title":"should write XLinkData","duration":0.1108000000000402,"failureMessages":[],"meta":{}},{"ancestorTitles":["XmlReader and XmlWriter Coverage"],"fullName":"XmlReader and XmlWriter Coverage should write XLinkedShape","status":"passed","title":"should write XLinkedShape","duration":0.14379999999994197,"failureMessages":[],"meta":{}},{"ancestorTitles":["XmlReader and XmlWriter Coverage"],"fullName":"XmlReader and XmlWriter Coverage should handle Parse errors and empty input","status":"passed","title":"should handle Parse errors and empty input","duration":0.3270999999999731,"failureMessages":[],"meta":{}},{"ancestorTitles":["XmlReader and XmlWriter Coverage"],"fullName":"XmlReader and XmlWriter Coverage should handle unmatched end tags in StrictMode","status":"passed","title":"should handle unmatched end tags in StrictMode","duration":0.07459999999991851,"failureMessages":[],"meta":{}},{"ancestorTitles":["XmlReader and XmlWriter Coverage"],"fullName":"XmlReader and XmlWriter Coverage should handle ReadXLinkedShape","status":"passed","title":"should handle ReadXLinkedShape","duration":0.14780000000007476,"failureMessages":[],"meta":{}},{"ancestorTitles":["XmlReader and XmlWriter Coverage"],"fullName":"XmlReader and XmlWriter Coverage should find nodes by path and tag name","status":"passed","title":"should find nodes by path and tag name","duration":0.20670000000006894,"failureMessages":[],"meta":{}},{"ancestorTitles":["XmlReader and XmlWriter Coverage"],"fullName":"XmlReader and XmlWriter Coverage should skip declaration correctly","status":"passed","title":"should skip declaration correctly","duration":0.06960000000003674,"failureMessages":[],"meta":{}},{"ancestorTitles":["XmlReader and XmlWriter Coverage"],"fullName":"XmlReader and XmlWriter Coverage should handle mixed content and whitespace","status":"passed","title":"should handle mixed content and whitespace","duration":0.06949999999994816,"failureMessages":[],"meta":{}},{"ancestorTitles":["XSerializationEngine remaining lines"],"fullName":"XSerializationEngine remaining lines should handle SerializeToDocument","status":"passed","title":"should handle SerializeToDocument","duration":0.42259999999998854,"failureMessages":[],"meta":{}},{"ancestorTitles":["XSerializationEngine remaining lines"],"fullName":"XSerializationEngine remaining lines should handle errors during serialization","status":"passed","title":"should handle errors during serialization","duration":0.8766000000000531,"failureMessages":[],"meta":{}},{"ancestorTitles":["XSerializationEngine remaining lines"],"fullName":"XSerializationEngine remaining lines should handle errors during deserialization","status":"passed","title":"should handle errors during deserialization","duration":0.2881999999999607,"failureMessages":[],"meta":{}},{"ancestorTitles":["XSerializationEngine remaining lines"],"fullName":"XSerializationEngine remaining lines should validate XML and report errors","status":"passed","title":"should validate XML and report errors","duration":0.23820000000000618,"failureMessages":[],"meta":{}},{"ancestorTitles":["Additional Data Coverage"],"fullName":"Additional Data Coverage XSerializationEngine: Configure, Configuration and Registry","status":"passed","title":"XSerializationEngine: Configure, Configuration and Registry","duration":0.1107000000000653,"failureMessages":[],"meta":{}},{"ancestorTitles":["Additional Data Coverage"],"fullName":"Additional Data Coverage XSerializationEngine: RegisterElement and GetClassID","status":"passed","title":"XSerializationEngine: RegisterElement and GetClassID","duration":0.10609999999996944,"failureMessages":[],"meta":{}},{"ancestorTitles":["Additional Data Coverage"],"fullName":"Additional Data Coverage XSerializationEngine: SerializeDocumentContent lambda and conditions","status":"passed","title":"XSerializationEngine: SerializeDocumentContent lambda and conditions","duration":0.6427999999999656,"failureMessages":[],"meta":{}},{"ancestorTitles":["Additional Data Coverage"],"fullName":"Additional Data Coverage XSerializationEngine: SerializeToDocument with properties (Lines 366-377)","status":"passed","title":"XSerializationEngine: SerializeToDocument with properties (Lines 366-377)","duration":0.34339999999997417,"failureMessages":[],"meta":{}},{"ancestorTitles":["Additional Data Coverage"],"fullName":"Additional Data Coverage XSerializationEngine: SerializeDocumentContent with only AsAttribute properties (Line 367)","status":"passed","title":"XSerializationEngine: SerializeDocumentContent with only AsAttribute properties (Line 367)","duration":0.26700000000005275,"failureMessages":[],"meta":{}},{"ancestorTitles":["Additional Data Coverage"],"fullName":"Additional Data Coverage XSerializationEngine: Factory methods","status":"passed","title":"XSerializationEngine: Factory methods","duration":0.13849999999990814,"failureMessages":[],"meta":{}},{"ancestorTitles":["Additional Data Coverage"],"fullName":"Additional Data Coverage XSerializationEngine: ValidateXml catch block","status":"passed","title":"XSerializationEngine: ValidateXml catch block","duration":0.18289999999990414,"failureMessages":[],"meta":{}},{"ancestorTitles":["Additional Data Coverage"],"fullName":"Additional Data Coverage XSerializationEngine: ValidateNode recursion","status":"passed","title":"XSerializationEngine: ValidateNode recursion","duration":0.10040000000003602,"failureMessages":[],"meta":{}},{"ancestorTitles":["Additional Data Coverage"],"fullName":"Additional Data Coverage XSerializationEngine: InvokeHooksAfterDeserialize","status":"passed","title":"XSerializationEngine: InvokeHooksAfterDeserialize","duration":0.4330999999999676,"failureMessages":[],"meta":{}},{"ancestorTitles":["Additional Data Coverage"],"fullName":"Additional Data Coverage XmlReader: ParseAttributes break","status":"passed","title":"XmlReader: ParseAttributes break","duration":0.1230999999999085,"failureMessages":[],"meta":{}},{"ancestorTitles":["Additional Data Coverage"],"fullName":"Additional Data Coverage XmlReader: Read methods wrong tag","status":"passed","title":"XmlReader: Read methods wrong tag","duration":0.21899999999993724,"failureMessages":[],"meta":{}},{"ancestorTitles":["Additional Data Coverage"],"fullName":"Additional Data Coverage XmlReader: ReadElement unknown with IgnoreUnknownElements: false","status":"passed","title":"XmlReader: ReadElement unknown with IgnoreUnknownElements: false","duration":0.08569999999997435,"failureMessages":[],"meta":{}},{"ancestorTitles":["Additional Data Coverage"],"fullName":"Additional Data Coverage XmlReader: ApplyAttributes catch block","status":"passed","title":"XmlReader: ApplyAttributes catch block","duration":0.1413000000000011,"failureMessages":[],"meta":{}},{"ancestorTitles":["Additional Data Coverage"],"fullName":"Additional Data Coverage XmlWriter: Property value error","status":"passed","title":"XmlWriter: Property value error","duration":0.7947999999998956,"failureMessages":[],"meta":{}},{"ancestorTitles":["Additional Data Coverage"],"fullName":"Additional Data Coverage XmlWriter: Default value continue","status":"passed","title":"XmlWriter: Default value continue","duration":0.2220999999999549,"failureMessages":[],"meta":{}},{"ancestorTitles":["Additional Data Coverage"],"fullName":"Additional Data Coverage XmlWriter: Escape null/undefined","status":"passed","title":"XmlWriter: Escape null/undefined","duration":0.06870000000003529,"failureMessages":[],"meta":{}},{"ancestorTitles":["Additional Data Coverage"],"fullName":"Additional Data Coverage XmlWriter: Child elements with properties function","status":"passed","title":"XmlWriter: Child elements with properties function","duration":0.15760000000000218,"failureMessages":[],"meta":{}},{"ancestorTitles":["Final Coverage Gaps"],"fullName":"Final Coverage Gaps XSerializationEngine: Custom Serializers","status":"passed","title":"XSerializationEngine: Custom Serializers","duration":0.14430000000004384,"failureMessages":[],"meta":{}},{"ancestorTitles":["Final Coverage Gaps"],"fullName":"Final Coverage Gaps XSerializationEngine: SerializeToDocument null element","status":"passed","title":"XSerializationEngine: SerializeToDocument null element","duration":0.07370000000003074,"failureMessages":[],"meta":{}},{"ancestorTitles":["Final Coverage Gaps"],"fullName":"Final Coverage Gaps XSerializationEngine: Before hooks","status":"passed","title":"XSerializationEngine: Before hooks","duration":0.177599999999984,"failureMessages":[],"meta":{}},{"ancestorTitles":["Final Coverage Gaps"],"fullName":"Final Coverage Gaps XTypeConverter: Decimal and Int64","status":"passed","title":"XTypeConverter: Decimal and Int64","duration":0.133199999999988,"failureMessages":[],"meta":{}},{"ancestorTitles":["Final Coverage Gaps"],"fullName":"Final Coverage Gaps XTypeConverter: Thickness and Point[]","status":"passed","title":"XTypeConverter: Thickness and Point[]","duration":0.2558999999999969,"failureMessages":[],"meta":{}},{"ancestorTitles":["Final Coverage Gaps"],"fullName":"Final Coverage Gaps XTypeConverter: fallback branches for invalid/null values","status":"passed","title":"XTypeConverter: fallback branches for invalid/null values","duration":0.2544000000000324,"failureMessages":[],"meta":{}},{"ancestorTitles":["Final Coverage Gaps"],"fullName":"Final Coverage Gaps XmlReader: ApplyProperties error","status":"passed","title":"XmlReader: ApplyProperties error","duration":0.11040000000002692,"failureMessages":[],"meta":{}},{"ancestorTitles":["Final Coverage Gaps"],"fullName":"Final Coverage Gaps XmlWriter: WriteAttribute and Default continues","status":"passed","title":"XmlWriter: WriteAttribute and Default continues","duration":0.06110000000001037,"failureMessages":[],"meta":{}},{"ancestorTitles":["Final Coverage Gaps"],"fullName":"Final Coverage Gaps XElementRegistry: Registration with existing BaseClassName","status":"passed","title":"XElementRegistry: Registration with existing BaseClassName","duration":0.19529999999997472,"failureMessages":[],"meta":{}},{"ancestorTitles":["Final Coverage Gaps"],"fullName":"Final Coverage Gaps XSerializationContext: DecrementDepth when already 0","status":"passed","title":"XSerializationContext: DecrementDepth when already 0","duration":0.09010000000000673,"failureMessages":[],"meta":{}},{"ancestorTitles":["Final Coverage Gaps"],"fullName":"Final Coverage Gaps XSerializationContext: RegisterElement with empty GUID","status":"passed","title":"XSerializationContext: RegisterElement with empty GUID","duration":0.08459999999990941,"failureMessages":[],"meta":{}},{"ancestorTitles":["Final Coverage Gaps"],"fullName":"Final Coverage Gaps XTypeConverter: All branch paths for Size, Rect, Color","status":"passed","title":"XTypeConverter: All branch paths for Size, Rect, Color","duration":0.2624999999999318,"failureMessages":[],"meta":{}},{"ancestorTitles":["Final Coverage Gaps"],"fullName":"Final Coverage Gaps XmlWriter: IsPersistable and AsAttribute branches","status":"passed","title":"XmlWriter: IsPersistable and AsAttribute branches","duration":0.20910000000003492,"failureMessages":[],"meta":{}},{"ancestorTitles":["Final Coverage Gaps"],"fullName":"Final Coverage Gaps XmlReader: FindNode with null current","status":"passed","title":"XmlReader: FindNode with null current","duration":0.07079999999996289,"failureMessages":[],"meta":{}},{"ancestorTitles":["Final Coverage Gaps"],"fullName":"Final Coverage Gaps XmlReader: XML Declaration variants","status":"passed","title":"XmlReader: XML Declaration variants","duration":0.0627999999999247,"failureMessages":[],"meta":{}},{"ancestorTitles":["Final Coverage Gaps"],"fullName":"Final Coverage Gaps XmlWriter: WriteChildElements with non-persistable element","status":"passed","title":"XmlWriter: WriteChildElements with non-persistable element","duration":0.04869999999993979,"failureMessages":[],"meta":{}},{"ancestorTitles":["Final Coverage Gaps"],"fullName":"Final Coverage Gaps XTypeConverter: Guid IsDefault with both empty","status":"passed","title":"XTypeConverter: Guid IsDefault with both empty","duration":0.07660000000009859,"failureMessages":[],"meta":{}},{"ancestorTitles":["Final Coverage Gaps"],"fullName":"Final Coverage Gaps XTypeConverter: string[] IsDefault edge cases","status":"passed","title":"XTypeConverter: string[] IsDefault edge cases","duration":0.11369999999999436,"failureMessages":[],"meta":{}},{"ancestorTitles":["Final Coverage Gaps"],"fullName":"Final Coverage Gaps XElementRegistry: GetByTagName returns null for unknown tag","status":"passed","title":"XElementRegistry: GetByTagName returns null for unknown tag","duration":0.03890000000001237,"failureMessages":[],"meta":{}},{"ancestorTitles":["Final Coverage Gaps"],"fullName":"Final Coverage Gaps XElementRegistry: GetByClassID returns null for unknown classID","status":"passed","title":"XElementRegistry: GetByClassID returns null for unknown classID","duration":0.03230000000007749,"failureMessages":[],"meta":{}},{"ancestorTitles":["Final Coverage Gaps"],"fullName":"Final Coverage Gaps XElementRegistry: GetByConstructor returns null for unknown constructor","status":"passed","title":"XElementRegistry: GetByConstructor returns null for unknown constructor","duration":0.04280000000005657,"failureMessages":[],"meta":{}},{"ancestorTitles":["Final Coverage Gaps"],"fullName":"Final Coverage Gaps XElementRegistry: GetDerivedTypes returns empty array for unknown base","status":"passed","title":"XElementRegistry: GetDerivedTypes returns empty array for unknown base","duration":0.04329999999993106,"failureMessages":[],"meta":{}},{"ancestorTitles":["Final Coverage Gaps"],"fullName":"Final Coverage Gaps XElementRegistry: CreateElement returns null for unknown tag","status":"passed","title":"XElementRegistry: CreateElement returns null for unknown tag","duration":0.03120000000001255,"failureMessages":[],"meta":{}},{"ancestorTitles":["Final Coverage Gaps"],"fullName":"Final Coverage Gaps XElementRegistry: CreateElement catches constructor error","status":"passed","title":"XElementRegistry: CreateElement catches constructor error","duration":0.0886000000000422,"failureMessages":[],"meta":{}},{"ancestorTitles":["Final Coverage Gaps"],"fullName":"Final Coverage Gaps XElementRegistry: GetTagName returns ClassName when metadata not found","status":"passed","title":"XElementRegistry: GetTagName returns ClassName when metadata not found","duration":0.06229999999993652,"failureMessages":[],"meta":{}},{"ancestorTitles":["Final Coverage Gaps"],"fullName":"Final Coverage Gaps XmlReader: ReadXData without child XLanguage nodes","status":"passed","title":"XmlReader: ReadXData without child XLanguage nodes","duration":0.18889999999998963,"failureMessages":[],"meta":{}},{"ancestorTitles":["Final Coverage Gaps"],"fullName":"Final Coverage Gaps XmlReader: ReadElement with unknown type and IgnoreUnknownElements=true","status":"passed","title":"XmlReader: ReadElement with unknown type and IgnoreUnknownElements=true","duration":0.084699999999998,"failureMessages":[],"meta":{}},{"ancestorTitles":["Final Coverage Gaps"],"fullName":"Final Coverage Gaps XmlReader: ReadElement with unknown type and IgnoreUnknownElements=false","status":"passed","title":"XmlReader: ReadElement with unknown type and IgnoreUnknownElements=false","duration":0.06540000000006785,"failureMessages":[],"meta":{}},{"ancestorTitles":["Final Coverage Gaps"],"fullName":"Final Coverage Gaps XmlReader: ReadProperties with unknown property and IgnoreUnknownProperties=true","status":"passed","title":"XmlReader: ReadProperties with unknown property and IgnoreUnknownProperties=true","duration":0.07330000000001746,"failureMessages":[],"meta":{}},{"ancestorTitles":["Final Coverage Gaps"],"fullName":"Final Coverage Gaps XmlReader: ReadProperties with unknown property and IgnoreUnknownProperties=false","status":"passed","title":"XmlReader: ReadProperties with unknown property and IgnoreUnknownProperties=false","duration":0.06349999999997635,"failureMessages":[],"meta":{}},{"ancestorTitles":["Final Coverage Gaps"],"fullName":"Final Coverage Gaps XmlReader: ReadProperties with XLinkData branch","status":"passed","title":"XmlReader: ReadProperties with XLinkData branch","duration":0.0764000000000351,"failureMessages":[],"meta":{}},{"ancestorTitles":["Final Coverage Gaps"],"fullName":"Final Coverage Gaps XmlReader: ReadChildElements with Properties node skip","status":"passed","title":"XmlReader: ReadChildElements with Properties node skip","duration":0.05490000000008877,"failureMessages":[],"meta":{}},{"ancestorTitles":["Final Coverage Gaps"],"fullName":"Final Coverage Gaps XmlReader: ReadXData with non-XData tagName returns null","status":"passed","title":"XmlReader: ReadXData with non-XData tagName returns null","duration":0.08920000000000528,"failureMessages":[],"meta":{}},{"ancestorTitles":["Final Coverage Gaps"],"fullName":"Final Coverage Gaps XmlReader: ReadChildElements with null childElement","status":"passed","title":"XmlReader: ReadChildElements with null childElement","duration":0.06290000000001328,"failureMessages":[],"meta":{}},{"ancestorTitles":["Final Coverage Gaps"],"fullName":"Final Coverage Gaps XmlWriter: WriteXLinkData with null pDataEx","status":"passed","title":"XmlWriter: WriteXLinkData with null pDataEx","duration":0.07169999999996435,"failureMessages":[],"meta":{}},{"ancestorTitles":["Final Coverage Gaps"],"fullName":"Final Coverage Gaps XmlWriter: WriteChildElements with AsAttribute property not in attribute list","status":"passed","title":"XmlWriter: WriteChildElements with AsAttribute property not in attribute list","duration":0.17349999999999,"failureMessages":[],"meta":{}},{"ancestorTitles":["Final Coverage Gaps"],"fullName":"Final Coverage Gaps XSerializationContext: ResolveReferences with both source and target present","status":"passed","title":"XSerializationContext: ResolveReferences with both source and target present","duration":0.08830000000000382,"failureMessages":[],"meta":{}},{"ancestorTitles":["Final Coverage Gaps"],"fullName":"Final Coverage Gaps XSerializationEngine: InvokeHooks with hook that has BeforeSerialize","status":"passed","title":"XSerializationEngine: InvokeHooks with hook that has BeforeSerialize","duration":0.09659999999996671,"failureMessages":[],"meta":{}},{"ancestorTitles":["Final Coverage Gaps"],"fullName":"Final Coverage Gaps XTypeConverter: GetConverter returns null for unknown type","status":"passed","title":"XTypeConverter: GetConverter returns null for unknown type","duration":0.03890000000001237,"failureMessages":[],"meta":{}},{"ancestorTitles":["Final Coverage Gaps"],"fullName":"Final Coverage Gaps XTypeConverter: ToString with null converter returns string value","status":"passed","title":"XTypeConverter: ToString with null converter returns string value","duration":0.05550000000005184,"failureMessages":[],"meta":{}},{"ancestorTitles":["Final Coverage Gaps"],"fullName":"Final Coverage Gaps XTypeConverter: ToString with null value","status":"passed","title":"XTypeConverter: ToString with null value","duration":0.06349999999997635,"failureMessages":[],"meta":{}},{"ancestorTitles":["Final Coverage Gaps"],"fullName":"Final Coverage Gaps XTypeConverter: ToString infers type for empty array","status":"passed","title":"XTypeConverter: ToString infers type for empty array","duration":0.03710000000000946,"failureMessages":[],"meta":{}},{"ancestorTitles":["Final Coverage Gaps"],"fullName":"Final Coverage Gaps XTypeConverter: ToString infers type for array of non-Point objects","status":"passed","title":"XTypeConverter: ToString infers type for array of non-Point objects","duration":0.04490000000009786,"failureMessages":[],"meta":{}},{"ancestorTitles":["Final Coverage Gaps"],"fullName":"Final Coverage Gaps XmlReader: ReadXData with non-XLanguage child nodes","status":"passed","title":"XmlReader: ReadXData with non-XLanguage child nodes","d
[...]
test.ts"},{"assertionResults":[{"ancestorTitles":["XThickness","constructor"],"fullName":"XThickness constructor should create uniform thickness with single value","status":"passed","title":"should create uniform thickness with single value","duration":1.547900000000027,"failureMessages":[],"meta":{}},{"ancestorTitles":["XThickness","constructor"],"fullName":"XThickness constructor should create with four values","status":"passed","title":"should create with four values","duration":0.30270000000001573,"failureMessages":[],"meta":{}},{"ancestorTitles":["XThickness","Add"],"fullName":"XThickness Add should add two thicknesses","status":"passed","title":"should add two thicknesses","duration":0.3970000000000482,"failureMessages":[],"meta":{}},{"ancestorTitles":["XThickness","Subtract"],"fullName":"XThickness Subtract should subtract two thicknesses","status":"passed","title":"should subtract two thicknesses","duration":0.34269999999997935,"failureMessages":[],"meta":{}},{"ancestorTitles":["XThickness","Parse"],"fullName":"XThickness Parse should parse uniform value","status":"passed","title":"should parse uniform value","duration":0.290800000000047,"failureMessages":[],"meta":{}},{"ancestorTitles":["XThickness","Parse"],"fullName":"XThickness Parse should parse four values","status":"passed","title":"should parse four values","duration":0.2119000000000142,"failureMessages":[],"meta":{}},{"ancestorTitles":["XThickness","Parse"],"fullName":"XThickness Parse should throw on invalid string","status":"passed","title":"should throw on invalid string","duration":1.0635999999999513,"failureMessages":[],"meta":{}},{"ancestorTitles":["XThickness","TryParse"],"fullName":"XThickness TryParse should return success for valid uniform","status":"passed","title":"should return success for valid uniform","duration":0.3410000000000082,"failureMessages":[],"meta":{}},{"ancestorTitles":["XThickness","TryParse"],"fullName":"XThickness TryParse should return success for valid four values","status":"passed","title":"should return success for valid four values","duration":0.301400000000001,"failureMessages":[],"meta":{}},{"ancestorTitles":["XThickness","TryParse"],"fullName":"XThickness TryParse should return failure for invalid string","status":"passed","title":"should return failure for invalid string","duration":0.1308999999999969,"failureMessages":[],"meta":{}},{"ancestorTitles":["XThickness","properties"],"fullName":"XThickness properties IsEmpty should return true when all zero","status":"passed","title":"IsEmpty should return true when all zero","duration":0.08429999999998472,"failureMessages":[],"meta":{}},{"ancestorTitles":["XThickness","properties"],"fullName":"XThickness properties IsEmpty should return false when has values","status":"passed","title":"IsEmpty should return false when has values","duration":0.0584999999999809,"failureMessages":[],"meta":{}},{"ancestorTitles":["XThickness","properties"],"fullName":"XThickness properties Max should return largest value","status":"passed","title":"Max should return largest value","duration":0.069500000000005,"failureMessages":[],"meta":{}},{"ancestorTitles":["XThickness","properties"],"fullName":"XThickness properties IsUniform should return true when all equal","status":"passed","title":"IsUniform should return true when all equal","duration":0.05310000000002901,"failureMessages":[],"meta":{}},{"ancestorTitles":["XThickness","properties"],"fullName":"XThickness properties IsUniform should return false when different","status":"passed","title":"IsUniform should return false when different","duration":0.054100000000005366,"failureMessages":[],"meta":{}},{"ancestorTitles":["XThickness","properties"],"fullName":"XThickness properties Width should return Left + Right","status":"passed","title":"Width should return Left + Right","duration":0.05649999999997135,"failureMessages":[],"meta":{}},{"ancestorTitles":["XThickness","properties"],"fullName":"XThickness properties Height should return Top + Bottom","status":"passed","title":"Height should return Top + Bottom","duration":0.0644999999999527,"failureMessages":[],"meta":{}},{"ancestorTitles":["XThickness","ToString"],"fullName":"XThickness ToString should return four values","status":"passed","title":"should return four values","duration":0.11299999999999955,"failureMessages":[],"meta":{}},{"ancestorTitles":["XThickness","ToString"],"fullName":"XThickness ToString should return four same values when uniform","status":"passed","title":"should return four same values when uniform","duration":0.06689999999997553,"failureMessages":[],"meta":{}},{"ancestorTitles":["XThickness","CompareTo"],"fullName":"XThickness CompareTo should compare to another thickness string","status":"passed","title":"should compare to another thickness string","duration":9.306400000000053,"failureMessages":[],"meta":{}},{"ancestorTitles":["XThickness","CompareTo"],"fullName":"XThickness CompareTo should handle null comparison","status":"passed","title":"should handle null comparison","duration":0.14650000000000318,"failureMessages":[],"meta":{}},{"ancestorTitles":["XThickness","CompareTo"],"fullName":"XThickness CompareTo should handle undefined comparison","status":"passed","title":"should handle undefined comparison","duration":0.0876999999999839,"failureMessages":[],"meta":{}},{"ancestorTitles":["XThickness","Equals"],"fullName":"XThickness Equals should return true for equal thicknesses","status":"passed","title":"should return true for equal thicknesses","duration":0.11099999999999,"failureMessages":[],"meta":{}},{"ancestorTitles":["XThickness","Equals"],"fullName":"XThickness Equals should return false for different thicknesses","status":"passed","title":"should return false for different thicknesses","duration":0.080600000000004,"failureMessages":[],"meta":{}}],"startTime":1768184007476,"endTime":1768184007492.111,"status":"passed","message":"","name":"D:/Tootega/Source/DASE50/TFX/tests/XThickness.test.ts"},{"assertionResults":[{"ancestorTitles":["XDesignerErrorSeverity"],"fullName":"XDesignerErrorSeverity should have Warning value as 1","status":"passed","title":"should have Warning value as 1","duration":1.0160000000000196,"failureMessages":[],"meta":{}},{"ancestorTitles":["XDesignerErrorSeverity"],"fullName":"XDesignerErrorSeverity should have Error value as 2","status":"passed","title":"should have Error value as 2","duration":0.1330000000000382,"failureMessages":[],"meta":{}},{"ancestorTitles":["XDesignerErrorSeverity"],"fullName":"XDesignerErrorSeverity should only have two values (no None)","status":"passed","title":"should only have two values (no None)","duration":0.08869999999996026,"failureMessages":[],"meta":{}},{"ancestorTitles":["XConcurrentBag","constructor"],"fullName":"XConcurrentBag constructor should create empty bag","status":"passed","title":"should create empty bag","duration":0.2137000000000171,"failureMessages":[],"meta":{}},{"ancestorTitles":["XConcurrentBag","Add"],"fullName":"XConcurrentBag Add should add single item","status":"passed","title":"should add single item","duration":0.09210000000001628,"failureMessages":[],"meta":{}},{"ancestorTitles":["XConcurrentBag","Add"],"fullName":"XConcurrentBag Add should add multiple items","status":"passed","title":"should add multiple items","duration":0.0624000000000251,"failureMessages":[],"meta":{}},{"ancestorTitles":["XConcurrentBag","Add"],"fullName":"XConcurrentBag Add should allow duplicate items","status":"passed","title":"should allow duplicate items","duration":0.08420000000000982,"failureMessages":[],"meta":{}},{"ancestorTitles":["XConcurrentBag","Add"],"fullName":"XConcurrentBag Add should add different types of items","status":"passed","title":"should add different types of items","duration":0.12000000000000455,"failureMessages":[],"meta":{}},{"ancestorTitles":["XConcurrentBag","Count"],"fullName":"XConcurrentBag Count should return 0 for empty bag","status":"passed","title":"should return 0 for empty bag","duration":0.21010000000001128,"failureMessages":[],"meta":{}},{"ancestorTitles":["XConcurrentBag","Count"],"fullName":"XConcurrentBag Count should return correct count after additions","status":"passed","title":"should return correct count after additions","duration":0.21530000000001337,"failureMessages":[],"meta":{}},{"ancestorTitles":["XConcurrentBag","Count"],"fullName":"XConcurrentBag Count should return 0 after clear","status":"passed","title":"should return 0 after clear","duration":0.09510000000000218,"failureMessages":[],"meta":{}},{"ancestorTitles":["XConcurrentBag","ToArray"],"fullName":"XConcurrentBag ToArray should return empty array for empty bag","status":"passed","title":"should return empty array for empty bag","duration":0.5914000000000215,"failureMessages":[],"meta":{}},{"ancestorTitles":["XConcurrentBag","ToArray"],"fullName":"XConcurrentBag ToArray should return array with all items","status":"passed","title":"should return array with all items","duration":0.7830999999999904,"failureMessages":[],"meta":{}},{"ancestorTitles":["XConcurrentBag","ToArray"],"fullName":"XConcurrentBag ToArray should return a copy (not reference to internal array)","status":"passed","title":"should return a copy (not reference to internal array)","duration":0.22169999999999845,"failureMessages":[],"meta":{}},{"ancestorTitles":["XConcurrentBag","ToArray"],"fullName":"XConcurrentBag ToArray should preserve order of insertion","status":"passed","title":"should preserve order of insertion","duration":0.11730000000000018,"failureMessages":[],"meta":{}},{"ancestorTitles":["XConcurrentBag","Clear"],"fullName":"XConcurrentBag Clear should clear all items","status":"passed","title":"should clear all items","duration":0.13519999999999754,"failureMessages":[],"meta":{}},{"ancestorTitles":["XConcurrentBag","Clear"],"fullName":"XConcurrentBag Clear should work on empty bag","status":"passed","title":"should work on empty bag","duration":0.07310000000001082,"failureMessages":[],"meta":{}},{"ancestorTitles":["XConcurrentBag","Clear"],"fullName":"XConcurrentBag Clear should allow adding items after clear","status":"passed","title":"should allow adding items after clear","duration":0.1360000000000241,"failureMessages":[],"meta":{}},{"ancestorTitles":["XConcurrentBag","Symbol.iterator"],"fullName":"XConcurrentBag Symbol.iterator should be iterable with for...of","status":"passed","title":"should be iterable with for...of","duration":0.16080000000005157,"failureMessages":[],"meta":{}},{"ancestorTitles":["XConcurrentBag","Symbol.iterator"],"fullName":"XConcurrentBag Symbol.iterator should iterate in insertion order","status":"passed","title":"should iterate in insertion order","duration":0.12049999999999272,"failureMessages":[],"meta":{}},{"ancestorTitles":["XConcurrentBag","Symbol.iterator"],"fullName":"XConcurrentBag Symbol.iterator should work with spread operator","status":"passed","title":"should work with spread operator","duration":0.20199999999999818,"failureMessages":[],"meta":{}},{"ancestorTitles":["XConcurrentBag","Symbol.iterator"],"fullName":"XConcurrentBag Symbol.iterator should work with Array.from","status":"passed","title":"should work with Array.from","duration":0.117999999999995,"failureMessages":[],"meta":{}},{"ancestorTitles":["XConcurrentBag","Symbol.iterator"],"fullName":"XConcurrentBag Symbol.iterator should iterate empty bag without error","status":"passed","title":"should iterate empty bag without error","duration":0.087600000000009,"failureMessages":[],"meta":{}},{"ancestorTitles":["XValidator","Validate with null document"],"fullName":"XValidator Validate with null document should return error when document is null","status":"passed","title":"should return error when document is null","duration":0.22809999999998354,"failureMessages":[],"meta":{}},{"ancestorTitles":["XValidator","Validate with null design"],"fullName":"XValidator Validate with null design should return error when design is null","status":"passed","title":"should return error when design is null","duration":0.19409999999999172,"failureMessages":[],"meta":{}},{"ancestorTitles":["XValidator","Validate with valid document"],"fullName":"XValidator Validate with valid document should return empty array when document is valid","status":"passed","title":"should return empty array when document is valid","duration":0.10089999999996735,"failureMessages":[],"meta":{}},{"ancestorTitles":["XValidator","ValidateDocument custom logic"],"fullName":"XValidator ValidateDocument custom logic should call ValidateDocument and add errors","status":"passed","title":"should call ValidateDocument and add errors","duration":0.3158000000000243,"failureMessages":[],"meta":{}},{"ancestorTitles":["XValidator","ValidateDesign custom logic"],"fullName":"XValidator ValidateDesign custom logic should call ValidateDesign and add warnings","status":"passed","title":"should call ValidateDesign and add warnings","duration":0.13239999999996144,"failureMessages":[],"meta":{}},{"ancestorTitles":["XValidator","ValidateElements custom logic"],"fullName":"XValidator ValidateElements custom logic should call ValidateElements and add errors for elements","status":"passed","title":"should call ValidateElements and add errors for elements","duration":0.13419999999996435,"failureMessages":[],"meta":{}},{"ancestorTitles":["XValidator","AddError method"],"fullName":"XValidator AddError method should add error without property","status":"passed","title":"should add error without property","duration":0.23840000000001282,"failureMessages":[],"meta":{}},{"ancestorTitles":["XValidator","AddError method"],"fullName":"XValidator AddError method should add error with property","status":"passed","title":"should add error with property","duration":0.127900000000011,"failureMessages":[],"meta":{}},{"ancestorTitles":["XValidator","AddWarning method"],"fullName":"XValidator AddWarning method should add warning without property","status":"passed","title":"should add warning without property","duration":0.21469999999999345,"failureMessages":[],"meta":{}},{"ancestorTitles":["XValidator","AddWarning method"],"fullName":"XValidator AddWarning method should add warning with property","status":"passed","title":"should add warning with property","duration":0.13650000000001228,"failureMessages":[],"meta":{}},{"ancestorTitles":["XValidator","AddIssue method"],"fullName":"XValidator AddIssue method should add issue with error severity","status":"passed","title":"should add issue with error severity","duration":0.1665999999999599,"failureMessages":[],"meta":{}},{"ancestorTitles":["XValidator","AddIssue method"],"fullName":"XValidator AddIssue method should add issue with warning severity and property","status":"passed","title":"should add issue with warning severity and property","duration":0.14050000000003138,"failureMessages":[],"meta":{}},{"ancestorTitles":["XValidator","Multiple validations"],"fullName":"XValidator Multiple validations should clear errors between validations","status":"passed","title":"should clear errors between validations","duration":0.1291999999999689,"failureMessages":[],"meta":{}},{"ancestorTitles":["XValidator","Multiple validations"],"fullName":"XValidator Multiple validations should accumulate multiple errors in single validation","status":"passed","title":"should accumulate multiple errors in single validation","duration":0.07949999999999591,"failureMessages":[],"meta":{}},{"ancestorTitles":["XDataValidateError","constructor"],"fullName":"XDataValidateError constructor should create error with element, severity and message","status":"passed","title":"should create error with element, severity and message","duration":1.6745000000000232,"failureMessages":[],"meta":{}},{"ancestorTitles":["XDataValidateError","constructor"],"fullName":"XDataValidateError constructor should create error with Warning severity","status":"passed","title":"should create error with Warning severity","duration":0.10899999999998045,"failureMessages":[],"meta":{}},{"ancestorTitles":["XDataValidateError","constructor"],"fullName":"XDataValidateError constructor should create error with optional property","status":"passed","title":"should create error with optional property","duration":0.08960000000001855,"failureMessages":[],"meta":{}},{"ancestorTitles":["XDataValidateError","constructor"],"fullName":"XDataValidateError constructor should handle empty message","status":"passed","title":"should handle empty message","duration":0.057799999999986085,"failureMessages":[],"meta":{}},{"ancestorTitles":["XDataValidateError","constructor"],"fullName":"XDataValidateError constructor should handle long message","status":"passed","title":"should handle long message","duration":0.05989999999997053,"failureMessages":[],"meta":{}},{"ancestorTitles":["XDataValidateError","constructor"],"fullName":"XDataValidateError constructor should preserve element properties","status":"passed","title":"should preserve element properties","duration":0.113900000000001,"failureMessages":[],"meta":{}},{"ancestorTitles":["XDataValidateError","Required static method"],"fullName":"XDataValidateError Required static method should create required field error","status":"passed","title":"should create required field error","duration":0.3412999999999897,"failureMessages":[],"meta":{}},{"ancestorTitles":["XDataValidateError","Required static method"],"fullName":"XDataValidateError Required static method should include property name in message","status":"passed","title":"should include property name in message","duration":0.13670000000001892,"failureMessages":[],"meta":{}},{"ancestorTitles":["XDataValidateError","Required static method"],"fullName":"XDataValidateError Required static method should create unique errors for different properties","status":"passed","title":"should create unique errors for different properties","duration":0.227800000000002,"failureMessages":[],"meta":{}},{"ancestorTitles":["XDataValidateError","Required static method"],"fullName":"XDataValidateError Required static method should set element on error","status":"passed","title":"should set element on error","duration":0.102800000000002,"failureMessages":[],"meta":{}},{"ancestorTitles":["XDataValidateError","Required static method"],"fullName":"XDataValidateError Required static method should set property on error","status":"passed","title":"should set property on error","duration":0.07800000000003138,"failureMessages":[],"meta":{}},{"ancestorTitles":["XDataValidateError","Required static method"],"fullName":"XDataValidateError Required static method should handle property name with special characters","status":"passed","title":"should handle property name with special characters","duration":0.07150000000001455,"failureMessages":[],"meta":{}},{"ancestorTitles":["XDataValidateError","readonly properties"],"fullName":"XDataValidateError readonly properties should have readonly Element","status":"passed","title":"should have readonly Element","duration":0.0806999999999789,"failureMessages":[],"meta":{}},{"ancestorTitles":["XDataValidateError","readonly properties"],"fullName":"XDataValidateError readonly properties should have readonly Message","status":"passed","title":"should have readonly Message","duration":0.07229999999998427,"failureMessages":[],"meta":{}},{"ancestorTitles":["XDataValidateError","readonly properties"],"fullName":"XDataValidateError readonly properties should have readonly Severity","status":"passed","title":"should have readonly Severity","duration":0.07130000000000791,"failureMessages":[],"meta":{}},{"ancestorTitles":["XDataValidateError","readonly properties"],"fullName":"XDataValidateError readonly properties should have optional readonly Property","status":"passed","title":"should have optional readonly Property","duration":0.12889999999998736,"failureMessages":[],"meta":{}}],"startTime":1768184007466,"endTime":1768184007478.129,"status":"passed","message":"","name":"D:/Tootega/Source/DASE50/TFX/tests/XValidation.test.ts"}]}