{"numTotalTestSuites":644,"numPassedTestSuites":644,"numFailedTestSuites":0,"numPendingTestSuites":0,"numTotalTests":2023,"numPassedTests":2023,"numFailedTests":0,"numPendingTests":0,"numTodoTests":0,"snapshot":{"added":0,"failure":false,"filesAdded":0,"filesRemoved":0,"filesRemovedList":[],"filesUnmatched":0,"filesUpdated":0,"matched":0,"total":0,"unchecked":0,"uncheckedKeysByFile":[],"unmatched":0,"updated":0,"didUpdate":false},"startTime":1782869506591,"success":true,"testResults":[{"assertionResults":[{"ancestorTitles":["Index Files"],"fullName":"Index Files should export Design elements","status":"passed","title":"should export Design elements","duration":0.8066000000000031,"failureMessages":[],"meta":{}},{"ancestorTitles":["Index Files"],"fullName":"Index Files should export Core elements","status":"passed","title":"should export Core elements","duration":0.19089999999999918,"failureMessages":[],"meta":{}},{"ancestorTitles":["Index Files"],"fullName":"Index Files should export Main elements","status":"passed","title":"should export Main elements","duration":0.07630000000000337,"failureMessages":[],"meta":{}}],"startTime":1782869507624,"endTime":1782869507625.191,"status":"passed","message":"","name":"D:/Tootega/Source/DASE50/TFX/tests/index.test.ts"},{"assertionResults":[{"ancestorTitles":["XBorderColor","constructor"],"fullName":"XBorderColor constructor should create with single color (uniform)","status":"passed","title":"should create with single color (uniform)","duration":1.057800000000043,"failureMessages":[],"meta":{}},{"ancestorTitles":["XBorderColor","constructor"],"fullName":"XBorderColor constructor should create with four colors","status":"passed","title":"should create with four colors","duration":0.2591000000000463,"failureMessages":[],"meta":{}},{"ancestorTitles":["XBorderColor","constructor"],"fullName":"XBorderColor constructor should default to Black when no color provided","status":"passed","title":"should default to Black when no color provided","duration":0.30529999999998836,"failureMessages":[],"meta":{}},{"ancestorTitles":["XBorderColor","constructor"],"fullName":"XBorderColor constructor should treat missing args as uniform (2 args runtime call)","status":"passed","title":"should treat missing args as uniform (2 args runtime call)","duration":0.33609999999998763,"failureMessages":[],"meta":{}},{"ancestorTitles":["XBorderColor","constructor"],"fullName":"XBorderColor constructor should treat missing args as uniform (3 args runtime call)","status":"passed","title":"should treat missing args as uniform (3 args runtime call)","duration":0.22989999999998645,"failureMessages":[],"meta":{}},{"ancestorTitles":["XBorderColor","constructor"],"fullName":"XBorderColor constructor should default left color when pA is nullish (4 args runtime call)","status":"passed","title":"should default left color when pA is nullish (4 args runtime call)","duration":0.19249999999999545,"failureMessages":[],"meta":{}},{"ancestorTitles":["XBorderColor","Parse"],"fullName":"XBorderColor Parse should parse single color (uniform)","status":"passed","title":"should parse single color (uniform)","duration":0.35799999999994725,"failureMessages":[],"meta":{}},{"ancestorTitles":["XBorderColor","Parse"],"fullName":"XBorderColor Parse should parse four colors","status":"passed","title":"should parse four colors","duration":0.2692000000000121,"failureMessages":[],"meta":{}},{"ancestorTitles":["XBorderColor","Parse"],"fullName":"XBorderColor Parse should throw on invalid format","status":"passed","title":"should throw on invalid format","duration":1.005899999999997,"failureMessages":[],"meta":{}},{"ancestorTitles":["XBorderColor","IsOne"],"fullName":"XBorderColor IsOne should return true when all colors are equal","status":"passed","title":"should return true when all colors are equal","duration":0.13369999999997617,"failureMessages":[],"meta":{}},{"ancestorTitles":["XBorderColor","IsOne"],"fullName":"XBorderColor IsOne should return false when colors differ","status":"passed","title":"should return false when colors differ","duration":0.06999999999999318,"failureMessages":[],"meta":{}},{"ancestorTitles":["XBorderColor","ToString"],"fullName":"XBorderColor ToString should return single color when uniform","status":"passed","title":"should return single color when uniform","duration":0.23099999999999454,"failureMessages":[],"meta":{}},{"ancestorTitles":["XBorderColor","ToString"],"fullName":"XBorderColor ToString should return four colors when different","status":"passed","title":"should return four colors when different","duration":0.07960000000002765,"failureMessages":[],"meta":{}},{"ancestorTitles":["XBorderColor","ToString"],"fullName":"XBorderColor ToString should be parseable","status":"passed","title":"should be parseable","duration":0.17079999999998563,"failureMessages":[],"meta":{}},{"ancestorTitles":["XBorderColor","CompareTo"],"fullName":"XBorderColor CompareTo should compare to same string","status":"passed","title":"should compare to same string","duration":7.5219000000000165,"failureMessages":[],"meta":{}},{"ancestorTitles":["XBorderColor","CompareTo"],"fullName":"XBorderColor CompareTo should handle null comparison","status":"passed","title":"should handle null comparison","duration":0.12250000000000227,"failureMessages":[],"meta":{}},{"ancestorTitles":["XBorderColor","CompareTo"],"fullName":"XBorderColor CompareTo should handle undefined comparison","status":"passed","title":"should handle undefined comparison","duration":0.05680000000000973,"failureMessages":[],"meta":{}},{"ancestorTitles":["XFont","constructor"],"fullName":"XFont constructor should create with default values","status":"passed","title":"should create with default values","duration":0.20620000000002392,"failureMessages":[],"meta":{}},{"ancestorTitles":["XFont","constructor"],"fullName":"XFont constructor should create with specified values","status":"passed","title":"should create with specified values","duration":0.9647999999999683,"failureMessages":[],"meta":{}},{"ancestorTitles":["XFont","constructor"],"fullName":"XFont constructor should accept null color and use Black","status":"passed","title":"should accept null color and use Black","duration":0.07890000000003283,"failureMessages":[],"meta":{}},{"ancestorTitles":["XFont","constructor"],"fullName":"XFont constructor should enforce minimum size of 8 in constructor","status":"passed","title":"should enforce minimum size of 8 in constructor","duration":0.11320000000000618,"failureMessages":[],"meta":{}},{"ancestorTitles":["XFont","Parse"],"fullName":"XFont Parse should parse valid string","status":"passed","title":"should parse valid string","duration":0.15500000000002956,"failureMessages":[],"meta":{}},{"ancestorTitles":["XFont","Parse"],"fullName":"XFont Parse should throw on invalid format","status":"passed","title":"should throw on invalid format","duration":0.2265000000000441,"failureMessages":[],"meta":{}},{"ancestorTitles":["XFont","Family"],"fullName":"XFont Family should get and set family","status":"passed","title":"should get and set family","duration":0.09300000000001774,"failureMessages":[],"meta":{}},{"ancestorTitles":["XFont","Family"],"fullName":"XFont Family should return Arial when family is empty","status":"passed","title":"should return Arial when family is empty","duration":0.06599999999997408,"failureMessages":[],"meta":{}},{"ancestorTitles":["XFont","Size"],"fullName":"XFont Size should get and set size","status":"passed","title":"should get and set size","duration":0.0876999999999839,"failureMessages":[],"meta":{}},{"ancestorTitles":["XFont","Size"],"fullName":"XFont Size should return minimum 6 when size is too small","status":"passed","title":"should return minimum 6 when size is too small","duration":0.07299999999997908,"failureMessages":[],"meta":{}},{"ancestorTitles":["XFont","Size"],"fullName":"XFont Size should return 10 when size is 0","status":"passed","title":"should return 10 when size is 0","duration":0.07639999999997826,"failureMessages":[],"meta":{}},{"ancestorTitles":["XFont","Color"],"fullName":"XFont Color should get and set color","status":"passed","title":"should get and set color","duration":0.08220000000000027,"failureMessages":[],"meta":{}},{"ancestorTitles":["XFont","Alignment"],"fullName":"XFont Alignment should get and set alignment","status":"passed","title":"should get and set alignment","duration":0.07569999999998345,"failureMessages":[],"meta":{}},{"ancestorTitles":["XFont","FontStyle"],"fullName":"XFont FontStyle should get and set font style","status":"passed","title":"should get and set font style","duration":0.06929999999999836,"failureMessages":[],"meta":{}},{"ancestorTitles":["XFont","nullish internal defaults"],"fullName":"XFont nullish internal defaults should fall back when internal fields are nullish","status":"passed","title":"should fall back when internal fields are nullish","duration":0.11050000000000182,"failureMessages":[],"meta":{}},{"ancestorTitles":["XFont","IsValid"],"fullName":"XFont IsValid should return true for valid font","status":"passed","title":"should return true for valid font","duration":0.07819999999998117,"failureMessages":[],"meta":{}},{"ancestorTitles":["XFont","IsValid"],"fullName":"XFont IsValid should return false when family is empty","status":"passed","title":"should return false when family is empty","duration":0.05320000000000391,"failureMessages":[],"meta":{}},{"ancestorTitles":["XFont","IsValid"],"fullName":"XFont IsValid should return false when size is too small","status":"passed","title":"should return false when size is too small","duration":0.04959999999999809,"failureMessages":[],"meta":{}},{"ancestorTitles":["XFont","ToString"],"fullName":"XFont ToString should return formatted string","status":"passed","title":"should return formatted string","duration":0.16190000000000282,"failureMessages":[],"meta":{}},{"ancestorTitles":["XFont","ToString"],"fullName":"XFont ToString should be parseable","status":"passed","title":"should be parseable","duration":0.14510000000001355,"failureMessages":[],"meta":{}},{"ancestorTitles":["XFont","CompareTo"],"fullName":"XFont CompareTo should compare to same string","status":"passed","title":"should compare to same string","duration":0.14920000000000755,"failureMessages":[],"meta":{}},{"ancestorTitles":["XFont","CompareTo"],"fullName":"XFont CompareTo should handle null comparison","status":"passed","title":"should handle null comparison","duration":0.06179999999994834,"failureMessages":[],"meta":{}},{"ancestorTitles":["XFont","CompareTo"],"fullName":"XFont CompareTo should handle undefined comparison","status":"passed","title":"should handle undefined comparison","duration":0.05189999999998918,"failureMessages":[],"meta":{}}],"startTime":1782869507157,"endTime":1782869507174.1619,"status":"passed","message":"","name":"D:/Tootega/Source/DASE50/TFX/tests/XBorderColorFont.test.ts"},{"assertionResults":[{"ancestorTitles":["XTrackAction"],"fullName":"XTrackAction should have None value as 0","status":"passed","title":"should have None value as 0","duration":1.0526000000000124,"failureMessages":[],"meta":{}},{"ancestorTitles":["XTrackAction"],"fullName":"XTrackAction should have Insert value as 1","status":"passed","title":"should have Insert value as 1","duration":0.162399999999991,"failureMessages":[],"meta":{}},{"ancestorTitles":["XTrackAction"],"fullName":"XTrackAction should have Delete value as 2","status":"passed","title":"should have Delete value as 2","duration":0.13280000000000314,"failureMessages":[],"meta":{}},{"ancestorTitles":["XTrackAction"],"fullName":"XTrackAction should have Change value as 3","status":"passed","title":"should have Change value as 3","duration":0.23099999999999454,"failureMessages":[],"meta":{}},{"ancestorTitles":["XChangeTracker","constructor"],"fullName":"XChangeTracker constructor should create instance with default values","status":"passed","title":"should create instance with default values","duration":0.20920000000000982,"failureMessages":[],"meta":{}},{"ancestorTitles":["XChangeTracker","StartGroup"],"fullName":"XChangeTracker StartGroup should set group title and action for Insert","status":"passed","title":"should set group title and action for Insert","duration":0.13190000000000168,"failureMessages":[],"meta":{}},{"ancestorTitles":["XChangeTracker","StartGroup"],"fullName":"XChangeTracker StartGroup should set group title and action for Delete","status":"passed","title":"should set group title and action for Delete","duration":0.13939999999999486,"failureMessages":[],"meta":{}},{"ancestorTitles":["XChangeTracker","StartGroup"],"fullName":"XChangeTracker StartGroup should set group title and action for Change","status":"passed","title":"should set group title and action for Change","duration":0.07620000000000005,"failureMessages":[],"meta":{}},{"ancestorTitles":["XChangeTracker","StartGroup"],"fullName":"XChangeTracker StartGroup should set group title and action for None","status":"passed","title":"should set group title and action for None","duration":0.16130000000001132,"failureMessages":[],"meta":{}},{"ancestorTitles":["XChangeTracker","StartGroup"],"fullName":"XChangeTracker StartGroup should overwrite previous group","status":"passed","title":"should overwrite previous group","duration":0.08800000000002228,"failureMessages":[],"meta":{}},{"ancestorTitles":["XChangeTracker","StartGroup"],"fullName":"XChangeTracker StartGroup should handle empty title","status":"passed","title":"should handle empty title","duration":0.06030000000001223,"failureMessages":[],"meta":{}},{"ancestorTitles":["XChangeTracker","StartGroup"],"fullName":"XChangeTracker StartGroup should handle long title","status":"passed","title":"should handle long title","duration":0.04470000000000596,"failureMessages":[],"meta":{}},{"ancestorTitles":["XChangeTracker","TrackInsert"],"fullName":"XChangeTracker TrackInsert should accept trackable element","status":"passed","title":"should accept trackable element","duration":0.5088999999999828,"failureMessages":[],"meta":{}},{"ancestorTitles":["XChangeTracker","TrackInsert"],"fullName":"XChangeTracker TrackInsert should accept multiple elements","status":"passed","title":"should accept multiple elements","duration":0.11160000000000991,"failureMessages":[],"meta":{}},{"ancestorTitles":["XChangeTracker","TrackDelete"],"fullName":"XChangeTracker TrackDelete should accept trackable element","status":"passed","title":"should accept trackable element","duration":0.08940000000001191,"failureMessages":[],"meta":{}},{"ancestorTitles":["XChangeTracker","TrackDelete"],"fullName":"XChangeTracker TrackDelete should accept multiple elements","status":"passed","title":"should accept multiple elements","duration":0.07789999999999964,"failureMessages":[],"meta":{}},{"ancestorTitles":["XChangeTracker","TrackChange"],"fullName":"XChangeTracker TrackChange should accept all parameters","status":"passed","title":"should accept all parameters","duration":0.08020000000001914,"failureMessages":[],"meta":{}},{"ancestorTitles":["XChangeTracker","TrackChange"],"fullName":"XChangeTracker TrackChange should accept null old value","status":"passed","title":"should accept null old value","duration":0.06960000000000832,"failureMessages":[],"meta":{}},{"ancestorTitles":["XChangeTracker","TrackChange"],"fullName":"XChangeTracker TrackChange should accept null new value","status":"passed","title":"should accept null new value","duration":0.06440000000000623,"failureMessages":[],"meta":{}},{"ancestorTitles":["XChangeTracker","TrackChange"],"fullName":"XChangeTracker TrackChange should accept both null values","status":"passed","title":"should accept both null values","duration":0.06430000000000291,"failureMessages":[],"meta":{}},{"ancestorTitles":["XChangeTracker","GroupTitle getter"],"fullName":"XChangeTracker GroupTitle getter should return empty string initially","status":"passed","title":"should return empty string initially","duration":0.058099999999996044,"failureMessages":[],"meta":{}},{"ancestorTitles":["XChangeTracker","GroupTitle getter"],"fullName":"XChangeTracker GroupTitle getter should return set value","status":"passed","title":"should return set value","duration":0.044900000000012597,"failureMessages":[],"meta":{}},{"ancestorTitles":["XChangeTracker","GroupAction getter"],"fullName":"XChangeTracker GroupAction getter should return None initially","status":"passed","title":"should return None initially","duration":0.054300000000012005,"failureMessages":[],"meta":{}},{"ancestorTitles":["XChangeTracker","GroupAction getter"],"fullName":"XChangeTracker GroupAction getter should return set value","status":"passed","title":"should return set value","duration":0.04149999999998499,"failureMessages":[],"meta":{}}],"startTime":1782869507354,"endTime":1782869507358.08,"status":"passed","message":"","name":"D:/Tootega/Source/DASE50/TFX/tests/XChangeTracker.test.ts"},{"assertionResults":[{"ancestorTitles":["XColor","constructor"],"fullName":"XColor constructor should create with RGB values (3 params)","status":"passed","title":"should create with RGB values (3 params)","duration":1.4209999999999923,"failureMessages":[],"meta":{}},{"ancestorTitles":["XColor","constructor"],"fullName":"XColor constructor should create with ARGB values (4 params)","status":"passed","title":"should create with ARGB values (4 params)","duration":0.2266999999999939,"failureMessages":[],"meta":{}},{"ancestorTitles":["XColor","constructor"],"fullName":"XColor constructor should default missing channels when called with fewer args","status":"passed","title":"should default missing channels when called with fewer args","duration":0.2898000000000138,"failureMessages":[],"meta":{}},{"ancestorTitles":["XColor","static colors"],"fullName":"XColor static colors Transparent should have A=0","status":"passed","title":"Transparent should have A=0","duration":0.2366000000000099,"failureMessages":[],"meta":{}},{"ancestorTitles":["XColor","static colors"],"fullName":"XColor static colors Black should be 0,0,0","status":"passed","title":"Black should be 0,0,0","duration":0.15170000000000528,"failureMessages":[],"meta":{}},{"ancestorTitles":["XColor","static colors"],"fullName":"XColor static colors White should be 255,255,255","status":"passed","title":"White should be 255,255,255","duration":0.10910000000001219,"failureMessages":[],"meta":{}},{"ancestorTitles":["XColor","static colors"],"fullName":"XColor static colors Red should be 255,0,0","status":"passed","title":"Red should be 255,0,0","duration":0.19029999999997926,"failureMessages":[],"meta":{}},{"ancestorTitles":["XColor","static colors"],"fullName":"XColor static colors Green should be 0,255,0","status":"passed","title":"Green should be 0,255,0","duration":0.16070000000001983,"failureMessages":[],"meta":{}},{"ancestorTitles":["XColor","static colors"],"fullName":"XColor static colors Blue should be 0,0,255","status":"passed","title":"Blue should be 0,0,255","duration":0.2980999999999767,"failureMessages":[],"meta":{}},{"ancestorTitles":["XColor","Parse"],"fullName":"XColor Parse should parse valid hex string","status":"passed","title":"should parse valid hex string","duration":0.20990000000000464,"failureMessages":[],"meta":{}},{"ancestorTitles":["XColor","Parse"],"fullName":"XColor Parse should throw on invalid length","status":"passed","title":"should throw on invalid length","duration":0.683400000000006,"failureMessages":[],"meta":{}},{"ancestorTitles":["XColor","Parse"],"fullName":"XColor Parse should throw on odd-length hex inside decoder","status":"passed","title":"should throw on odd-length hex inside decoder","duration":0.2136000000000422,"failureMessages":[],"meta":{}},{"ancestorTitles":["XColor","normalized values"],"fullName":"XColor normalized values Ri should return R/255","status":"passed","title":"Ri should return R/255","duration":0.11600000000004229,"failureMessages":[],"meta":{}},{"ancestorTitles":["XColor","normalized values"],"fullName":"XColor normalized values Gi should return G/255","status":"passed","title":"Gi should return G/255","duration":0.050700000000006185,"failureMessages":[],"meta":{}},{"ancestorTitles":["XColor","normalized values"],"fullName":"XColor normalized values Bi should return B/255","status":"passed","title":"Bi should return B/255","duration":0.037800000000004275,"failureMessages":[],"meta":{}},{"ancestorTitles":["XColor","IsTransparent"],"fullName":"XColor IsTransparent should return true when A=0","status":"passed","title":"should return true when A=0","duration":0.04989999999997963,"failureMessages":[],"meta":{}},{"ancestorTitles":["XColor","IsTransparent"],"fullName":"XColor IsTransparent should return false when A>0","status":"passed","title":"should return false when A>0","duration":0.03710000000000946,"failureMessages":[],"meta":{}},{"ancestorTitles":["XColor","Darkness"],"fullName":"XColor Darkness should return low value for dark colors","status":"passed","title":"should return low value for dark colors","duration":0.13249999999999318,"failureMessages":[],"meta":{}},{"ancestorTitles":["XColor","Darkness"],"fullName":"XColor Darkness should return high value for light colors","status":"passed","title":"should return high value for light colors","duration":0.05200000000002092,"failureMessages":[],"meta":{}},{"ancestorTitles":["XColor","Inverse"],"fullName":"XColor Inverse should return light color for dark input","status":"passed","title":"should return light color for dark input","duration":0.10109999999997399,"failureMessages":[],"meta":{}},{"ancestorTitles":["XColor","Inverse"],"fullName":"XColor Inverse should return dark color for light input","status":"passed","title":"should return dark color for light input","duration":0.039700000000038926,"failureMessages":[],"meta":{}},{"ancestorTitles":["XColor","ToString"],"fullName":"XColor ToString should return hex string","status":"passed","title":"should return hex string","duration":0.0624000000000251,"failureMessages":[],"meta":{}},{"ancestorTitles":["XColor","Equals"],"fullName":"XColor Equals should return true for equal colors","status":"passed","title":"should return true for equal colors","duration":0.056700000000034834,"failureMessages":[],"meta":{}},{"ancestorTitles":["XColor","Equals"],"fullName":"XColor Equals should return false for different colors","status":"passed","title":"should return false for different colors","duration":0.03309999999999036,"failureMessages":[],"meta":{}},{"ancestorTitles":["XColor","GetHashCode"],"fullName":"XColor GetHashCode should return consistent hash","status":"passed","title":"should return consistent hash","duration":0.04529999999999745,"failureMessages":[],"meta":{}},{"ancestorTitles":["XColor","GetHashCode"],"fullName":"XColor GetHashCode should return different hash for different colors","status":"passed","title":"should return different hash for different colors","duration":0.44329999999996517,"failureMessages":[],"meta":{}},{"ancestorTitles":["XHSLColor","constructor"],"fullName":"XHSLColor constructor should create with HSL values","status":"passed","title":"should create with HSL values","duration":0.09930000000002792,"failureMessages":[],"meta":{}},{"ancestorTitles":["XHSLColor","SetLuminance"],"fullName":"XHSLColor SetLuminance should return new HSL with changed luminance","status":"passed","title":"should return new HSL with changed luminance","duration":0.08159999999998035,"failureMessages":[],"meta":{}},{"ancestorTitles":["XHSLColor","SetLuminance"],"fullName":"XHSLColor SetLuminance should not modify original","status":"passed","title":"should not modify original","duration":0.03599999999994452,"failureMessages":[],"meta":{}},{"ancestorTitles":["XHSLColor","FromRgb"],"fullName":"XHSLColor FromRgb should convert black to HSL","status":"passed","title":"should convert black to HSL","duration":0.04019999999997026,"failureMessages":[],"meta":{}},{"ancestorTitles":["XHSLColor","FromRgb"],"fullName":"XHSLColor FromRgb should convert white to HSL","status":"passed","title":"should convert white to HSL","duration":0.03619999999995116,"failureMessages":[],"meta":{}},{"ancestorTitles":["XHSLColor","FromRgb"],"fullName":"XHSLColor FromRgb should convert red to HSL","status":"passed","title":"should convert red to HSL","duration":0.06630000000001246,"failureMessages":[],"meta":{}},{"ancestorTitles":["XHSLColor","FromRgb"],"fullName":"XHSLColor FromRgb should convert green to HSL (max=g branch)","status":"passed","title":"should convert green to HSL (max=g branch)","duration":0.06479999999999109,"failureMessages":[],"meta":{}},{"ancestorTitles":["XHSLColor","FromRgb"],"fullName":"XHSLColor FromRgb should convert blue to HSL (max=b branch)","status":"passed","title":"should convert blue to HSL (max=b branch)","duration":0.06560000000001764,"failureMessages":[],"meta":{}},{"ancestorTitles":["XHSLColor","FromRgb"],"fullName":"XHSLColor FromRgb should handle gray (max=min branch)","status":"passed","title":"should handle gray (max=min branch)","duration":0.03849999999999909,"failureMessages":[],"meta":{}},{"ancestorTitles":["XHSLColor","FromRgb"],"fullName":"XHSLColor FromRgb should handle red with g<b (wrap around)","status":"passed","title":"should handle red with g<b (wrap around)","duration":0.06069999999999709,"failureMessages":[],"meta":{}},{"ancestorTitles":["XHSLColor","ToRgb"],"fullName":"XHSLColor ToRgb should convert HSL to RGB","status":"passed","title":"should convert HSL to RGB","duration":0.087600000000009,"failureMessages":[],"meta":{}},{"ancestorTitles":["XHSLColor","ToRgb"],"fullName":"XHSLColor ToRgb should handle grayscale (S=0)","status":"passed","title":"should handle grayscale (S=0)","duration":0.05279999999999063,"failureMessages":[],"meta":{}},{"ancestorTitles":["XHSLColor","ToRgb"],"fullName":"XHSLColor ToRgb should wrap hue below 0 (internal t<0 path)","status":"passed","title":"should wrap hue below 0 (internal t<0 path)","duration":0.13760000000002037,"failureMessages":[],"meta":{}},{"ancestorTitles":["XHSLColor","ToRgb"],"fullName":"XHSLColor ToRgb should wrap hue above 1 (internal t>1 path)","status":"passed","title":"should wrap hue above 1 (internal t>1 path)","duration":0.10470000000003665,"failureMessages":[],"meta":{}},{"ancestorTitles":["XHSLColor","ToRgb"],"fullName":"XHSLColor ToRgb should use the pL<0.5 q-branch","status":"passed","title":"should use the pL<0.5 q-branch","duration":0.0876999999999839,"failureMessages":[],"meta":{}},{"ancestorTitles":["XHSLColor","roundtrip conversion"],"fullName":"XHSLColor roundtrip conversion should preserve color through RGB->HSL->RGB","status":"passed","title":"should preserve color through RGB->HSL->RGB","duration":0.07740000000001146,"failureMessages":[],"meta":{}}],"startTime":1782869507158,"endTime":1782869507165.1377,"status":"passed","message":"","name":"D:/Tootega/Source/DASE50/TFX/tests/XColor.test.ts"},{"assertionResults":[{"ancestorTitles":["XConfigurationManager","GetInstance"],"fullName":"XConfigurationManager GetInstance should return singleton instance","status":"passed","title":"should return singleton instance","duration":0.9370999999999867,"failureMessages":[],"meta":{}},{"ancestorTitles":["XConfigurationManager","ResetInstance"],"fullName":"XConfigurationManager ResetInstance should reset singleton instance","status":"passed","title":"should reset singleton instance","duration":0.648900000000026,"failureMessages":[],"meta":{}},{"ancestorTitles":["XConfigurationManager","SetFileSystem"],"fullName":"XConfigurationManager SetFileSystem should set filesystem adapter","status":"passed","title":"should set filesystem adapter","duration":0.11449999999996407,"failureMessages":[],"meta":{}},{"ancestorTitles":["XConfigurationManager","GetConfiguration"],"fullName":"XConfigurationManager GetConfiguration should throw when filesystem not configured","status":"passed","title":"should throw when filesystem not configured","duration":1.0629999999999882,"failureMessages":[],"meta":{}},{"ancestorTitles":["XConfigurationManager","GetConfiguration"],"fullName":"XConfigurationManager GetConfiguration should return cached configuration on second call","status":"passed","title":"should return cached configuration on second call","duration":0.5261999999999603,"failureMessages":[],"meta":{}},{"ancestorTitles":["XConfigurationManager","GetConfiguration"],"fullName":"XConfigurationManager GetConfiguration should search hierarchy for configuration file","status":"passed","title":"should search hierarchy for configuration file","duration":0.29419999999998936,"failureMessages":[],"meta":{}},{"ancestorTitles":["XConfigurationManager","GetConfiguration"],"fullName":"XConfigurationManager GetConfiguration should create default configuration when not found","status":"passed","title":"should create default configuration when not found","duration":0.2119000000000142,"failureMessages":[],"meta":{}},{"ancestorTitles":["XConfigurationManager","GetConfiguration"],"fullName":"XConfigurationManager GetConfiguration should skip directory creation when .DASE folder already exists (line 346)","status":"passed","title":"should skip directory creation when .DASE folder already exists (line 346)","duration":0.1793999999999869,"failureMessages":[],"meta":{}},{"ancestorTitles":["XConfigurationManager","GetConfiguration"],"fullName":"XConfigurationManager GetConfiguration should find configuration in .DASE folder","status":"passed","title":"should find configuration in .DASE folder","duration":0.18279999999998608,"failureMessages":[],"meta":{}},{"ancestorTitles":["XConfigurationManager","GetConfiguration"],"fullName":"XConfigurationManager GetConfiguration should detect repository root by .git folder","status":"passed","title":"should detect repository root by .git folder","duration":0.1967000000000212,"failureMessages":[],"meta":{}},{"ancestorTitles":["XConfigurationManager","InvalidateCache"],"fullName":"XConfigurationManager InvalidateCache should invalidate specific cache entry","status":"passed","title":"should invalidate specific cache entry","duration":0.12650000000002137,"failureMessages":[],"meta":{}},{"ancestorTitles":["XConfigurationManager","InvalidateCacheByTarget"],"fullName":"XConfigurationManager InvalidateCacheByTarget should invalidate all cache entries for target","status":"passed","title":"should invalidate all cache entries for target","duration":0.18500000000000227,"failureMessages":[],"meta":{}},{"ancestorTitles":["XConfigurationManager","InvalidateCacheByTarget"],"fullName":"XConfigurationManager InvalidateCacheByTarget should handle empty cache gracefully (line 386-388)","status":"passed","title":"should handle empty cache gracefully (line 386-388)","duration":0.13069999999999027,"failureMessages":[],"meta":{}},{"ancestorTitles":["XConfigurationManager","InvalidateCacheByTarget"],"fullName":"XConfigurationManager InvalidateCacheByTarget should handle target with no matching entries (line 388)","status":"passed","title":"should handle target with no matching entries (line 388)","duration":0.14660000000003492,"failureMessages":[],"meta":{}},{"ancestorTitles":["XConfigurationManager","ClearCache"],"fullName":"XConfigurationManager ClearCache should clear entire cache","status":"passed","title":"should clear entire cache","duration":0.0806999999999789,"failureMessages":[],"meta":{}},{"ancestorTitles":["XConfigurationManager","GetCachedConfiguration"],"fullName":"XConfigurationManager GetCachedConfiguration should return null when not cached","status":"passed","title":"should return null when not cached","duration":0.08929999999998017,"failureMessages":[],"meta":{}},{"ancestorTitles":["XConfigurationManager","GetCachedConfiguration"],"fullName":"XConfigurationManager GetCachedConfiguration should return cached configuration","status":"passed","title":"should return cached configuration","duration":0.10129999999998063,"failureMessages":[],"meta":{}},{"ancestorTitles":["XConfigurationManager","IsCached"],"fullName":"XConfigurationManager IsCached should return false when not cached","status":"passed","title":"should return false when not cached","duration":0.044899999999984175,"failureMessages":[],"meta":{}},{"ancestorTitles":["XConfigurationManager","GetORMDataTypes"],"fullName":"XConfigurationManager GetORMDataTypes should return data types from configuration","status":"passed","title":"should return data types from configuration","duration":0.12450000000001182,"failureMessages":[],"meta":{}},{"ancestorTitles":["XConfigurationManager","GetORMPrimaryKeyTypes"],"fullName":"XConfigurationManager GetORMPrimaryKeyTypes should return only types that can be used in PK","status":"passed","title":"should return only types that can be used in PK","duration":0.10529999999999973,"failureMessages":[],"meta":{}},{"ancestorTitles":["XConfigurationManager","GetORMAutoIncrementTypes"],"fullName":"XConfigurationManager GetORMAutoIncrementTypes should return only types that support auto-increment","status":"passed","title":"should return only types that support auto-increment","duration":0.09929999999997108,"failureMessages":[],"meta":{}},{"ancestorTitles":["XConfigurationManager","GetORMIndexableTypes"],"fullName":"XConfigurationManager GetORMIndexableTypes should return only types that can be indexed","status":"passed","title":"should return only types that can be indexed","duration":0.10009999999999764,"failureMessages":[],"meta":{}},{"ancestorTitles":["XConfigurationManager","GetORMDataTypeByName"],"fullName":"XConfigurationManager GetORMDataTypeByName should return type info by name","status":"passed","title":"should return type info by name","duration":0.15059999999999718,"failureMessages":[],"meta":{}},{"ancestorTitles":["XConfigurationManager","GetORMDataTypeByName"],"fullName":"XConfigurationManager GetORMDataTypeByName should return null for unknown type","status":"passed","title":"should return null for unknown type","duration":0.07740000000001146,"failureMessages":[],"meta":{}},{"ancestorTitles":["XConfigurationManager","GetORMDataTypeNames"],"fullName":"XConfigurationManager GetORMDataTypeNames should return array of type names","status":"passed","title":"should return array of type names","duration":0.47359999999997626,"failureMessages":[],"meta":{}},{"ancestorTitles":["XConfigurationManager","RegisterDefault"],"fullName":"XConfigurationManager RegisterDefault should register custom default factory","status":"passed","title":"should register custom default factory","duration":0.11200000000002319,"failureMessages":[],"meta":{}},{"ancestorTitles":["XConfigurationManager","PreloadConfiguration"],"fullName":"XConfigurationManager PreloadConfiguration should preload configuration into cache","status":"passed","title":"should preload configuration into cache","duration":0.08529999999996107,"failureMessages":[],"meta":{}},{"ancestorTitles":["XConfigurationManager","GetCacheStats"],"fullName":"XConfigurationManager GetCacheStats should return cache statistics","status":"passed","title":"should return cache statistics","duration":0.14670000000000982,"failureMessages":[],"meta":{}},{"ancestorTitles":["XConfigurationManager","CreateAndSaveDefault throws when no factory"],"fullName":"XConfigurationManager CreateAndSaveDefault throws when no factory should throw when no default factory is registered","status":"passed","title":"should throw when no default factory is registered","duration":0.16039999999998145,"failureMessages":[],"meta":{}},{"ancestorTitles":["XConfigurationManager","CreateAndSaveDefault creates directory"],"fullName":"XConfigurationManager CreateAndSaveDefault creates directory should create .DASE directory if it does not exist","status":"passed","title":"should create .DASE directory if it does not exist","duration":0.09279999999995425,"failureMessages":[],"meta":{}},{"ancestorTitles":["XConfigTarget"],"fullName":"XConfigTarget should have ORM target","status":"passed","title":"should have ORM target","duration":0.03640000000001464,"failureMessages":[],"meta":{}},{"ancestorTitles":["XConfigTarget"],"fullName":"XConfigTarget should have UI target","status":"passed","title":"should have UI target","duration":0.028600000000039927,"failureMessages":[],"meta":{}},{"ancestorTitles":["XConfigTarget"],"fullName":"XConfigTarget should have Flow target","status":"passed","title":"should have Flow target","duration":0.02760000000000673,"failureMessages":[],"meta":{}},{"ancestorTitles":["XConfigTarget"],"fullName":"XConfigTarget should have API target","status":"passed","title":"should have API target","duration":0.026199999999960255,"failureMessages":[],"meta":{}},{"ancestorTitles":["XConfigGroup"],"fullName":"XConfigGroup should have DataType group","status":"passed","title":"should have DataType group","duration":0.026400000000023738,"failureMessages":[],"meta":{}},{"ancestorTitles":["XConfigGroup"],"fullName":"XConfigGroup should have Validation group","status":"passed","title":"should have Validation group","duration":0.025899999999978718,"failureMessages":[],"meta":{}},{"ancestorTitles":["XConfigGroup"],"fullName":"XConfigGroup should have Naming group","status":"passed","title":"should have Naming group","duration":0.02539999999999054,"failureMessages":[],"meta":{}},{"ancestorTitles":["XConfigGroup"],"fullName":"XConfigGroup should have Display group","status":"passed","title":"should have Display group","duration":0.025500000000022283,"failureMessages":[],"meta":{}},{"ancestorTitles":["XConfigGroup"],"fullName":"XConfigGroup should have Components group","status":"passed","title":"should have Components group","duration":0.025300000000015643,"failureMessages":[],"meta":{}},{"ancestorTitles":["XConfigResources","GetORMDataType"],"fullName":"XConfigResources GetORMDataType should return default ORM data types","status":"passed","title":"should return default ORM data types","duration":0.07159999999998945,"failureMessages":[],"meta":{}},{"ancestorTitles":["XConfigResources","GetORMDataType"],"fullName":"XConfigResources GetORMDataType should include common data types","status":"passed","title":"should include common data types","duration":0.22120000000001028,"failureMessages":[],"meta":{}},{"ancestorTitles":["XConfigResources","GetORMDataType"],"fullName":"XConfigResources GetORMDataType should have correct PK capability for Int32","status":"passed","title":"should have correct PK capability for Int32","duration":0.09020000000003847,"failureMessages":[],"meta":{}},{"ancestorTitles":["XConfigResources","GetORMDataType"],"fullName":"XConfigResources GetORMDataType should have correct properties for Text type","status":"passed","title":"should have correct properties for Text type","duration":0.0705000000000382,"failureMessages":[],"meta":{}},{"ancestorTitles":["XConfigResources","GetORMDataTypeAsJson"],"fullName":"XConfigResources GetORMDataTypeAsJson should return valid JSON string","status":"passed","title":"should return valid JSON string","duration":0.08400000000000318,"failureMessages":[],"meta":{}},{"ancestorTitles":["XConfigResources","GetORMDataTypeAsJson"],"fullName":"XConfigResources GetORMDataTypeAsJson should be formatted with indentation","status":"passed","title":"should be formatted with indentation","duration":0.03989999999998872,"failureMessages":[],"meta":{}},{"ancestorTitles":["XConfigResources","CSharpTypeID migration fields"],"fullName":"XConfigResources CSharpTypeID migration fields should include CSharpTypeID on the Guid type","status":"passed","title":"should include CSharpTypeID on the Guid type","duration":0.048299999999983356,"failureMessages":[],"meta":{}},{"ancestorTitles":["XConfigResources","CSharpTypeID migration fields"],"fullName":"XConfigResources CSharpTypeID migration fields should include CSharpTypeID on the Int32 type","status":"passed","title":"should include CSharpTypeID on the Int32 type","duration":0.04399999999998272,"failureMessages":[],"meta":{}},{"ancestorTitles":["XConfigResources","CSharpTypeID migration fields"],"fullName":"XConfigResources CSharpTypeID migration fields should include CSharpTypeID on the String type","status":"passed","title":"should include CSharpTypeID on the String type","duration":0.044699999999977535,"failureMessages":[],"meta":{}},{"ancestorTitles":["XConfigResources","CSharpTypeID migration fields"],"fullName":"XConfigResources CSharpTypeID migration fields should include CSharpTypeID on the Int16 type","status":"passed","title":"should include CSharpTypeID on the Int16 type","duration":0.043400000000019645,"failureMessages":[],"meta":{}},{"ancestorTitles":["XConfigResources","CSharpTypeID migration fields"],"fullName":"XConfigResources CSharpTypeID migration fields should allow XORMDataTypeInfo without CSharpTypeID (optional field)","status":"passed","title":"should allow XORMDataTypeInfo without CSharpTypeID (optional field)","duration":0.056700000000034834,"failureMessages":[],"meta":{}}],"startTime":1782869507124,"endTime":1782869507132.2212,"status":"passed","message":"","name":"D:/Tootega/Source/DASE50/TFX/tests/XConfigurationManager.test.ts"},{"assertionResults":[{"ancestorTitles":["XConvert","ToString"],"fullName":"XConvert ToString should return empty string for null","status":"passed","title":"should return empty string for null","duration":0.8003999999999962,"failureMessages":[],"meta":{}},{"ancestorTitles":["XConvert","ToString"],"fullName":"XConvert ToString should return empty string for undefined","status":"passed","title":"should return empty string for undefined","duration":0.13620000000000232,"failureMessages":[],"meta":{}},{"ancestorTitles":["XConvert","ToString"],"fullName":"XConvert ToString should return string as-is","status":"passed","title":"should return string as-is","duration":0.23349999999999227,"failureMessages":[],"meta":{}},{"ancestorTitles":["XConvert","ToString"],"fullName":"XConvert ToString should convert number to string","status":"passed","title":"should convert number to string","duration":0.39459999999999695,"failureMessages":[],"meta":{}},{"ancestorTitles":["XConvert","ToString"],"fullName":"XConvert ToString should convert boolean to string","status":"passed","title":"should convert boolean to string","duration":0.19379999999998176,"failureMessages":[],"meta":{}},{"ancestorTitles":["XConvert","ToString"],"fullName":"XConvert ToString should convert object to string","status":"passed","title":"should convert object to string","duration":0.13769999999999527,"failureMessages":[],"meta":{}},{"ancestorTitles":["XConvert","ToString"],"fullName":"XConvert ToString should convert array to string","status":"passed","title":"should convert array to string","duration":0.28120000000001255,"failureMessages":[],"meta":{}},{"ancestorTitles":["XConvert","ToString"],"fullName":"XConvert ToString should handle NaN and Infinity","status":"passed","title":"should handle NaN and Infinity","duration":0.23329999999998563,"failureMessages":[],"meta":{}},{"ancestorTitles":["XConvert","ToString"],"fullName":"XConvert ToString should accept optional type parameter","status":"passed","title":"should accept optional type parameter","duration":0.32789999999999964,"failureMessages":[],"meta":{}},{"ancestorTitles":["XConvert","FromString"],"fullName":"XConvert FromString should return string as typed value","status":"passed","title":"should return string as typed value","duration":0.11949999999998795,"failureMessages":[],"meta":{}},{"ancestorTitles":["XConvert","FromString"],"fullName":"XConvert FromString should work with type parameter","status":"passed","title":"should work with type parameter","duration":0.06329999999999814,"failureMessages":[],"meta":{}},{"ancestorTitles":["XConvert","FromString"],"fullName":"XConvert FromString should handle empty string","status":"passed","title":"should handle empty string","duration":0.039500000000003865,"failureMessages":[],"meta":{}},{"ancestorTitles":["XConvert","FromString"],"fullName":"XConvert FromString should accept optional type parameter","status":"passed","title":"should accept optional type parameter","duration":0.03879999999998063,"failureMessages":[],"meta":{}},{"ancestorTitles":["XConvert","ToNumber"],"fullName":"XConvert ToNumber should return 0 for null","status":"passed","title":"should return 0 for null","duration":0.05360000000001719,"failureMessages":[],"meta":{}},{"ancestorTitles":["XConvert","ToNumber"],"fullName":"XConvert ToNumber should return 0 for undefined","status":"passed","title":"should return 0 for undefined","duration":0.03900000000001569,"failureMessages":[],"meta":{}},{"ancestorTitles":["XConvert","ToNumber"],"fullName":"XConvert ToNumber should return number as-is","status":"passed","title":"should return number as-is","duration":0.07339999999999236,"failureMessages":[],"meta":{}},{"ancestorTitles":["XConvert","ToNumber"],"fullName":"XConvert ToNumber should convert string to number","status":"passed","title":"should convert string to number","duration":0.07380000000000564,"failureMessages":[],"meta":{}},{"ancestorTitles":["XConvert","ToNumber"],"fullName":"XConvert ToNumber should return 0 for non-numeric string","status":"passed","title":"should return 0 for non-numeric string","duration":0.05819999999999936,"failureMessages":[],"meta":{}},{"ancestorTitles":["XConvert","ToNumber"],"fullName":"XConvert ToNumber should handle string with spaces","status":"passed","title":"should handle string with spaces","duration":0.03330000000002542,"failureMessages":[],"meta":{}},{"ancestorTitles":["XConvert","ToNumber"],"fullName":"XConvert ToNumber should convert boolean to number","status":"passed","title":"should convert boolean to number","duration":0.052400000000005775,"failureMessages":[],"meta":{}},{"ancestorTitles":["XConvert","ToNumber"],"fullName":"XConvert ToNumber should return 0 for NaN result","status":"passed","title":"should return 0 for NaN result","duration":0.05359999999998877,"failureMessages":[],"meta":{}},{"ancestorTitles":["XConvert","ToNumber"],"fullName":"XConvert ToNumber should handle Infinity","status":"passed","title":"should handle Infinity","duration":0.05930000000000746,"failureMessages":[],"meta":{}},{"ancestorTitles":["XConvert","ToBoolean"],"fullName":"XConvert ToBoolean should return false for null","status":"passed","title":"should return false for null","duration":0.04919999999998481,"failureMessages":[],"meta":{}},{"ancestorTitles":["XConvert","ToBoolean"],"fullName":"XConvert ToBoolean should return false for undefined","status":"passed","title":"should return false for undefined","duration":0.03520000000000323,"failureMessages":[],"meta":{}},{"ancestorTitles":["XConvert","ToBoolean"],"fullName":"XConvert ToBoolean should return boolean as-is","status":"passed","title":"should return boolean as-is","duration":0.045099999999990814,"failureMessages":[],"meta":{}},{"ancestorTitles":["XConvert","ToBoolean"],"fullName":"XConvert ToBoolean should convert string 'true' to true (case insensitive)","status":"passed","title":"should convert string 'true' to true (case insensitive)","duration":0.070699999999988,"failureMessages":[],"meta":{}},{"ancestorTitles":["XConvert","ToBoolean"],"fullName":"XConvert ToBoolean should convert string '1' to true","status":"passed","title":"should convert string '1' to true","duration":0.034100000000023556,"failureMessages":[],"meta":{}},{"ancestorTitles":["XConvert","ToBoolean"],"fullName":"XConvert ToBoolean should convert string 'false' to false","status":"passed","title":"should convert string 'false' to false","duration":0.04749999999998522,"failureMessages":[],"meta":{}},{"ancestorTitles":["XConvert","ToBoolean"],"fullName":"XConvert ToBoolean should convert string '0' to false","status":"passed","title":"should convert string '0' to false","duration":0.033999999999991815,"failureMessages":[],"meta":{}},{"ancestorTitles":["XConvert","ToBoolean"],"fullName":"XConvert ToBoolean should convert other strings to false","status":"passed","title":"should convert other strings to false","duration":0.07260000000002265,"failureMessages":[],"meta":{}},{"ancestorTitles":["XConvert","ToBoolean"],"fullName":"XConvert ToBoolean should convert number to boolean","status":"passed","title":"should convert number to boolean","duration":0.0730000000000075,"failureMessages":[],"meta":{}},{"ancestorTitles":["XConvert","ToBoolean"],"fullName":"XConvert ToBoolean should convert object to boolean","status":"passed","title":"should convert object to boolean","duration":0.046599999999983766,"failureMessages":[],"meta":{}}],"startTime":1782869507376,"endTime":1782869507380.0737,"status":"passed","message":"","name":"D:/Tootega/Source/DASE50/TFX/tests/XConvert.test.ts"},{"assertionResults":[{"ancestorTitles":["XLanguage","constructor"],"fullName":"XLanguage constructor should create instance with default values","status":"passed","title":"should create instance with default values","duration":0.9046000000000163,"failureMessages":[],"meta":{}},{"ancestorTitles":["XLanguage","InnerText"],"fullName":"XLanguage InnerText should be settable","status":"passed","title":"should be settable","duration":0.09630000000004202,"failureMessages":[],"meta":{}},{"ancestorTitles":["XLanguage","InnerText"],"fullName":"XLanguage InnerText should handle empty string","status":"passed","title":"should handle empty string","duration":0.09699999999997999,"failureMessages":[],"meta":{}},{"ancestorTitles":["XLanguage","InnerText"],"fullName":"XLanguage InnerText should handle long text","status":"passed","title":"should handle long text","duration":0.17790000000002237,"failureMessages":[],"meta":{}},{"ancestorTitles":["XLanguage","Delete"],"fullName":"XLanguage Delete should accept deep parameter without error","status":"passed","title":"should accept deep parameter without error","duration":0.5624000000000251,"failureMessages":[],"meta":{}},{"ancestorTitles":["XData","constructor"],"fullName":"XData constructor should create instance with default values","status":"passed","title":"should create instance with default values","duration":0.5113999999999805,"failureMessages":[],"meta":{}},{"ancestorTitles":["XData","ID"],"fullName":"XData ID should be XGuid.EmptyValue by default","status":"passed","title":"should be XGuid.EmptyValue by default","duration":0.1372000000000071,"failureMessages":[],"meta":{}},{"ancestorTitles":["XData","ID"],"fullName":"XData ID should be settable","status":"passed","title":"should be settable","duration":1.1753999999999678,"failureMessages":[],"meta":{}},{"ancestorTitles":["XData","Name"],"fullName":"XData Name should be empty by default","status":"passed","title":"should be empty by default","duration":0.17990000000003192,"failureMessages":[],"meta":{}},{"ancestorTitles":["XData","Name"],"fullName":"XData Name should be settable","status":"passed","title":"should be settable","duration":0.07979999999997744,"failureMessages":[],"meta":{}},{"ancestorTitles":["XData","Data"],"fullName":"XData Data should be null by default","status":"passed","title":"should be null by default","duration":0.04379999999997608,"failureMessages":[],"meta":{}},{"ancestorTitles":["XData","Data"],"fullName":"XData Data should accept any value","status":"passed","title":"should accept any value","duration":0.16119999999995116,"failureMessages":[],"meta":{}},{"ancestorTitles":["XData","InnerText"],"fullName":"XData InnerText should be empty by default","status":"passed","title":"should be empty by default","duration":0.045000000000015916,"failureMessages":[],"meta":{}},{"ancestorTitles":["XData","InnerText"],"fullName":"XData InnerText should be settable","status":"passed","title":"should be settable","duration":0.035599999999988086,"failureMessages":[],"meta":{}},{"ancestorTitles":["XData","ChildNodes"],"fullName":"XData ChildNodes should be empty array by default","status":"passed","title":"should be empty array by default","duration":0.065400000000011,"failureMessages":[],"meta":{}},{"ancestorTitles":["XData","ChildNodes"],"fullName":"XData ChildNodes should allow adding child nodes","status":"passed","title":"should allow adding child nodes","duration":0.0625999999999749,"failureMessages":[],"meta":{}},{"ancestorTitles":["XData","Delete"],"fullName":"XData Delete should accept deep parameter without error","status":"passed","title":"should accept deep parameter without error","duration":0.13920000000001664,"failureMessages":[],"meta":{}},{"ancestorTitles":["XData","GetLanguage"],"fullName":"XData GetLanguage should return null","status":"passed","title":"should return null","duration":0.05500000000000682,"failureMessages":[],"meta":{}},{"ancestorTitles":["XData","AddLanguage"],"fullName":"XData AddLanguage should return new XLanguage","status":"passed","title":"should return new XLanguage","duration":0.04470000000003438,"failureMessages":[],"meta":{}},{"ancestorTitles":["XData","AddLanguage"],"fullName":"XData AddLanguage should return different instances each time","status":"passed","title":"should return different instances each time","duration":0.12839999999999918,"failureMessages":[],"meta":{}},{"ancestorTitles":["XBaseLinkData","constructor"],"fullName":"XBaseLinkData constructor should create instance with default values","status":"passed","title":"should create instance with default values","duration":0.07960000000002765,"failureMessages":[],"meta":{}},{"ancestorTitles":["XBaseLinkData","Element"],"fullName":"XBaseLinkData Element should be null by default","status":"passed","title":"should be null by default","duration":0.032700000000033924,"failureMessages":[],"meta":{}},{"ancestorTitles":["XBaseLinkData","Element"],"fullName":"XBaseLinkData Element should be settable","status":"passed","title":"should be settable","duration":0.05700000000001637,"failureMessages":[],"meta":{}},{"ancestorTitles":["XBaseLinkData","Element"],"fullName":"XBaseLinkData Element should be settable back to null","status":"passed","title":"should be settable back to null","duration":0.03710000000000946,"failureMessages":[],"meta":{}},{"ancestorTitles":["XBaseLinkData"],"fullName":"XBaseLinkData should inherit XData properties","status":"passed","title":"should inherit XData properties","duration":0.05319999999994707,"failureMessages":[],"meta":{}},{"ancestorTitles":["XLinkData","constructor"],"fullName":"XLinkData constructor should create instance with default values","status":"passed","title":"should create instance with default values","duration":0.084699999999998,"failureMessages":[],"meta":{}},{"ancestorTitles":["XLinkData","Order"],"fullName":"XLinkData Order should be 0 by default","status":"passed","title":"should be 0 by default","duration":0.033599999999978536,"failureMessages":[],"meta":{}},{"ancestorTitles":["XLinkData","Order"],"fullName":"XLinkData Order should be settable","status":"passed","title":"should be settable","duration":0.03170000000000073,"failureMessages":[],"meta":{}},{"ancestorTitles":["XLinkData","Order"],"fullName":"XLinkData Order should accept negative values","status":"passed","title":"should accept negative values","duration":0.030300000000011096,"failureMessages":[],"meta":{}},{"ancestorTitles":["XLinkData","SetElement"],"fullName":"XLinkData SetElement should set Element and Data","status":"passed","title":"should set Element and Data","duration":0.061800000000005184,"failureMessages":[],"meta":{}},{"ancestorTitles":["XLinkData","SetElement"],"fullName":"XLinkData SetElement should update when called again","status":"passed","title":"should update when called again","duration":0.08409999999997808,"failureMessages":[],"meta":{}},{"ancestorTitles":["XLinkData","LoadElement"],"fullName":"XLinkData LoadElement should return element info when element is set","status":"passed","title":"should return element info when element is set","duration":0.14929999999998245,"failureMessages":[],"meta":{}},{"ancestorTitles":["XLinkData","LoadElement"],"fullName":"XLinkData LoadElement should return null element when not set","status":"passed","title":"should return null element when not set","duration":0.06040000000001555,"failureMessages":[],"meta":{}},{"ancestorTitles":["XLinkData","LoadElement"],"fullName":"XLinkData LoadElement should handle refresh parameter","status":"passed","title":"should handle refresh parameter","duration":0.049999999999954525,"failureMessages":[],"meta":{}},{"ancestorTitles":["XLinkArrayData","constructor"],"fullName":"XLinkArrayData constructor should create instance with default values","status":"passed","title":"should create instance with default values","duration":0.14859999999998763,"failureMessages":[],"meta":{}},{"ancestorTitles":["XLinkArrayData","ChildNodes"],"fullName":"XLinkArrayData ChildNodes should be empty array by default","status":"passed","title":"should be empty array by default","duration":0.04349999999999454,"failureMessages":[],"meta":{}},{"ancestorTitles":["XLinkArrayData","ChildNodes"],"fullName":"XLinkArrayData ChildNodes should contain XLinkData items","status":"passed","title":"should contain XLinkData items","duration":0.041900000000055115,"failureMessages":[],"meta":{}},{"ancestorTitles":["XLinkArrayData","SetElement"],"fullName":"XLinkArrayData SetElement should set elements from array","status":"passed","title":"should set elements from array","duration":0.1693000000000211,"failureMessages":[],"meta":{}},{"ancestorTitles":["XLinkArrayData","SetElement"],"fullName":"XLinkArrayData SetElement should set correct order on each XLinkData","status":"passed","title":"should set correct order on each XLinkData","duration":0.06369999999998299,"failureMessages":[],"meta":{}},{"ancestorTitles":["XLinkArrayData","SetElement"],"fullName":"XLinkArrayData SetElement should set Data with array of IDs","status":"passed","title":"should set Data with array of IDs","duration":0.06049999999999045,"failureMessages":[],"meta":{}},{"ancestorTitles":["XLinkArrayData","SetElement"],"fullName":"XLinkArrayData SetElement should handle empty array","status":"passed","title":"should handle empty array","duration":0.05890000000005102,"failureMessages":[],"meta":{}},{"ancestorTitles":["XLinkArrayData","LoadElement"],"fullName":"XLinkArrayData LoadElement should return ok when all elements are set","status":"passed","title":"should return ok when all elements are set","duration":0.07200000000000273,"failureMessages":[],"meta":{}},{"ancestorTitles":["XLinkArrayData","LoadElement"],"fullName":"XLinkArrayData LoadElement should return not ok when element is missing","status":"passed","title":"should return not ok when element is missing","duration":0.046899999999993724,"failureMessages":[],"meta":{}},{"ancestorTitles":["XLinkArrayData","LoadElement"],"fullName":"XLinkArrayData LoadElement should return ok when no children","status":"passed","title":"should return ok when no children","duration":0.06789999999995189,"failureMessages":[],"meta":{}},{"ancestorTitles":["XLinkArrayData","Where"],"fullName":"XLinkArrayData Where should return copy of ChildNodes","status":"passed","title":"should return copy of ChildNodes","duration":0.06870000000003529,"failureMessages":[],"meta":{}},{"ancestorTitles":["XLinkArrayData","Where"],"fullName":"XLinkArrayData Where should return independent copy","status":"passed","title":"should return independent copy","duration":0.046699999999987085,"failureMessages":[],"meta":{}},{"ancestorTitles":["XLinkArrayData","Where"],"fullName":"XLinkArrayData Where should return empty array when no children","status":"passed","title":"should return empty array when no children","duration":0.03649999999998954,"failureMessages":[],"meta":{}},{"ancestorTitles":["XParentData","constructor"],"fullName":"XParentData constructor should create instance with default values","status":"passed","title":"should create instance with default values","duration":0.1208000000000311,"failureMessages":[],"meta":{}},{"ancestorTitles":["XParentData","IsDocumentOk"],"fullName":"XParentData IsDocumentOk should be true by default","status":"passed","title":"should be true by default","duration":0.04519999999996571,"failureMessages":[],"meta":{}},{"ancestorTitles":["XParentData","IsDocumentOk"],"fullName":"XParentData IsDocumentOk should be settable","status":"passed","title":"should be settable","duration":0.050299999999992906,"failureMessages":[],"meta":{}},{"ancestorTitles":["XParentData","IsElementOk"],"fullName":"XParentData IsElementOk should be true by default","status":"passed","title":"should be true by default","duration":0.044399999999996,"failureMessages":[],"meta":{}},{"ancestorTitles":["XParentData","IsElementOk"],"fullName":"XParentData IsElementOk should be settable","status":"passed","title":"should be settable","duration":0.07420000000001892,"failureMessages":[],"meta":{}},{"ancestorTitles":["XParentData","Refresh"],"fullName":"XParentData Refresh should set IsDocumentOk to true","status":"passed","title":"should set IsDocumentOk to true","duration":0.05720000000002301,"failureMessages":[],"meta":{}},{"ancestorTitles":["XParentData","Refresh"],"fullName":"XParentData Refresh should set IsElementOk based on Element","status":"passed","title":"should set IsElementOk based on Element","duration":0.07339999999999236,"failureMessages":[],"meta":{}},{"ancestorTitles":["XParentData","Refresh"],"fullName":"XParentData Refresh should accept userCheck parameter","status":"passed","title":"should accept userCheck parameter","duration":0.06739999999996371,"failureMessages":[],"meta":{}},{"ancestorTitles":["XParentData","SetElement"],"fullName":"XParentData SetElement should set Element and Data","status":"passed","title":"should set Element and Data","duration":0.08010000000001583,"failureMessages":[],"meta":{}},{"ancestorTitles":["XParentData","SetElement"],"fullName":"XParentData SetElement should update when called again","status":"passed","title":"should update when called again","duration":0.08600000000001273,"failureMessages":[],"meta":{}},{"ancestorTitles":["XValues","constructor"],"fullName":"XValues constructor should create instance that extends XElement","status":"passed","title":"should create instance that extends XElement","duration":0.19089999999999918,"failureMessages":[],"meta":{}},{"ancestorTitles":["XValues","constructor"],"fullName":"XValues constructor should have XElement properties","status":"passed","title":"should have XElement properties","duration":0.10009999999999764,"failureMessages":[],"meta":{}},{"ancestorTitles":["XValues","GetChild with constructor"],"fullName":"XValues GetChild with constructor should return child by constructor type","status":"passed","title":"should return child by constructor type","duration":0.09919999999999618,"failureMessages":[],"meta":{}},{"ancestorTitles":["XValues","GetChild with constructor"],"fullName":"XValues GetChild with constructor should return null when no matching child","status":"passed","title":"should return null when no matching child","duration":0.04580000000004247,"failureMessages":[],"meta":{}},{"ancestorTitles":["XValues","GetChild with constructor"],"fullName":"XValues GetChild with constructor should work with predicate","status":"passed","title":"should work with predicate","duration":0.052099999999995816,"failureMessages":[],"meta":{}},{"ancestorTitles":["XValues","GetChild with constructor"],"fullName":"XValues GetChild with constructor should return null when predicate matches nothing","status":"passed","title":"should return null when predicate matches nothing","duration":0.03989999999998872,"failureMessages":[],"meta":{}},{"ancestorTitles":["XValues","GetChild with XProperty-like object"],"fullName":"XValues GetChild with XProperty-like object should return child by property ID","status":"passed","title":"should return child by property ID","duration":0.09440000000000737,"failureMessages":[],"meta":{}},{"ancestorTitles":["XValues","GetChild with XProperty-like object"],"fullName":"XValues GetChild with XProperty-like object should return null when property ID not found","status":"passed","title":"should return null when property ID not found","duration":0.045000000000015916,"failureMessages":[],"meta":{}},{"ancestorTitles":["XValues","GetChild with XProperty-like object"],"fullName":"XValues GetChild with XProperty-like object should match first child with same ID","status":"passed","title":"should match first child with same ID","duration":0.04539999999997235,"failureMessages":[],"meta":{}},{"ancestorTitles":["XValues","GetChildById"],"fullName":"XValues GetChildById should return child by ID","status":"passed","title":"should return child by ID","duration":0.06430000000000291,"failureMessages":[],"meta":{}},{"ancestorTitles":["XValues","GetChildById"],"fullName":"XValues GetChildById should return null when ID not found","status":"passed","title":"should return null when ID not found","duration":0.07679999999999154,"failureMessages":[],"meta":{}},{"ancestorTitles":["XValues","GetChildById"],"fullName":"XValues GetChildById should return correct typed child","status":"passed","title":"should return correct typed child","duration":0.07170000000002119,"failureMessages":[],"meta":{}},{"ancestorTitles":["XValues","GetChildById"],"fullName":"XValues GetChildById should return first matching child","status":"passed","title":"should return first matching child","duration":0.03820000000001755,"failureMessages":[],"meta":{}},{"ancestorTitles":["XValues","GetChildById"],"fullName":"XValues GetChildById should work with empty ChildNodes","status":"passed","title":"should work with empty ChildNodes","duration":0.03279999999995198,"failureMessages":[],"meta":{}},{"ancestorTitles":["XValues","GetChildData"],"fullName":"XValues GetChildData should return first XData child","status":"passed","title":"should return first XData child","duration":0.05079999999998108,"failureMessages":[],"meta":{}},{"ancestorTitles":["XValues","GetChildData"],"fullName":"XValues GetChildData should return null when no children","status":"passed","title":"should return null when no children","duration":0.05819999999999936,"failureMessages":[],"meta":{}},{"ancestorTitles":["XValues","GetChildData"],"fullName":"XValues GetChildData should return first XData instance","status":"passed","title":"should return first XData instance","duration":0.03719999999998436,"failureMessages":[],"meta":{}},{"ancestorTitles":["XValues","GetChildData"],"fullName":"XValues GetChildData should work with XLinkData children","status":"passed","title":"should work with XLinkData children","duration":0.035499999999956344,"failureMessages":[],"meta":{}},{"ancestorTitles":["XValues","GetChildData"],"fullName":"XValues GetChildData should return null when children exist but are not XData instances","status":"passed","title":"should return null when children exist but are not XData instances","duration":0.03959999999995034,"failureMessages":[],"meta":{}},{"ancestorTitles":["XValues","CreateChild"],"fullName":"XValues CreateChild should create XData with correct ID","status":"passed","title":"should create XData with correct ID","duration":0.07479999999998199,"failureMessages":[],"meta":{}},{"ancestorTitles":["XValues","CreateChild"],"fullName":"XValues CreateChild should call AppendChild","status":"passed","title":"should call AppendChild","duration":0.7314000000000078,"failureMessages":[],"meta":{}},{"ancestorTitles":["XValues","CreateChild"],"fullName":"XValues CreateChild should set name when provided","status":"passed","title":"should set name when provided","duration":0.08999999999997499,"failureMessages":[],"meta":{}},{"ancestorTitles":["XValues","CreateChild"],"fullName":"XValues CreateChild should use empty string when name not provided","status":"passed","title":"should use empty string when name not provided","duration":0.04650000000003729,"failureMessages":[],"meta":{}},{"ancestorTitles":["XValues","CreateChild"],"fullName":"XValues CreateChild should use empty string when name is undefined","status":"passed","title":"should use empty string when name is undefined","duration":0.037499999999965894,"failureMessages":[],"meta":{}},{"ancestorTitles":["XValues","AddValue"],"fullName":"XValues AddValue should create XData for non-linked property","status":"passed","title":"should create XData for non-linked property","duration":0.09089999999997644,"failureMessages":[],"meta":{}},{"ancestorTitles":["XValues","AddValue"],"fullName":"XValues AddValue should create XLinkData for linked non-array property","status":"passed","title":"should create XLinkData for linked non-array property","duration":0.046899999999993724,"failureMessages":[],"meta":{}},{"ancestorTitles":["XValues","AddValue"],"fullName":"XValues AddValue should create XLinkArrayData for linked array property","status":"passed","title":"should create XLinkArrayData for linked array property","duration":0.04250000000001819,"failureMessages":[],"meta":{}},{"ancestorTitles":["XValues","AddValue"],"fullName":"XValues AddValue should call AppendChild with data","status":"passed","title":"should call AppendChild with data","duration":0.09320000000002437,"failureMessages":[],"meta":{}},{"ancestorTitles":["XValues","AddValue"],"fullName":"XValues AddValue should handle linked property without TypeName","status":"passed","title":"should handle linked property without TypeName","duration":0.044399999999996,"failureMessages":[],"meta":{}},{"ancestorTitles":["XValues","AddValue"],"fullName":"XValues AddValue should set ID and Name from property","status":"passed","title":"should set ID and Name from property","duration":0.07920000000001437,"failureMessages":[],"meta":{}}],"startTime":1782869507119,"endTime":1782869507130.0933,"status":"passed","message":"","name":"D:/Tootega/Source/DASE50/TFX/tests/XData.test.ts"},{"assertionResults":[{"ancestorTitles":["XElementRegistry Coverage"],"fullName":"XElementRegistry Coverage should handle registration with base class","status":"passed","title":"should handle registration with base class","duration":2.240599999999972,"failureMessages":[],"meta":{}},{"ancestorTitles":["XElementRegistry Coverage"],"fullName":"XElementRegistry Coverage should register and retrieve properties","status":"passed","title":"should register and retrieve properties","duration":0.9303999999999633,"failureMessages":[],"meta":{}},{"ancestorTitles":["XElementRegistry Coverage"],"fullName":"XElementRegistry Coverage should manage child tags","status":"passed","title":"should manage child tags","duration":0.27930000000003474,"failureMessages":[],"meta":{}},{"ancestorTitles":["XElementRegistry Coverage"],"fullName":"XElementRegistry Coverage should retrieve by ClassID and Constructor","status":"passed","title":"should retrieve by ClassID and Constructor","duration":0.28339999999991505,"failureMessages":[],"meta":{}},{"ancestorTitles":["XElementRegistry Coverage"],"fullName":"XElementRegistry Coverage should handle GetAllTags and HasTag","status":"passed","title":"should handle GetAllTags and HasTag","duration":0.17840000000001055,"failureMessages":[],"meta":{}},{"ancestorTitles":["XElementRegistry Coverage"],"fullName":"XElementRegistry Coverage should handle CreateElement failure","status":"passed","title":"should handle CreateElement failure","duration":0.18620000000009895,"failureMessages":[],"meta":{}},{"ancestorTitles":["XElementRegistry Coverage"],"fullName":"XElementRegistry Coverage should work with decorators","status":"passed","title":"should work with decorators","duration":0.22730000000001382,"failureMessages":[],"meta":{}},{"ancestorTitles":["XSerializationContext Coverage"],"fullName":"XSerializationContext Coverage should handle property and element tracking","status":"passed","title":"should handle property and element tracking","duration":0.45019999999999527,"failureMessages":[],"meta":{}},{"ancestorTitles":["XSerializationContext Coverage"],"fullName":"XSerializationContext Coverage should generate new line based on indent option","status":"passed","title":"should generate new line based on indent option","duration":0.15479999999990923,"failureMessages":[],"meta":{}},{"ancestorTitles":["XTypeConverter Coverage"],"fullName":"XTypeConverter Coverage should clear all state","status":"passed","title":"should clear all state","duration":0.07560000000000855,"failureMessages":[],"meta":{}},{"ancestorTitles":["XTypeConverter Coverage"],"fullName":"XTypeConverter Coverage should resolve references","status":"passed","title":"should resolve references","duration":0.6655999999999267,"failureMessages":[],"meta":{}},{"ancestorTitles":["XTypeConverter Coverage"],"fullName":"XTypeConverter Coverage should handle property and element tracking additional paths","status":"passed","title":"should handle property and element tracking additional paths","duration":0.30359999999996035,"failureMessages":[],"meta":{}},{"ancestorTitles":["XTypeConverter Coverage"],"fullName":"XTypeConverter Coverage should handle default value checking for various types","status":"passed","title":"should handle default value checking for various types","duration":0.3795999999999822,"failureMessages":[],"meta":{}},{"ancestorTitles":["XTypeConverter Coverage"],"fullName":"XTypeConverter Coverage should handle FromString edge cases and invalid formats","status":"passed","title":"should handle FromString edge cases and invalid formats","duration":0.9855000000000018,"failureMessages":[],"meta":{}},{"ancestorTitles":["XTypeConverter Coverage"],"fullName":"XTypeConverter Coverage should handle ToString for various types","status":"passed","title":"should handle ToString for various types","duration":0.29739999999992506,"failureMessages":[],"meta":{}},{"ancestorTitles":["XTypeConverter Coverage"],"fullName":"XTypeConverter Coverage should infer types correctly","status":"passed","title":"should infer types correctly","duration":0.3427000000000362,"failureMessages":[],"meta":{}},{"ancestorTitles":["XmlReader and XmlWriter Coverage"],"fullName":"XmlReader and XmlWriter Coverage should write XData with multiple cultures","status":"passed","title":"should write XData with multiple cultures","duration":0.31920000000002346,"failureMessages":[],"meta":{}},{"ancestorTitles":["XmlReader and XmlWriter Coverage"],"fullName":"XmlReader and XmlWriter Coverage should write XLinkData","status":"passed","title":"should write XLinkData","duration":0.10239999999998872,"failureMessages":[],"meta":{}},{"ancestorTitles":["XmlReader and XmlWriter Coverage"],"fullName":"XmlReader and XmlWriter Coverage should write XLinkedShape","status":"passed","title":"should write XLinkedShape","duration":0.1350999999999658,"failureMessages":[],"meta":{}},{"ancestorTitles":["XmlReader and XmlWriter Coverage"],"fullName":"XmlReader and XmlWriter Coverage should handle Parse errors and empty input","status":"passed","title":"should handle Parse errors and empty input","duration":0.3201000000000249,"failureMessages":[],"meta":{}},{"ancestorTitles":["XmlReader and XmlWriter Coverage"],"fullName":"XmlReader and XmlWriter Coverage should handle unmatched end tags in StrictMode","status":"passed","title":"should handle unmatched end tags in StrictMode","duration":0.07629999999994652,"failureMessages":[],"meta":{}},{"ancestorTitles":["XmlReader and XmlWriter Coverage"],"fullName":"XmlReader and XmlWriter Coverage should handle ReadXLinkedShape","status":"passed","title":"should handle ReadXLinkedShape","duration":0.14850000000001273,"failureMessages":[],"meta":{}},{"ancestorTitles":["XmlReader and XmlWriter Coverage"],"fullName":"XmlReader and XmlWriter Coverage should find nodes by path and tag name","status":"passed","title":"should find nodes by path and tag name","duration":0.22460000000000946,"failureMessages":[],"meta":{}},{"ancestorTitles":["XmlReader and XmlWriter Coverage"],"fullName":"XmlReader and XmlWriter Coverage should skip declaration correctly","status":"passed","title":"should skip declaration correctly","duration":0.0747000000000071,"failureMessages":[],"meta":{}},{"ancestorTitles":["XmlReader and XmlWriter Coverage"],"fullName":"XmlReader and XmlWriter Coverage should handle mixed content and whitespace","status":"passed","title":"should handle mixed content and whitespace","duration":0.06179999999994834,"failureMessages":[],"meta":{}},{"ancestorTitles":["XSerializationEngine remaining lines"],"fullName":"XSerializationEngine remaining lines should handle SerializeToDocument","status":"passed","title":"should handle SerializeToDocument","duration":0.4057000000000244,"failureMessages":[],"meta":{}},{"ancestorTitles":["XSerializationEngine remaining lines"],"fullName":"XSerializationEngine remaining lines should handle errors during serialization","status":"passed","title":"should handle errors during serialization","duration":0.9057000000000244,"failureMessages":[],"meta":{}},{"ancestorTitles":["XSerializationEngine remaining lines"],"fullName":"XSerializationEngine remaining lines should handle errors during deserialization","status":"passed","title":"should handle errors during deserialization","duration":0.2661000000000513,"failureMessages":[],"meta":{}},{"ancestorTitles":["XSerializationEngine remaining lines"],"fullName":"XSerializationEngine remaining lines should validate XML and report errors","status":"passed","title":"should validate XML and report errors","duration":0.22690000000000055,"failureMessages":[],"meta":{}},{"ancestorTitles":["Additional Data Coverage"],"fullName":"Additional Data Coverage XSerializationEngine: Configure, Configuration and Registry","status":"passed","title":"XSerializationEngine: Configure, Configuration and Registry","duration":0.10360000000002856,"failureMessages":[],"meta":{}},{"ancestorTitles":["Additional Data Coverage"],"fullName":"Additional Data Coverage XSerializationEngine: RegisterElement and GetClassID","status":"passed","title":"XSerializationEngine: RegisterElement and GetClassID","duration":0.09029999999995653,"failureMessages":[],"meta":{}},{"ancestorTitles":["Additional Data Coverage"],"fullName":"Additional Data Coverage XSerializationEngine: SerializeDocumentContent lambda and conditions","status":"passed","title":"XSerializationEngine: SerializeDocumentContent lambda and conditions","duration":0.6057000000000698,"failureMessages":[],"meta":{}},{"ancestorTitles":["Additional Data Coverage"],"fullName":"Additional Data Coverage XSerializationEngine: SerializeToDocument with properties (Lines 366-377)","status":"passed","title":"XSerializationEngine: SerializeToDocument with properties (Lines 366-377)","duration":0.2686999999999671,"failureMessages":[],"meta":{}},{"ancestorTitles":["Additional Data Coverage"],"fullName":"Additional Data Coverage XSerializationEngine: SerializeDocumentContent with only AsAttribute properties (Line 367)","status":"passed","title":"XSerializationEngine: SerializeDocumentContent with only AsAttribute properties (Line 367)","duration":0.2579000000000633,"failureMessages":[],"meta":{}},{"ancestorTitles":["Additional Data Coverage"],"fullName":"Additional Data Coverage XSerializationEngine: Factory methods","status":"passed","title":"XSerializationEngine: Factory methods","duration":0.11530000000004748,"failureMessages":[],"meta":{}},{"ancestorTitles":["Additional Data Coverage"],"fullName":"Additional Data Coverage XSerializationEngine: ValidateXml catch block","status":"passed","title":"XSerializationEngine: ValidateXml catch block","duration":0.8228000000000293,"failureMessages":[],"meta":{}},{"ancestorTitles":["Additional Data Coverage"],"fullName":"Additional Data Coverage XSerializationEngine: ValidateNode recursion","status":"passed","title":"XSerializationEngine: ValidateNode recursion","duration":0.24710000000004584,"failureMessages":[],"meta":{}},{"ancestorTitles":["Additional Data Coverage"],"fullName":"Additional Data Coverage XSerializationEngine: InvokeHooksAfterDeserialize","status":"passed","title":"XSerializationEngine: InvokeHooksAfterDeserialize","duration":1.0291999999999462,"failureMessages":[],"meta":{}},{"ancestorTitles":[
[...]
eight on pDefault (line 274 optional chaining)","duration":0.0844000000000733,"failureMessages":[],"meta":{}},{"ancestorTitles":["XTypeConverter Coverage Tests","Rect IsDefault comparison"],"fullName":"XTypeConverter Coverage Tests Rect IsDefault comparison should return false when Width differs","status":"passed","title":"should return false when Width differs","duration":0.0703000000000884,"failureMessages":[],"meta":{}},{"ancestorTitles":["XTypeConverter Coverage Tests","Rect IsDefault comparison"],"fullName":"XTypeConverter Coverage Tests Rect IsDefault comparison should return false when Height differs","status":"passed","title":"should return false when Height differs","duration":0.09019999999998163,"failureMessages":[],"meta":{}},{"ancestorTitles":["XTypeConverter Coverage Tests","Rect IsDefault comparison"],"fullName":"XTypeConverter Coverage Tests Rect IsDefault comparison should handle both null Width (pValue?.Width === pDefault?.Width both undefined)","status":"passed","title":"should handle both null Width (pValue?.Width === pDefault?.Width both undefined)","duration":0.0807999999999538,"failureMessages":[],"meta":{}},{"ancestorTitles":["XTypeConverter Coverage Tests","Rect IsDefault comparison"],"fullName":"XTypeConverter Coverage Tests Rect IsDefault comparison should handle both null Height (pValue?.Height === pDefault?.Height both undefined)","status":"passed","title":"should handle both null Height (pValue?.Height === pDefault?.Height both undefined)","duration":0.12829999999996744,"failureMessages":[],"meta":{}},{"ancestorTitles":["XTypeConverter Coverage Tests","Rect IsDefault comparison"],"fullName":"XTypeConverter Coverage Tests Rect IsDefault comparison should return false when pValue.Width is null but pDefault.Width is defined","status":"passed","title":"should return false when pValue.Width is null but pDefault.Width is defined","duration":0.11400000000003274,"failureMessages":[],"meta":{}},{"ancestorTitles":["XTypeConverter Coverage Tests","Rect IsDefault comparison"],"fullName":"XTypeConverter Coverage Tests Rect IsDefault comparison should return false when pDefault.Height is null but pValue.Height is defined","status":"passed","title":"should return false when pDefault.Height is null but pValue.Height is defined","duration":0.09609999999997854,"failureMessages":[],"meta":{}},{"ancestorTitles":["XTypeConverter Coverage Tests","Rect IsDefault comparison"],"fullName":"XTypeConverter Coverage Tests Rect IsDefault comparison should cover ?? branch when pValue.Width is explicitly undefined","status":"passed","title":"should cover ?? branch when pValue.Width is explicitly undefined","duration":0.12950000000000728,"failureMessages":[],"meta":{}},{"ancestorTitles":["XTypeConverter Coverage Tests","Rect IsDefault comparison"],"fullName":"XTypeConverter Coverage Tests Rect IsDefault comparison should cover ?? branch when pValue.Height is explicitly undefined","status":"passed","title":"should cover ?? branch when pValue.Height is explicitly undefined","duration":0.07779999999991105,"failureMessages":[],"meta":{}},{"ancestorTitles":["XTypeConverter Coverage Tests","Rect IsDefault comparison"],"fullName":"XTypeConverter Coverage Tests Rect IsDefault comparison should cover ?? branch when pDefault.Width is explicitly undefined","status":"passed","title":"should cover ?? branch when pDefault.Width is explicitly undefined","duration":0.12790000000006785,"failureMessages":[],"meta":{}},{"ancestorTitles":["XTypeConverter Coverage Tests","Rect IsDefault comparison"],"fullName":"XTypeConverter Coverage Tests Rect IsDefault comparison should cover ?? branch when pDefault.Height is explicitly undefined","status":"passed","title":"should cover ?? branch when pDefault.Height is explicitly undefined","duration":0.0886000000000422,"failureMessages":[],"meta":{}},{"ancestorTitles":["XTypeConverter Coverage Tests","Rect IsDefault comparison"],"fullName":"XTypeConverter Coverage Tests Rect IsDefault comparison should handle pDefault without X property (uses Left instead) - line 273","status":"passed","title":"should handle pDefault without X property (uses Left instead) - line 273","duration":0.08690000000001419,"failureMessages":[],"meta":{}},{"ancestorTitles":["XTypeConverter Coverage Tests","Rect IsDefault comparison"],"fullName":"XTypeConverter Coverage Tests Rect IsDefault comparison should handle pDefault without Y property (uses Top instead) - line 274","status":"passed","title":"should handle pDefault without Y property (uses Top instead) - line 274","duration":0.12260000000003402,"failureMessages":[],"meta":{}},{"ancestorTitles":["XTypeConverter Coverage Tests","Rect IsDefault comparison"],"fullName":"XTypeConverter Coverage Tests Rect IsDefault comparison should handle pDefault without X and without Left (uses 0) - line 273 null coalescing","status":"passed","title":"should handle pDefault without X and without Left (uses 0) - line 273 null coalescing","duration":0.09400000000005093,"failureMessages":[],"meta":{}},{"ancestorTitles":["XTypeConverter Coverage Tests","Rect IsDefault comparison"],"fullName":"XTypeConverter Coverage Tests Rect IsDefault comparison should handle pDefault without Y and without Top (uses 0) - line 274 null coalescing","status":"passed","title":"should handle pDefault without Y and without Top (uses 0) - line 274 null coalescing","duration":0.08579999999994925,"failureMessages":[],"meta":{}},{"ancestorTitles":["XTypeConverter Coverage Tests","Point[] converter roundtrip"],"fullName":"XTypeConverter Coverage Tests Point[] converter roundtrip should parse Point[] from string and serialize back, validating all values","status":"passed","title":"should parse Point[] from string and serialize back, validating all values","duration":1.9733999999999696,"failureMessages":[],"meta":{}}],"startTime":1782869507222,"endTime":1782869507230.9734,"status":"passed","message":"","name":"D:/Tootega/Source/DASE50/TFX/tests/XTypeConverterCoverage.test.ts"},{"assertionResults":[{"ancestorTitles":["XDesignerErrorSeverity"],"fullName":"XDesignerErrorSeverity should have Warning value as 1","status":"passed","title":"should have Warning value as 1","duration":0.7334999999999923,"failureMessages":[],"meta":{}},{"ancestorTitles":["XDesignerErrorSeverity"],"fullName":"XDesignerErrorSeverity should have Error value as 2","status":"passed","title":"should have Error value as 2","duration":0.12330000000002883,"failureMessages":[],"meta":{}},{"ancestorTitles":["XDesignerErrorSeverity"],"fullName":"XDesignerErrorSeverity should only have two values (no None)","status":"passed","title":"should only have two values (no None)","duration":0.08390000000002829,"failureMessages":[],"meta":{}},{"ancestorTitles":["XConcurrentBag","constructor"],"fullName":"XConcurrentBag constructor should create empty bag","status":"passed","title":"should create empty bag","duration":0.20470000000000255,"failureMessages":[],"meta":{}},{"ancestorTitles":["XConcurrentBag","Add"],"fullName":"XConcurrentBag Add should add single item","status":"passed","title":"should add single item","duration":0.08339999999998327,"failureMessages":[],"meta":{}},{"ancestorTitles":["XConcurrentBag","Add"],"fullName":"XConcurrentBag Add should add multiple items","status":"passed","title":"should add multiple items","duration":0.058400000000006,"failureMessages":[],"meta":{}},{"ancestorTitles":["XConcurrentBag","Add"],"fullName":"XConcurrentBag Add should allow duplicate items","status":"passed","title":"should allow duplicate items","duration":0.07960000000002765,"failureMessages":[],"meta":{}},{"ancestorTitles":["XConcurrentBag","Add"],"fullName":"XConcurrentBag Add should add different types of items","status":"passed","title":"should add different types of items","duration":0.11119999999999663,"failureMessages":[],"meta":{}},{"ancestorTitles":["XConcurrentBag","Count"],"fullName":"XConcurrentBag Count should return 0 for empty bag","status":"passed","title":"should return 0 for empty bag","duration":0.17799999999999727,"failureMessages":[],"meta":{}},{"ancestorTitles":["XConcurrentBag","Count"],"fullName":"XConcurrentBag Count should return correct count after additions","status":"passed","title":"should return correct count after additions","duration":0.11859999999995807,"failureMessages":[],"meta":{}},{"ancestorTitles":["XConcurrentBag","Count"],"fullName":"XConcurrentBag Count should return 0 after clear","status":"passed","title":"should return 0 after clear","duration":0.06440000000003465,"failureMessages":[],"meta":{}},{"ancestorTitles":["XConcurrentBag","ToArray"],"fullName":"XConcurrentBag ToArray should return empty array for empty bag","status":"passed","title":"should return empty array for empty bag","duration":0.3894999999999982,"failureMessages":[],"meta":{}},{"ancestorTitles":["XConcurrentBag","ToArray"],"fullName":"XConcurrentBag ToArray should return array with all items","status":"passed","title":"should return array with all items","duration":0.48040000000003147,"failureMessages":[],"meta":{}},{"ancestorTitles":["XConcurrentBag","ToArray"],"fullName":"XConcurrentBag ToArray should return a copy (not reference to internal array)","status":"passed","title":"should return a copy (not reference to internal array)","duration":0.1308999999999969,"failureMessages":[],"meta":{}},{"ancestorTitles":["XConcurrentBag","ToArray"],"fullName":"XConcurrentBag ToArray should preserve order of insertion","status":"passed","title":"should preserve order of insertion","duration":0.07589999999999009,"failureMessages":[],"meta":{}},{"ancestorTitles":["XConcurrentBag","Clear"],"fullName":"XConcurrentBag Clear should clear all items","status":"passed","title":"should clear all items","duration":0.1260000000000332,"failureMessages":[],"meta":{}},{"ancestorTitles":["XConcurrentBag","Clear"],"fullName":"XConcurrentBag Clear should work on empty bag","status":"passed","title":"should work on empty bag","duration":0.0625,"failureMessages":[],"meta":{}},{"ancestorTitles":["XConcurrentBag","Clear"],"fullName":"XConcurrentBag Clear should allow adding items after clear","status":"passed","title":"should allow adding items after clear","duration":0.13369999999997617,"failureMessages":[],"meta":{}},{"ancestorTitles":["XConcurrentBag","Symbol.iterator"],"fullName":"XConcurrentBag Symbol.iterator should be iterable with for...of","status":"passed","title":"should be iterable with for...of","duration":0.11939999999998463,"failureMessages":[],"meta":{}},{"ancestorTitles":["XConcurrentBag","Symbol.iterator"],"fullName":"XConcurrentBag Symbol.iterator should iterate in insertion order","status":"passed","title":"should iterate in insertion order","duration":0.06790000000000873,"failureMessages":[],"meta":{}},{"ancestorTitles":["XConcurrentBag","Symbol.iterator"],"fullName":"XConcurrentBag Symbol.iterator should work with spread operator","status":"passed","title":"should work with spread operator","duration":0.1238999999999919,"failureMessages":[],"meta":{}},{"ancestorTitles":["XConcurrentBag","Symbol.iterator"],"fullName":"XConcurrentBag Symbol.iterator should work with Array.from","status":"passed","title":"should work with Array.from","duration":0.061399999999991905,"failureMessages":[],"meta":{}},{"ancestorTitles":["XConcurrentBag","Symbol.iterator"],"fullName":"XConcurrentBag Symbol.iterator should iterate empty bag without error","status":"passed","title":"should iterate empty bag without error","duration":0.05860000000001264,"failureMessages":[],"meta":{}},{"ancestorTitles":["XValidator","Validate with null document"],"fullName":"XValidator Validate with null document should return error when document is null","status":"passed","title":"should return error when document is null","duration":0.186300000000017,"failureMessages":[],"meta":{}},{"ancestorTitles":["XValidator","Validate with null design"],"fullName":"XValidator Validate with null design should return error when design is null","status":"passed","title":"should return error when design is null","duration":0.17579999999998108,"failureMessages":[],"meta":{}},{"ancestorTitles":["XValidator","Validate with valid document"],"fullName":"XValidator Validate with valid document should return empty array when document is valid","status":"passed","title":"should return empty array when document is valid","duration":0.08370000000002165,"failureMessages":[],"meta":{}},{"ancestorTitles":["XValidator","ValidateDocument custom logic"],"fullName":"XValidator ValidateDocument custom logic should call ValidateDocument and add errors","status":"passed","title":"should call ValidateDocument and add errors","duration":0.2792999999999779,"failureMessages":[],"meta":{}},{"ancestorTitles":["XValidator","ValidateDesign custom logic"],"fullName":"XValidator ValidateDesign custom logic should call ValidateDesign and add warnings","status":"passed","title":"should call ValidateDesign and add warnings","duration":0.11489999999997735,"failureMessages":[],"meta":{}},{"ancestorTitles":["XValidator","ValidateElements custom logic"],"fullName":"XValidator ValidateElements custom logic should call ValidateElements and add errors for elements","status":"passed","title":"should call ValidateElements and add errors for elements","duration":0.12029999999998608,"failureMessages":[],"meta":{}},{"ancestorTitles":["XValidator","AddError method"],"fullName":"XValidator AddError method should add error without property","status":"passed","title":"should add error without property","duration":0.20949999999999136,"failureMessages":[],"meta":{}},{"ancestorTitles":["XValidator","AddError method"],"fullName":"XValidator AddError method should add error with property","status":"passed","title":"should add error with property","duration":0.1098999999999819,"failureMessages":[],"meta":{}},{"ancestorTitles":["XValidator","AddWarning method"],"fullName":"XValidator AddWarning method should add warning without property","status":"passed","title":"should add warning without property","duration":0.18360000000001264,"failureMessages":[],"meta":{}},{"ancestorTitles":["XValidator","AddWarning method"],"fullName":"XValidator AddWarning method should add warning with property","status":"passed","title":"should add warning with property","duration":0.10710000000000264,"failureMessages":[],"meta":{}},{"ancestorTitles":["XValidator","AddIssue method"],"fullName":"XValidator AddIssue method should add issue with error severity","status":"passed","title":"should add issue with error severity","duration":0.13999999999998636,"failureMessages":[],"meta":{}},{"ancestorTitles":["XValidator","AddIssue method"],"fullName":"XValidator AddIssue method should add issue with warning severity and property","status":"passed","title":"should add issue with warning severity and property","duration":0.1169999999999618,"failureMessages":[],"meta":{}},{"ancestorTitles":["XValidator","Multiple validations"],"fullName":"XValidator Multiple validations should clear errors between validations","status":"passed","title":"should clear errors between validations","duration":0.11740000000003192,"failureMessages":[],"meta":{}},{"ancestorTitles":["XValidator","Multiple validations"],"fullName":"XValidator Multiple validations should accumulate multiple errors in single validation","status":"passed","title":"should accumulate multiple errors in single validation","duration":0.047600000000045384,"failureMessages":[],"meta":{}},{"ancestorTitles":["XDataValidateError","constructor"],"fullName":"XDataValidateError constructor should create error with element, severity and message","status":"passed","title":"should create error with element, severity and message","duration":1.5065000000000168,"failureMessages":[],"meta":{}},{"ancestorTitles":["XDataValidateError","constructor"],"fullName":"XDataValidateError constructor should create error with Warning severity","status":"passed","title":"should create error with Warning severity","duration":0.08010000000001583,"failureMessages":[],"meta":{}},{"ancestorTitles":["XDataValidateError","constructor"],"fullName":"XDataValidateError constructor should create error with optional property","status":"passed","title":"should create error with optional property","duration":0.0625,"failureMessages":[],"meta":{}},{"ancestorTitles":["XDataValidateError","constructor"],"fullName":"XDataValidateError constructor should handle empty message","status":"passed","title":"should handle empty message","duration":0.038000000000010914,"failureMessages":[],"meta":{}},{"ancestorTitles":["XDataValidateError","constructor"],"fullName":"XDataValidateError constructor should handle long message","status":"passed","title":"should handle long message","duration":0.039700000000038926,"failureMessages":[],"meta":{}},{"ancestorTitles":["XDataValidateError","constructor"],"fullName":"XDataValidateError constructor should preserve element properties","status":"passed","title":"should preserve element properties","duration":0.07290000000000418,"failureMessages":[],"meta":{}},{"ancestorTitles":["XDataValidateError","Required static method"],"fullName":"XDataValidateError Required static method should create required field error","status":"passed","title":"should create required field error","duration":0.18279999999998608,"failureMessages":[],"meta":{}},{"ancestorTitles":["XDataValidateError","Required static method"],"fullName":"XDataValidateError Required static method should include property name in message","status":"passed","title":"should include property name in message","duration":0.07399999999995543,"failureMessages":[],"meta":{}},{"ancestorTitles":["XDataValidateError","Required static method"],"fullName":"XDataValidateError Required static method should create unique errors for different properties","status":"passed","title":"should create unique errors for different properties","duration":0.14210000000002765,"failureMessages":[],"meta":{}},{"ancestorTitles":["XDataValidateError","Required static method"],"fullName":"XDataValidateError Required static method should set element on error","status":"passed","title":"should set element on error","duration":0.04609999999996717,"failureMessages":[],"meta":{}},{"ancestorTitles":["XDataValidateError","Required static method"],"fullName":"XDataValidateError Required static method should set property on error","status":"passed","title":"should set property on error","duration":0.0373000000000161,"failureMessages":[],"meta":{}},{"ancestorTitles":["XDataValidateError","Required static method"],"fullName":"XDataValidateError Required static method should handle property name with special characters","status":"passed","title":"should handle property name with special characters","duration":0.03589999999996962,"failureMessages":[],"meta":{}},{"ancestorTitles":["XDataValidateError","readonly properties"],"fullName":"XDataValidateError readonly properties should have readonly Element","status":"passed","title":"should have readonly Element","duration":0.03570000000001983,"failureMessages":[],"meta":{}},{"ancestorTitles":["XDataValidateError","readonly properties"],"fullName":"XDataValidateError readonly properties should have readonly Message","status":"passed","title":"should have readonly Message","duration":0.03500000000002501,"failureMessages":[],"meta":{}},{"ancestorTitles":["XDataValidateError","readonly properties"],"fullName":"XDataValidateError readonly properties should have readonly Severity","status":"passed","title":"should have readonly Severity","duration":0.033999999999991815,"failureMessages":[],"meta":{}},{"ancestorTitles":["XDataValidateError","readonly properties"],"fullName":"XDataValidateError readonly properties should have optional readonly Property","status":"passed","title":"should have optional readonly Property","duration":0.05170000000003938,"failureMessages":[],"meta":{}}],"startTime":1782869507119,"endTime":1782869507128.1829,"status":"passed","message":"","name":"D:/Tootega/Source/DASE50/TFX/tests/XValidation.test.ts"}]}